#
# There is insufficient memory for the Java Runtime Environment to continue.
# Native memory allocation (mmap) failed to map 23461888 bytes for committing reserved memory.
# Possible reasons:
#   The system is out of physical RAM or swap space
#   The process is running with CompressedOops enabled, and the Java Heap may be blocking the growth of the native heap
# Possible solutions:
#   Reduce memory load on the system
#   Increase physical memory or swap space
#   Check if swap backing store is full
#   Decrease Java heap size (-Xmx/-Xms)
#   Decrease number of Java threads
#   Decrease Java thread stack sizes (-Xss)
#   Set larger code cache with -XX:ReservedCodeCacheSize=
#   JVM is running with Unscaled Compressed Oops mode in which the Java heap is
#     placed in the first 4GB address space. The Java Heap base address is the
#     maximum limit for the native heap growth. Please use -XX:HeapBaseMinAddress
#     to set the Java Heap base and to place the Java Heap above 4GB virtual address.
# This output file may be truncated or incomplete.
#
#  Out of Memory Error (os_linux.cpp:2792), pid=4609, tid=0x00007f68e3ff6700
#
# JRE version: OpenJDK Runtime Environment (8.0_265-b01) (build 1.8.0_265-8u265-b01-0ubuntu2~16.04-b01)
# Java VM: OpenJDK 64-Bit Server VM (25.265-b01 mixed mode linux-amd64 compressed oops)
# Failed to write core dump. Core dumps have been disabled. To enable core dumping, try "ulimit -c unlimited" before starting Java again
#

---------------  T H R E A D  ---------------

Current thread (0x00007f68f4075800):  VMThread [stack: 0x00007f68e3ef6000,0x00007f68e3ff7000] [id=4623]

Stack: [0x00007f68e3ef6000,0x00007f68e3ff7000],  sp=0x00007f68e3ff5450,  free space=1021k
Native frames: (J=compiled Java code, j=interpreted, Vv=VM code, C=native code)
V  [libjvm.so+0xa7866b]
V  [libjvm.so+0x4ccadc]
V  [libjvm.so+0x8c2178]
V  [libjvm.so+0x8b962e]
V  [libjvm.so+0xa74e24]
V  [libjvm.so+0x5cf02d]
V  [libjvm.so+0x5cfbdd]
V  [libjvm.so+0x5bc638]
V  [libjvm.so+0x45308f]
V  [libjvm.so+0xa79781]
V  [libjvm.so+0xa7eca7]
V  [libjvm.so+0xa7cc73]
V  [libjvm.so+0xa7d745]
V  [libjvm.so+0xa7dd12]
V  [libjvm.so+0x8bf342]

VM_Operation (0x00007f68bebd29f0): GenCollectForAllocation, mode: safepoint, requested by thread 0x00007f68d402c000


---------------  P R O C E S S  ---------------

Java Threads: ( => current thread )
  0x00007f68c4dd7000 JavaThread "block-manager-ask-thread-pool-33" daemon [_thread_blocked, id=5799, stack(0x00007f68bd4ca000,0x00007f68bd5cb000)]
  0x00007f68dc1ad800 JavaThread "block-manager-ask-thread-pool-32" daemon [_thread_blocked, id=5798, stack(0x00007f68bd5cb000,0x00007f68bd6cc000)]
  0x00007f68c4dd6800 JavaThread "block-manager-ask-thread-pool-31" daemon [_thread_blocked, id=5797, stack(0x00007f68bd6cc000,0x00007f68bd7cd000)]
  0x00007f68cc00e000 JavaThread "block-manager-ask-thread-pool-30" daemon [_thread_blocked, id=5796, stack(0x00007f68bd7cd000,0x00007f68bd8ce000)]
  0x00007f68c4689800 JavaThread "block-manager-ask-thread-pool-29" daemon [_thread_blocked, id=5795, stack(0x00007f68be0ce000,0x00007f68be1cf000)]
  0x00007f68d4047000 JavaThread "Executor task launch worker for task 1191" daemon [_thread_blocked, id=5794, stack(0x00007f68c02da000,0x00007f68c03db000)]
  0x00007f68cc00d000 JavaThread "block-manager-slave-async-thread-pool-92" daemon [_thread_blocked, id=5793, stack(0x00007f68be7d1000,0x00007f68be8d2000)]
  0x00007f68d8006000 JavaThread "block-manager-slave-async-thread-pool-91" daemon [_thread_blocked, id=5792, stack(0x00007f68c04dc000,0x00007f68c05dd000)]
  0x00007f68cc00c800 JavaThread "block-manager-slave-async-thread-pool-90" daemon [_thread_blocked, id=5791, stack(0x00007f68bebd5000,0x00007f68becd6000)]
  0x00007f68d4051800 JavaThread "Executor task launch worker for task 1154" daemon [_thread_blocked, id=5790, stack(0x00007f68be5cf000,0x00007f68be6d0000)]
  0x00007f68d8005000 JavaThread "block-manager-slave-async-thread-pool-89" daemon [_thread_blocked, id=5789, stack(0x00007f68c03db000,0x00007f68c04dc000)]
  0x00007f68d4049000 JavaThread "Executor task launch worker for task 1375" daemon [_thread_blocked, id=5788, stack(0x00007f68c05dd000,0x00007f68c06de000)]
  0x00007f68d1f55800 JavaThread "block-manager-slave-async-thread-pool-88" daemon [_thread_blocked, id=5787, stack(0x00007f68becd6000,0x00007f68bedd7000)]
  0x00007f68d1262000 JavaThread "block-manager-slave-async-thread-pool-87" daemon [_thread_blocked, id=5785, stack(0x00007f68be8d2000,0x00007f68be9d3000)]
  0x00007f68d247b000 JavaThread "block-manager-slave-async-thread-pool-86" daemon [_thread_blocked, id=5784, stack(0x00007f68c0ae0000,0x00007f68c0be1000)]
  0x00007f68dc1ab000 JavaThread "block-manager-slave-async-thread-pool-85" daemon [_thread_blocked, id=5783, stack(0x00007f68be6d0000,0x00007f68be7d1000)]
  0x00007f68d404b000 JavaThread "block-manager-ask-thread-pool-28" daemon [_thread_blocked, id=5782, stack(0x00007f68be9d3000,0x00007f68bead4000)]
  0x00007f68d402c000 JavaThread "Executor task launch worker for task 1376" daemon [_thread_blocked, id=5780, stack(0x00007f68bead4000,0x00007f68bebd5000)]
  0x00007f68c48f0800 JavaThread "Thread-18" [_thread_in_native, id=4678, stack(0x00007f68bedd7000,0x00007f68beed8000)]
  0x00007f68d4032000 JavaThread "task-result-getter-3" daemon [_thread_blocked, id=4677, stack(0x00007f68bfed8000,0x00007f68bffd9000)]
  0x00007f68dc138800 JavaThread "task-result-getter-2" daemon [_thread_blocked, id=4676, stack(0x00007f68c01d9000,0x00007f68c02da000)]
  0x00007f68d402a800 JavaThread "task-result-getter-1" daemon [_thread_blocked, id=4671, stack(0x00007f68c06de000,0x00007f68c07df000)]
  0x00007f68d4027000 JavaThread "task-result-getter-0" daemon [_thread_blocked, id=4670, stack(0x00007f68c07df000,0x00007f68c08e0000)]
  0x00007f68d0a38800 JavaThread "org.apache.hadoop.fs.FileSystem$Statistics$StatisticsDataReferenceCleaner" daemon [_thread_blocked, id=4668, stack(0x00007f68c25ee000,0x00007f68c26ef000)]
  0x00007f68d1e4b800 JavaThread "SparkListenerBus" daemon [_thread_blocked, id=4666, stack(0x00007f68c2aef000,0x00007f68c2bf0000)]
  0x00007f68d1e47800 JavaThread "context-cleaner-periodic-gc" daemon [_thread_blocked, id=4665, stack(0x00007f68c2bf0000,0x00007f68c2cf1000)]
  0x00007f68d1e45800 JavaThread "Spark Context Cleaner" daemon [_thread_blocked, id=4664, stack(0x00007f68c2cf1000,0x00007f68c2df2000)]
  0x00007f68d06ef800 JavaThread "shuffle-server-5-1" daemon [_thread_in_native, id=4663, stack(0x00007f68c2ff2000,0x00007f68c30f3000)]
  0x00007f68d067e800 JavaThread "driver-heartbeater" daemon [_thread_blocked, id=4662, stack(0x00007f68c30f3000,0x00007f68c31f4000)]
  0x00007f68d08fe800 JavaThread "dag-scheduler-event-loop" daemon [_thread_blocked, id=4661, stack(0x00007f68c31f4000,0x00007f68c32f5000)]
  0x0000563c6d060800 JavaThread "netty-rpc-env-timeout" daemon [_thread_blocked, id=4660, stack(0x00007f68c32f5000,0x00007f68c33f6000)]
  0x00007f68d0bbd800 JavaThread "Timer-0" daemon [_thread_blocked, id=4659, stack(0x00007f68c33f6000,0x00007f68c34f7000)]
  0x00007f68dc082000 JavaThread "heartbeat-receiver-event-loop-thread" daemon [_thread_blocked, id=4658, stack(0x00007f68c34f7000,0x00007f68c35f8000)]
  0x00007f68d08e4800 JavaThread "SparkUI-37" daemon [_thread_blocked, id=4657, stack(0x00007f68c35f8000,0x00007f68c36f9000)]
  0x00007f68d08db000 JavaThread "SparkUI-36" daemon [_thread_blocked, id=4656, stack(0x00007f68c36f9000,0x00007f68c37fa000)]
  0x00007f68d0657800 JavaThread "SparkUI-35" daemon [_thread_blocked, id=4655, stack(0x00007f68c37fa000,0x00007f68c38fb000)]
  0x00007f68d0655800 JavaThread "SparkUI-34" daemon [_thread_blocked, id=4654, stack(0x00007f68c38fb000,0x00007f68c39fc000)]
  0x00007f68d0654000 JavaThread "SparkUI-33" daemon [_thread_blocked, id=4653, stack(0x00007f68c39fc000,0x00007f68c3afd000)]
  0x00007f68d08b0800 JavaThread "SparkUI-32" daemon [_thread_blocked, id=4652, stack(0x00007f68c3afd000,0x00007f68c3bfe000)]
  0x00007f68d08af000 JavaThread "SparkUI-31-acceptor-0@448bde8d-Spark@4a4c386c{HTTP/1.1}{0.0.0.0:4040}" daemon [_thread_in_native, id=4651, stack(0x00007f68c3bfe000,0x00007f68c3cff000)]
  0x00007f68d08ae000 JavaThread "SparkUI-30-selector-ServerConnectorManager@f2ec541/0" daemon [_thread_in_native, id=4650, stack(0x00007f68c3cff000,0x00007f68c3e00000)]
  0x00007f68d0567000 JavaThread "refresh progress" daemon [_thread_blocked, id=4648, stack(0x00007f68e00a0000,0x00007f68e01a1000)]
  0x00007f68d07ca000 JavaThread "map-output-dispatcher-7" daemon [_thread_blocked, id=4647, stack(0x00007f68e03a1000,0x00007f68e04a2000)]
  0x00007f68d07c8000 JavaThread "map-output-dispatcher-6" daemon [_thread_blocked, id=4646, stack(0x00007f68e04a2000,0x00007f68e05a3000)]
  0x00007f68d0606000 JavaThread "map-output-dispatcher-5" daemon [_thread_blocked, id=4645, stack(0x00007f68e05a3000,0x00007f68e06a4000)]
  0x00007f68d0604000 JavaThread "map-output-dispatcher-4" daemon [_thread_blocked, id=4644, stack(0x00007f68e06a4000,0x00007f68e07a5000)]
  0x00007f68d0602800 JavaThread "map-output-dispatcher-3" daemon [_thread_blocked, id=4643, stack(0x00007f68e07a5000,0x00007f68e08a6000)]
  0x00007f68d0600800 JavaThread "map-output-dispatcher-2" daemon [_thread_blocked, id=4642, stack(0x00007f68e08a6000,0x00007f68e09a7000)]
  0x00007f68d0636800 JavaThread "map-output-dispatcher-1" daemon [_thread_blocked, id=4641, stack(0x00007f68e09a7000,0x00007f68e0aa8000)]
  0x00007f68d05dd000 JavaThread "map-output-dispatcher-0" daemon [_thread_blocked, id=4640, stack(0x00007f68e0aa8000,0x00007f68e0ba9000)]
  0x00007f68d0543800 JavaThread "rpc-server-3-1" daemon [_thread_in_native, id=4639, stack(0x00007f68e0ba9000,0x00007f68e0caa000)]
  0x00007f68d0418000 JavaThread "dispatcher-event-loop-1" daemon [_thread_blocked, id=4638, stack(0x00007f68e0ebd000,0x00007f68e0fbe000)]
  0x00007f68d0417800 JavaThread "dispatcher-event-loop-0" daemon [_thread_blocked, id=4637, stack(0x00007f68e17ea000,0x00007f68e18eb000)]
  0x00007f68c4363800 JavaThread "Thread-2" [_thread_blocked, id=4633, stack(0x00007f68e1f2e000,0x00007f68e202f000)]
  0x00007f68f4dac000 JavaThread "Thread-1" [_thread_in_native, id=4632, stack(0x00007f68e202f000,0x00007f68e2130000)]
  0x00007f68f4d9f000 JavaThread "pool-1-thread-1" [_thread_blocked, id=4631, stack(0x00007f68e2130000,0x00007f68e2231000)]
  0x00007f68f40bb000 JavaThread "Service Thread" daemon [_thread_blocked, id=4629, stack(0x00007f68e3758000,0x00007f68e3859000)]
  0x00007f68f40b8000 JavaThread "C1 CompilerThread1" daemon [_thread_blocked, id=4628, stack(0x00007f68e3859000,0x00007f68e395a000)]
  0x00007f68f40b5800 JavaThread "C2 CompilerThread0" daemon [_thread_blocked, id=4627, stack(0x00007f68e395a000,0x00007f68e3a5b000)]
  0x00007f68f40b4000 JavaThread "Signal Dispatcher" daemon [_thread_blocked, id=4626, stack(0x00007f68e3a5b000,0x00007f68e3b5c000)]
  0x00007f68f4084000 JavaThread "Finalizer" daemon [_thread_blocked, id=4625, stack(0x00007f68e3cf4000,0x00007f68e3df5000)]
  0x00007f68f407f800 JavaThread "Reference Handler" daemon [_thread_blocked, id=4624, stack(0x00007f68e3df5000,0x00007f68e3ef6000)]
  0x00007f68f4011800 JavaThread "main" [_thread_in_native, id=4622, stack(0x00007f68fb71c000,0x00007f68fb81d000)]

Other Threads:
=>0x00007f68f4075800 VMThread [stack: 0x00007f68e3ef6000,0x00007f68e3ff7000] [id=4623]
  0x00007f68f40be000 WatcherThread [stack: 0x00007f68e3657000,0x00007f68e3758000] [id=4630]

VM state:at safepoint (normal execution)

VM Mutex/Monitor currently owned by a thread:  ([mutex/lock_event])
[0x00007f68f400df10] Threads_lock - owner thread: 0x00007f68f4075800
[0x00007f68f400e410] Heap_lock - owner thread: 0x00007f68d402c000

heap address: 0x00000000c0000000, size: 1024 MB, Compressed Oops mode: 32-bit
Narrow klass base: 0x0000000000000000, Narrow klass shift: 3
Compressed class space size: 1073741824 Address: 0x0000000100000000

Heap:
 def new generation   total 121280K, used 0K [0x00000000c0000000, 0x00000000c8390000, 0x00000000d5550000)
  eden space 107840K,   0% used [0x00000000c0000000, 0x00000000c0000000, 0x00000000c6950000)
  from space 13440K,   0% used [0x00000000c6950000, 0x00000000c6950000, 0x00000000c7670000)
  to   space 13440K,   0% used [0x00000000c7670000, 0x00000000c7670000, 0x00000000c8390000)
 tenured generation   total 292604K, used 189308K [0x00000000d5550000, 0x00000000e730f000, 0x0000000100000000)
   the space 292604K,  64% used [0x00000000d5550000, 0x00000000e0e2f328, 0x00000000e0e2f400, 0x00000000e730f000)
 Metaspace       used 94214K, capacity 96421K, committed 96896K, reserved 1134592K
  class space    used 12185K, capacity 12506K, committed 12672K, reserved 1048576K

Card table byte_map: [0x00007f68e4a3f000,0x00007f68e4c40000] byte_map_base: 0x00007f68e443f000

Polling page: 0x00007f68fb828000

CodeCache: size=245760Kb used=55734Kb max_used=56155Kb free=190025Kb
 bounds [0x00007f68e5000000, 0x00007f68e8750000, 0x00007f68f4000000]
 total_blobs=15986 nmethods=15300 adapters=597
 compilation: enabled

Compilation events (10 events):
Event: 29834.051 Thread 0x00007f68f40b8000 21187       3       org.apache.spark.scheduler.TaskSetManager$$anonfun$13::apply (80 bytes)
Event: 29834.056 Thread 0x00007f68f40b8000 nmethod 21187 0x00007f68e635e610 code [0x00007f68e635e820, 0x00007f68e635f5d8]
Event: 29834.057 Thread 0x00007f68f40b8000 21188       3       org.apache.spark.scheduler.TaskSetManager::org$apache$spark$scheduler$TaskSetManager$$tasksNeedToBeScheduledFrom$1 (55 bytes)
Event: 29834.058 Thread 0x00007f68f40b8000 nmethod 21188 0x00007f68e7202210 code [0x00007f68e7202420, 0x00007f68e7203040]
Event: 29835.319 Thread 0x00007f68f40b5800 21189       4       scala.collection.generic.GenTraversableFactory$$anon$1::apply (8 bytes)
Event: 29835.327 Thread 0x00007f68f40b5800 nmethod 21189 0x00007f68e700a590 code [0x00007f68e700a700, 0x00007f68e700a978]
Event: 29835.670 Thread 0x00007f68f40b5800 21190       4       scala.collection.IterableLike$$anonfun$sliding$1::apply (9 bytes)
Event: 29835.697 Thread 0x00007f68f40b5800 nmethod 21190 0x00007f68e619fb50 code [0x00007f68e619fdc0, 0x00007f68e61a05b0]
Event: 29835.697 Thread 0x00007f68f40b5800 21191       4       java.io.ObjectOutputStream::writeClass (37 bytes)
Event: 29835.711 Thread 0x00007f68f40b5800 nmethod 21191 0x00007f68e619eb50 code [0x00007f68e619ed20, 0x00007f68e619f4a0]

GC Heap History (10 events):
Event: 29835.219 GC heap after
Heap after GC invocations=7164 (full 36):
 def new generation   total 121280K, used 6426K [0x00000000c0000000, 0x00000000c8390000, 0x00000000d5550000)
  eden space 107840K,   0% used [0x00000000c0000000, 0x00000000c0000000, 0x00000000c6950000)
  from space 13440K,  47% used [0x00000000c7670000, 0x00000000c7cb6888, 0x00000000c8390000)
  to   space 13440K,   0% used [0x00000000c6950000, 0x00000000c6950000, 0x00000000c7670000)
 tenured generation   total 269372K, used 231490K [0x00000000d5550000, 0x00000000e5c5f000, 0x0000000100000000)
   the space 269372K,  85% used [0x00000000d5550000, 0x00000000e3760ae0, 0x00000000e3760c00, 0x00000000e5c5f000)
 Metaspace       used 94210K, capacity 96415K, committed 96896K, reserved 1134592K
  class space    used 12184K, capacity 12505K, committed 12672K, reserved 1048576K
}
Event: 29835.346 GC heap before
{Heap before GC invocations=7164 (full 36):
 def new generation   total 121280K, used 114266K [0x00000000c0000000, 0x00000000c8390000, 0x00000000d5550000)
  eden space 107840K, 100% used [0x00000000c0000000, 0x00000000c6950000, 0x00000000c6950000)
  from space 13440K,  47% used [0x00000000c7670000, 0x00000000c7cb6888, 0x00000000c8390000)
  to   space 13440K,   0% used [0x00000000c6950000, 0x00000000c6950000, 0x00000000c7670000)
 tenured generation   total 269372K, used 231490K [0x00000000d5550000, 0x00000000e5c5f000, 0x0000000100000000)
   the space 269372K,  85% used [0x00000000d5550000, 0x00000000e3760ae0, 0x00000000e3760c00, 0x00000000e5c5f000)
 Metaspace       used 94210K, capacity 96415K, committed 96896K, reserved 1134592K
  class space    used 12184K, capacity 12505K, committed 12672K, reserved 1048576K
Event: 29835.354 GC heap after
Heap after GC invocations=7165 (full 36):
 def new generation   total 121280K, used 6596K [0x00000000c0000000, 0x00000000c8390000, 0x00000000d5550000)
  eden space 107840K,   0% used [0x00000000c0000000, 0x00000000c0000000, 0x00000000c6950000)
  from space 13440K,  49% used [0x00000000c6950000, 0x00000000c6fc10a0, 0x00000000c7670000)
  to   space 13440K,   0% used [0x00000000c7670000, 0x00000000c7670000, 0x00000000c8390000)
 tenured generation   total 269372K, used 231490K [0x00000000d5550000, 0x00000000e5c5f000, 0x0000000100000000)
   the space 269372K,  85% used [0x00000000d5550000, 0x00000000e3760ae0, 0x00000000e3760c00, 0x00000000e5c5f000)
 Metaspace       used 94210K, capacity 96415K, committed 96896K, reserved 1134592K
  class space    used 12184K, capacity 12505K, committed 12672K, reserved 1048576K
}
Event: 29835.402 GC heap before
{Heap before GC invocations=7165 (full 36):
 def new generation   total 121280K, used 114436K [0x00000000c0000000, 0x00000000c8390000, 0x00000000d5550000)
  eden space 107840K, 100% used [0x00000000c0000000, 0x00000000c6950000, 0x00000000c6950000)
  from space 13440K,  49% used [0x00000000c6950000, 0x00000000c6fc10a0, 0x00000000c7670000)
  to   space 13440K,   0% used [0x00000000c7670000, 0x00000000c7670000, 0x00000000c8390000)
 tenured generation   total 269372K, used 231490K [0x00000000d5550000, 0x00000000e5c5f000, 0x0000000100000000)
   the space 269372K,  85% used [0x00000000d5550000, 0x00000000e3760ae0, 0x00000000e3760c00, 0x00000000e5c5f000)
 Metaspace       used 94210K, capacity 96415K, committed 96896K, reserved 1134592K
  class space    used 12184K, capacity 12505K, committed 12672K, reserved 1048576K
Event: 29835.409 GC heap after
Heap after GC invocations=7166 (full 36):
 def new generation   total 121280K, used 6751K [0x00000000c0000000, 0x00000000c8390000, 0x00000000d5550000)
  eden space 107840K,   0% used [0x00000000c0000000, 0x00000000c0000000, 0x00000000c6950000)
  from space 13440K,  50% used [0x00000000c7670000, 0x00000000c7d07cb0, 0x00000000c8390000)
  to   space 13440K,   0% used [0x00000000c6950000, 0x00000000c6950000, 0x00000000c7670000)
 tenured generation   total 269372K, used 231490K [0x00000000d5550000, 0x00000000e5c5f000, 0x0000000100000000)
   the space 269372K,  85% used [0x00000000d5550000, 0x00000000e3760ae0, 0x00000000e3760c00, 0x00000000e5c5f000)
 Metaspace       used 94210K, capacity 96415K, committed 96896K, reserved 1134592K
  class space    used 12184K, capacity 12505K, committed 12672K, reserved 1048576K
}
Event: 29835.728 GC heap before
{Heap before GC invocations=7166 (full 36):
 def new generation   total 121280K, used 114208K [0x00000000c0000000, 0x00000000c8390000, 0x00000000d5550000)
  eden space 107840K,  99% used [0x00000000c0000000, 0x00000000c68f0588, 0x00000000c6950000)
  from space 13440K,  50% used [0x00000000c7670000, 0x00000000c7d07cb0, 0x00000000c8390000)
  to   space 13440K,   0% used [0x00000000c6950000, 0x00000000c6950000, 0x00000000c7670000)
 tenured generation   total 269372K, used 231490K [0x00000000d5550000, 0x00000000e5c5f000, 0x0000000100000000)
   the space 269372K,  85% used [0x00000000d5550000, 0x00000000e3760ae0, 0x00000000e3760c00, 0x00000000e5c5f000)
 Metaspace       used 94214K, capacity 96421K, committed 96896K, reserved 1134592K
  class space    used 12185K, capacity 12506K, committed 12672K, reserved 1048576K
Event: 29835.744 GC heap after
Heap after GC invocations=7167 (full 36):
 def new generation   total 121280K, used 7272K [0x00000000c0000000, 0x00000000c8390000, 0x00000000d5550000)
  eden space 107840K,   0% used [0x00000000c0000000, 0x00000000c0000000, 0x00000000c6950000)
  from space 13440K,  54% used [0x00000000c6950000, 0x00000000c706a308, 0x00000000c7670000)
  to   space 13440K,   0% used [0x00000000c7670000, 0x00000000c7670000, 0x00000000c8390000)
 tenured generation   total 269372K, used 231791K [0x00000000d5550000, 0x00000000e5c5f000, 0x0000000100000000)
   the space 269372K,  86% used [0x00000000d5550000, 0x00000000e37abed8, 0x00000000e37ac000, 0x00000000e5c5f000)
 Metaspace       used 94214K, capacity 96421K, committed 96896K, reserved 1134592K
  class space    used 12185K, capacity 12506K, committed 12672K, reserved 1048576K
}
Event: 29835.997 GC heap before
{Heap before GC invocations=7167 (full 36):
 def new generation   total 121280K, used 115112K [0x00000000c0000000, 0x00000000c8390000, 0x00000000d5550000)
  eden space 107840K, 100% used [0x00000000c0000000, 0x00000000c6950000, 0x00000000c6950000)
  from space 13440K,  54% used [0x00000000c6950000, 0x00000000c706a308, 0x00000000c7670000)
  to   space 13440K,   0% used [0x00000000c7670000, 0x00000000c7670000, 0x00000000c8390000)
 tenured generation   total 269372K, used 231791K [0x00000000d5550000, 0x00000000e5c5f000, 0x0000000100000000)
   the space 269372K,  86% used [0x00000000d5550000, 0x00000000e37abed8, 0x00000000e37ac000, 0x00000000e5c5f000)
 Metaspace       used 94214K, capacity 96421K, committed 96896K, reserved 1134592K
  class space    used 12185K, capacity 12506K, committed 12672K, reserved 1048576K
Event: 29836.047 GC heap after
Heap after GC invocations=7168 (full 36):
 def new generation   total 121280K, used 13439K [0x00000000c0000000, 0x00000000c8390000, 0x00000000d5550000)
  eden space 107840K,   0% used [0x00000000c0000000, 0x00000000c0000000, 0x00000000c6950000)
  from space 13440K,  99% used [0x00000000c7670000, 0x00000000c838fff8, 0x00000000c8390000)
  to   space 13440K,   0% used [0x00000000c6950000, 0x00000000c6950000, 0x00000000c7670000)
 tenured generation   total 269372K, used 268569K [0x00000000d5550000, 0x00000000e5c5f000, 0x0000000100000000)
   the space 269372K,  99% used [0x00000000d5550000, 0x00000000e5b96430, 0x00000000e5b96600, 0x00000000e5c5f000)
 Metaspace       used 94214K, capacity 96421K, committed 96896K, reserved 1134592K
  class space    used 12185K, capacity 12506K, committed 12672K, reserved 1048576K
}
Event: 29836.462 GC heap before
{Heap before GC invocations=7168 (full 36):
 def new generation   total 121280K, used 121279K [0x00000000c0000000, 0x00000000c8390000, 0x00000000d5550000)
  eden space 107840K, 100% used [0x00000000c0000000, 0x00000000c6950000, 0x00000000c6950000)
  from space 13440K,  99% used [0x00000000c7670000, 0x00000000c838fff8, 0x00000000c8390000)
  to   space 13440K,   0% used [0x00000000c6950000, 0x00000000c6950000, 0x00000000c7670000)
 tenured generation   total 269372K, used 268569K [0x00000000d5550000, 0x00000000e5c5f000, 0x0000000100000000)
   the space 269372K,  99% used [0x00000000d5550000, 0x00000000e5b96430, 0x00000000e5b96600, 0x00000000e5c5f000)
 Metaspace       used 94214K, capacity 96421K, committed 96896K, reserved 1134592K
  class space    used 12185K, capacity 12506K, committed 12672K, reserved 1048576K

Deoptimization events (10 events):
Event: 29745.852 Thread 0x00007f68c4363800 Uncommon trap: reason=bimorphic action=maybe_recompile pc=0x00007f68e713a300 method=org.apache.spark.sql.types.Metadata.contains(Ljava/lang/String;)Z @ 5
Event: 29745.852 Thread 0x00007f68c4363800 Uncommon trap: reason=bimorphic action=maybe_recompile pc=0x00007f68e713a300 method=org.apache.spark.sql.types.Metadata.contains(Ljava/lang/String;)Z @ 5
Event: 29774.201 Thread 0x00007f68d4049000 Uncommon trap: reason=unstable_if action=reinterpret pc=0x00007f68e637ac20 method=org.apache.spark.util.collection.TimSort.countRunAndMakeAscending(Ljava/lang/Object;IILjava/util/Comparator;)I @ 27
Event: 29774.201 Thread 0x00007f68d4049000 Uncommon trap: reason=class_check action=maybe_recompile pc=0x00007f68e7a58e34 method=org.apache.spark.util.collection.TimSort$SortState.mergeHi(IIII)V @ 201
Event: 29774.418 Thread 0x00007f68d402c000 Uncommon trap: reason=class_check action=maybe_recompile pc=0x00007f68e7a58e34 method=org.apache.spark.util.collection.TimSort$SortState.mergeHi(IIII)V @ 201
Event: 29774.602 Thread 0x00007f68d4049000 Uncommon trap: reason=class_check action=maybe_recompile pc=0x00007f68e7a58e34 method=org.apache.spark.util.collection.TimSort$SortState.mergeHi(IIII)V @ 201
Event: 29774.801 Thread 0x00007f68d402c000 Uncommon trap: reason=class_check action=maybe_recompile pc=0x00007f68e7a58e34 method=org.apache.spark.util.collection.TimSort$SortState.mergeHi(IIII)V @ 201
Event: 29820.619 Thread 0x00007f68d08fe800 Uncommon trap: reason=unstable_if action=reinterpret pc=0x00007f68e58d133c method=sun.misc.FloatingDecimal$BinaryToASCIIBuffer.dtoa(IJIZ)V @ 859
Event: 29823.121 Thread 0x00007f68d1e4b800 Uncommon trap: reason=class_check action=maybe_recompile pc=0x00007f68e6283964 method=scala.collection.mutable.FlatHashTable$class.addEntry(Lscala/collection/mutable/FlatHashTable;Ljava/lang/Object;)Z @ 100
Event: 29828.721 Thread 0x00007f68d1e4b800 Uncommon trap: reason=class_check action=maybe_recompile pc=0x00007f68e6283964 method=scala.collection.mutable.FlatHashTable$class.addEntry(Lscala/collection/mutable/FlatHashTable;Ljava/lang/Object;)Z @ 100

Classes redefined (0 events):
No events

Internal exceptions (10 events):
Event: 29655.970 Thread 0x00007f68c4363800 Exception <a 'java/lang/NoSuchMethodError': <clinit>> (0x00000000c30e4580) thrown at [/build/openjdk-8-jsjOeo/openjdk-8-8u265-b01/src/hotspot/src/share/vm/prims/jni.cpp, line 1616]
Event: 29655.970 Thread 0x00007f68c4363800 Exception <a 'java/lang/NoSuchMethodError': <clinit>> (0x00000000c31148f0) thrown at [/build/openjdk-8-jsjOeo/openjdk-8-8u265-b01/src/hotspot/src/share/vm/prims/jni.cpp, line 1616]
Event: 29655.970 Thread 0x00007f68c4363800 Exception <a 'java/lang/NoSuchMethodError': <clinit>> (0x00000000c311b428) thrown at [/build/openjdk-8-jsjOeo/openjdk-8-8u265-b01/src/hotspot/src/share/vm/prims/jni.cpp, line 1616]
Event: 29655.971 Thread 0x00007f68c4363800 Exception <a 'java/lang/NoSuchMethodError': <clinit>> (0x00000000c312b558) thrown at [/build/openjdk-8-jsjOeo/openjdk-8-8u265-b01/src/hotspot/src/share/vm/prims/jni.cpp, line 1616]
Event: 29656.026 Thread 0x00007f68d08fe800 Exception <a 'java/lang/NoSuchMethodError': <clinit>> (0x00000000c36d4880) thrown at [/build/openjdk-8-jsjOeo/openjdk-8-8u265-b01/src/hotspot/src/share/vm/prims/jni.cpp, line 1616]
Event: 29662.034 Thread 0x00007f68c4363800 Exception <a 'java/lang/NoSuchMethodError': <clinit>> (0x00000000c3205c38) thrown at [/build/openjdk-8-jsjOeo/openjdk-8-8u265-b01/src/hotspot/src/share/vm/prims/jni.cpp, line 1616]
Event: 29692.133 Thread 0x00007f68d1e4b800 Implicit null exception at 0x00007f68e5f48f47 to 0x00007f68e5f4957b
Event: 29726.717 Thread 0x00007f68d4049000 Implicit null exception at 0x00007f68e7bfd07c to 0x00007f68e7bfd601
Event: 29726.717 Thread 0x00007f68d4049000 Implicit null exception at 0x00007f68e7bf2b15 to 0x00007f68e7bf35ca
Event: 29726.717 Thread 0x00007f68d4049000 Implicit null exception at 0x00007f68e7bfb7bc to 0x00007f68e7bfbd21

Events (10 events):
Event: 29835.354 Executing VM operation: GenCollectForAllocation done
Event: 29835.401 Executing VM operation: GenCollectForAllocation
Event: 29835.409 Executing VM operation: GenCollectForAllocation done
Event: 29835.728 Executing VM operation: GenCollectForAllocation
Event: 29835.744 Executing VM operation: GenCollectForAllocation done
Event: 29835.894 Executing VM operation: RevokeBias
Event: 29835.895 Executing VM operation: RevokeBias done
Event: 29835.997 Executing VM operation: GenCollectForAllocation
Event: 29836.047 Executing VM operation: GenCollectForAllocation done
Event: 29836.462 Executing VM operation: GenCollectForAllocation


Dynamic libraries:
c0000000-c8390000 rw-p 00000000 00:00 0 
c8390000-d5550000 ---p 00000000 00:00 0 
d5550000-e730f000 rw-p 00000000 00:00 0 
e896f000-100000000 ---p 00000000 00:00 0 
100000000-100c60000 rw-p 00000000 00:00 0 
100c60000-140000000 ---p 00000000 00:00 0 
563c6ce12000-563c6ce13000 r-xp 00000000 ca:01 258298                     /usr/lib/jvm/java-8-openjdk-amd64/jre/bin/java
563c6d012000-563c6d013000 r--p 00000000 ca:01 258298                     /usr/lib/jvm/java-8-openjdk-amd64/jre/bin/java
563c6d013000-563c6d014000 rw-p 00001000 ca:01 258298                     /usr/lib/jvm/java-8-openjdk-amd64/jre/bin/java
563c6d03b000-563c6d0ac000 rw-p 00000000 00:00 0                          [heap]
7f68bd4ca000-7f68bd4cd000 ---p 00000000 00:00 0 
7f68bd4cd000-7f68bd5cb000 rw-p 00000000 00:00 0 
7f68bd5cb000-7f68bd5ce000 ---p 00000000 00:00 0 
7f68bd5ce000-7f68bd6cc000 rw-p 00000000 00:00 0 
7f68bd6cc000-7f68bd6cf000 ---p 00000000 00:00 0 
7f68bd6cf000-7f68bd7cd000 rw-p 00000000 00:00 0 
7f68bd7cd000-7f68bd7d0000 ---p 00000000 00:00 0 
7f68bd7d0000-7f68bd90e000 rw-p 00000000 00:00 0 
7f68bd90e000-7f68bdace000 ---p 00000000 00:00 0 
7f68bdace000-7f68bdcce000 rw-p 00000000 00:00 0 
7f68bdcce000-7f68bdece000 rw-p 00000000 00:00 0 
7f68bdece000-7f68be0ce000 rw-p 00000000 00:00 0 
7f68be0ce000-7f68be0d1000 ---p 00000000 00:00 0 
7f68be0d1000-7f68be3cf000 rw-p 00000000 00:00 0 
7f68be3cf000-7f68be5cf000 rw-p 00000000 00:00 0 
7f68be5cf000-7f68be5d2000 ---p 00000000 00:00 0 
7f68be5d2000-7f68be6d0000 rw-p 00000000 00:00 0 
7f68be6d0000-7f68be6d3000 ---p 00000000 00:00 0 
7f68be6d3000-7f68be7d1000 rw-p 00000000 00:00 0 
7f68be7d1000-7f68be7d4000 ---p 00000000 00:00 0 
7f68be7d4000-7f68be8d2000 rw-p 00000000 00:00 0 
7f68be8d2000-7f68be8d5000 ---p 00000000 00:00 0 
7f68be8d5000-7f68be9d3000 rw-p 00000000 00:00 0 
7f68be9d3000-7f68be9d6000 ---p 00000000 00:00 0 
7f68be9d6000-7f68bead4000 rw-p 00000000 00:00 0 
7f68bead4000-7f68bead7000 ---p 00000000 00:00 0 
7f68bead7000-7f68bebd5000 rw-p 00000000 00:00 0 
7f68bebd5000-7f68bebd8000 ---p 00000000 00:00 0 
7f68bebd8000-7f68becd6000 rw-p 00000000 00:00 0 
7f68becd6000-7f68becd9000 ---p 00000000 00:00 0 
7f68becd9000-7f68bedd7000 rw-p 00000000 00:00 0 
7f68bedd7000-7f68bedda000 ---p 00000000 00:00 0 
7f68bedda000-7f68bf0d8000 rw-p 00000000 00:00 0 
7f68bf0d8000-7f68bf2d8000 rw-p 00000000 00:00 0 
7f68bf2d8000-7f68bf4d8000 rw-p 00000000 00:00 0 
7f68bf4d8000-7f68bf6d8000 rw-p 00000000 00:00 0 
7f68bf6d8000-7f68bf8d8000 rw-p 00000000 00:00 0 
7f68bf8d8000-7f68bfad8000 rw-p 00000000 00:00 0 
7f68bfad8000-7f68bfcd8000 rw-p 00000000 00:00 0 
7f68bfcd8000-7f68bfed8000 rw-p 00000000 00:00 0 
7f68bfed8000-7f68bfedb000 ---p 00000000 00:00 0 
7f68bfedb000-7f68c01d9000 rw-p 00000000 00:00 0 
7f68c01d9000-7f68c01dc000 ---p 00000000 00:00 0 
7f68c01dc000-7f68c02da000 rw-p 00000000 00:00 0 
7f68c02da000-7f68c02dd000 ---p 00000000 00:00 0 
7f68c02dd000-7f68c03db000 rw-p 00000000 00:00 0 
7f68c03db000-7f68c03de000 ---p 00000000 00:00 0 
7f68c03de000-7f68c04dc000 rw-p 00000000 00:00 0 
7f68c04dc000-7f68c04df000 ---p 00000000 00:00 0 
7f68c04df000-7f68c05dd000 rw-p 00000000 00:00 0 
7f68c05dd000-7f68c05e0000 ---p 00000000 00:00 0 
7f68c05e0000-7f68c06de000 rw-p 00000000 00:00 0 
7f68c06de000-7f68c06e1000 ---p 00000000 00:00 0 
7f68c06e1000-7f68c07df000 rw-p 00000000 00:00 0 
7f68c07df000-7f68c07e2000 ---p 00000000 00:00 0 
7f68c07e2000-7f68c0ae0000 rw-p 00000000 00:00 0 
7f68c0ae0000-7f68c0ae3000 ---p 00000000 00:00 0 
7f68c0ae3000-7f68c0de1000 rw-p 00000000 00:00 0 
7f68c0de1000-7f68c0dee000 r-xp 00000000 ca:01 9081                       /tmp/liblz4-java2278110510690725759.so
7f68c0dee000-7f68c0fed000 ---p 0000d000 ca:01 9081                       /tmp/liblz4-java2278110510690725759.so
7f68c0fed000-7f68c0fee000 rw-p 0000c000 ca:01 9081                       /tmp/liblz4-java2278110510690725759.so
7f68c0fee000-7f68c11ee000 rw-p 00000000 00:00 0 
7f68c11ee000-7f68c13ee000 rw-p 00000000 00:00 0 
7f68c13ee000-7f68c15ee000 rw-p 00000000 00:00 0 
7f68c15ee000-7f68c17ee000 rw-p 00000000 00:00 0 
7f68c17ee000-7f68c19ee000 rw-p 00000000 00:00 0 
7f68c19ee000-7f68c1bee000 rw-p 00000000 00:00 0 
7f68c1bee000-7f68c1dee000 rw-p 00000000 00:00 0 
7f68c1dee000-7f68c1fee000 rw-p 00000000 00:00 0 
7f68c1fee000-7f68c21ee000 rw-p 00000000 00:00 0 
7f68c21ee000-7f68c23ee000 rw-p 00000000 00:00 0 
7f68c23ee000-7f68c25ee000 rw-p 00000000 00:00 0 
7f68c25ee000-7f68c25f1000 ---p 00000000 00:00 0 
7f68c25f1000-7f68c28ef000 rw-p 00000000 00:00 0 
7f68c28ef000-7f68c2aef000 rw-p 00000000 00:00 0 
7f68c2aef000-7f68c2af2000 ---p 00000000 00:00 0 
7f68c2af2000-7f68c2bf0000 rw-p 00000000 00:00 0 
7f68c2bf0000-7f68c2bf3000 ---p 00000000 00:00 0 
7f68c2bf3000-7f68c2cf1000 rw-p 00000000 00:00 0 
7f68c2cf1000-7f68c2cf4000 ---p 00000000 00:00 0 
7f68c2cf4000-7f68c2ff2000 rw-p 00000000 00:00 0 
7f68c2ff2000-7f68c2ff5000 ---p 00000000 00:00 0 
7f68c2ff5000-7f68c30f3000 rw-p 00000000 00:00 0 
7f68c30f3000-7f68c30f6000 ---p 00000000 00:00 0 
7f68c30f6000-7f68c31f4000 rw-p 00000000 00:00 0 
7f68c31f4000-7f68c31f7000 ---p 00000000 00:00 0 
7f68c31f7000-7f68c32f5000 rw-p 00000000 00:00 0 
7f68c32f5000-7f68c32f8000 ---p 00000000 00:00 0 
7f68c32f8000-7f68c33f6000 rw-p 00000000 00:00 0 
7f68c33f6000-7f68c33f9000 ---p 00000000 00:00 0 
7f68c33f9000-7f68c34f7000 rw-p 00000000 00:00 0 
7f68c34f7000-7f68c34fa000 ---p 00000000 00:00 0 
7f68c34fa000-7f68c35f8000 rw-p 00000000 00:00 0 
7f68c35f8000-7f68c35fb000 ---p 00000000 00:00 0 
7f68c35fb000-7f68c36f9000 rw-p 00000000 00:00 0 
7f68c36f9000-7f68c36fc000 ---p 00000000 00:00 0 
7f68c36fc000-7f68c37fa000 rw-p 00000000 00:00 0 
7f68c37fa000-7f68c37fd000 ---p 00000000 00:00 0 
7f68c37fd000-7f68c38fb000 rw-p 00000000 00:00 0 
7f68c38fb000-7f68c38fe000 ---p 00000000 00:00 0 
7f68c38fe000-7f68c39fc000 rw-p 00000000 00:00 0 
7f68c39fc000-7f68c39ff000 ---p 00000000 00:00 0 
7f68c39ff000-7f68c3afd000 rw-p 00000000 00:00 0 
7f68c3afd000-7f68c3b00000 ---p 00000000 00:00 0 
7f68c3b00000-7f68c3bfe000 rw-p 00000000 00:00 0 
7f68c3bfe000-7f68c3c01000 ---p 00000000 00:00 0 
7f68c3c01000-7f68c3cff000 rw-p 00000000 00:00 0 
7f68c3cff000-7f68c3d02000 ---p 00000000 00:00 0 
7f68c3d02000-7f68c4000000 rw-p 00000000 00:00 0 
7f68c4000000-7f68c681e000 rw-p 00000000 00:00 0 
7f68c681e000-7f68c8000000 ---p 00000000 00:00 0 
7f68c8000000-7f68c8239000 rw-p 00000000 00:00 0 
7f68c8239000-7f68cc000000 ---p 00000000 00:00 0 
7f68cc000000-7f68cc026000 rw-p 00000000 00:00 0 
7f68cc026000-7f68d0000000 ---p 00000000 00:00 0 
7f68d0000000-7f68d3ff9000 rw-p 00000000 00:00 0 
7f68d3ff9000-7f68d4000000 ---p 00000000 00:00 0 
7f68d4000000-7f68d407b000 rw-p 00000000 00:00 0 
7f68d407b000-7f68d8000000 ---p 00000000 00:00 0 
7f68d8000000-7f68d8021000 rw-p 00000000 00:00 0 
7f68d8021000-7f68dc000000 ---p 00000000 00:00 0 
7f68dc000000-7f68dc48d000 rw-p 00000000 00:00 0 
7f68dc48d000-7f68e0000000 ---p 00000000 00:00 0 
7f68e00a0000-7f68e00a3000 ---p 00000000 00:00 0 
7f68e00a3000-7f68e03a1000 rw-p 00000000 00:00 0 
7f68e03a1000-7f68e03a4000 ---p 00000000 00:00 0 
7f68e03a4000-7f68e04a2000 rw-p 00000000 00:00 0 
7f68e04a2000-7f68e04a5000 ---p 00000000 00:00 0 
7f68e04a5000-7f68e05a3000 rw-p 00000000 00:00 0 
7f68e05a3000-7f68e05a6000 ---p 00000000 00:00 0 
7f68e05a6000-7f68e06a4000 rw-p 00000000 00:00 0 
7f68e06a4000-7f68e06a7000 ---p 00000000 00:00 0 
7f68e06a7000-7f68e07a5000 rw-p 00000000 00:00 0 
7f68e07a5000-7f68e07a8000 ---p 00000000 00:00 0 
7f68e07a8000-7f68e08a6000 rw-p 00000000 00:00 0 
7f68e08a6000-7f68e08a9000 ---p 00000000 00:00 0 
7f68e08a9000-7f68e09a7000 rw-p 00000000 00:00 0 
7f68e09a7000-7f68e09aa000 ---p 00000000 00:00 0 
7f68e09aa000-7f68e0aa8000 rw-p 00000000 00:00 0 
7f68e0aa8000-7f68e0aab000 ---p 00000000 00:00 0 
7f68e0aab000-7f68e0ba9000 rw-p 00000000 00:00 0 
7f68e0ba9000-7f68e0bac000 ---p 00000000 00:00 0 
7f68e0bac000-7f68e0eaa000 rw-p 00000000 00:00 0 
7f68e0eaa000-7f68e0ebd000 r--s 00346000 ca:01 258349                     /usr/lib/jvm/java-8-openjdk-amd64/jre/lib/resources.jar
7f68e0ebd000-7f68e0ec0000 ---p 00000000 00:00 0 
7f68e0ec0000-7f68e11be000 rw-p 00000000 00:00 0 
7f68e11be000-7f68e11d5000 r-xp 00000000 ca:01 54890                      /lib/x86_64-linux-gnu/libresolv-2.23.so
7f68e11d5000-7f68e13d5000 ---p 00017000 ca:01 54890                      /lib/x86_64-linux-gnu/libresolv-2.23.so
7f68e13d5000-7f68e13d6000 r--p 00017000 ca:01 54890                      /lib/x86_64-linux-gnu/libresolv-2.23.so
7f68e13d6000-7f68e13d7000 rw-p 00018000 ca:01 54890                      /lib/x86_64-linux-gnu/libresolv-2.23.so
7f68e13d7000-7f68e13d9000 rw-p 00000000 00:00 0 
7f68e13d9000-7f68e13de000 r-xp 00000000 ca:01 54884                      /lib/x86_64-linux-gnu/libnss_dns-2.23.so
7f68e13de000-7f68e15de000 ---p 00005000 ca:01 54884                      /lib/x86_64-linux-gnu/libnss_dns-2.23.so
7f68e15de000-7f68e15df000 r--p 00005000 ca:01 54884                      /lib/x86_64-linux-gnu/libnss_dns-2.23.so
7f68e15df000-7f68e15e0000 rw-p 00006000 ca:01 54884                      /lib/x86_64-linux-gnu/libnss_dns-2.23.so
7f68e15e1000-7f68e15e3000 r--s 00016000 ca:01 258357                     /usr/lib/jvm/java-8-openjdk-amd64/jre/lib/jce.jar
7f68e15e3000-7f68e15e8000 r--s 000a7000 ca:01 258348                     /usr/lib/jvm/java-8-openjdk-amd64/jre/lib/jsse.jar
7f68e15e8000-7f68e15e9000 r-xp 00000000 ca:01 258319                     /usr/lib/jvm/java-8-openjdk-amd64/jre/lib/amd64/libjaas_unix.so
7f68e15e9000-7f68e17e8000 ---p 00001000 ca:01 258319                     /usr/lib/jvm/java-8-openjdk-amd64/jre/lib/amd64/libjaas_unix.so
7f68e17e8000-7f68e17e9000 r--p 00000000 ca:01 258319                     /usr/lib/jvm/java-8-openjdk-amd64/jre/lib/amd64/libjaas_unix.so
7f68e17e9000-7f68e17ea000 rw-p 00001000 ca:01 258319                     /usr/lib/jvm/java-8-openjdk-amd64/jre/lib/amd64/libjaas_unix.so
7f68e17ea000-7f68e17ed000 ---p 00000000 00:00 0 
7f68e17ed000-7f68e18eb000 rw-p 00000000 00:00 0 
7f68e18eb000-7f68e18ee000 ---p 00000000 00:00 0 
7f68e18ee000-7f68e1b24000 rw-p 00000000 00:00 0 
7f68e1b24000-7f68e1b2d000 r-xp 00000000 ca:01 258347                     /usr/lib/jvm/java-8-openjdk-amd64/jre/lib/amd64/libmanagement.so
7f68e1b2d000-7f68e1d2c000 ---p 00009000 ca:01 258347                     /usr/lib/jvm/java-8-openjdk-amd64/jre/lib/amd64/libmanagement.so
7f68e1d2c000-7f68e1d2d000 r--p 00008000 ca:01 258347                     /usr/lib/jvm/java-8-openjdk-amd64/jre/lib/amd64/libmanagement.so
7f68e1d2d000-7f68e1d2e000 rw-p 00009000 ca:01 258347                     /usr/lib/jvm/java-8-openjdk-amd64/jre/lib/amd64/libmanagement.so
7f68e1d2e000-7f68e1f2e000 rw-p 00000000 00:00 0 
7f68e1f2e000-7f68e1f31000 ---p 00000000 00:00 0 
7f68e1f31000-7f68e202f000 rw-p 00000000 00:00 0 
7f68e202f000-7f68e2032000 ---p 00000000 00:00 0 
7f68e2032000-7f68e2130000 rw-p 00000000 00:00 0 
7f68e2130000-7f68e2133000 ---p 00000000 00:00 0 
7f68e2133000-7f68e2431000 rw-p 00000000 00:00 0 
7f68e2431000-7f68e2434000 r--s 00015000 ca:01 261533                     /home/ubuntu/spark-2.1.1-bin-hadoop2.7/jars/javax.servlet-api-3.1.0.jar
7f68e2434000-7f68e2460000 r--s 001c9000 ca:01 261798                     /home/ubuntu/spark-2.1.1-bin-hadoop2.7/jars/shapeless_2.11-2.0.0.jar
7f68e2460000-7f68e246b000 r--s 000b0000 ca:01 261731                     /home/ubuntu/spark-2.1.1-bin-hadoop2.7/jars/jtransforms-2.4.0.jar
7f68e246b000-7f68e2471000 r--s 00043000 ca:01 261858                     /home/ubuntu/spark-2.1.1-bin-hadoop2.7/jars/commons-configuration-1.6.jar
7f68e2471000-7f68e2475000 r--s 00019000 ca:01 261784                     /home/ubuntu/spark-2.1.1-bin-hadoop2.7/jars/javax.ws.rs-api-2.0.1.jar
7f68e2475000-7f68e2477000 r--s 00009000 ca:01 261839                     /home/ubuntu/spark-2.1.1-bin-hadoop2.7/jars/commons-cli-1.2.jar
7f68e2477000-7f68e2481000 r--s 00095000 ca:01 261728                     /home/ubuntu/spark-2.1.1-bin-hadoop2.7/jars/scala-xml_2.11-1.0.2.jar
7f68e2481000-7f68e2486000 r--s 00031000 ca:01 261744                     /home/ubuntu/spark-2.1.1-bin-hadoop2.7/jars/parquet-hadoop-1.8.1.jar
7f68e2486000-7f68e248a000 r--s 00020000 ca:01 261720                     /home/ubuntu/spark-2.1.1-bin-hadoop2.7/jars/commons-digester-1.8.jar
7f68e248a000-7f68e248c000 r--s 00027000 ca:01 261790                     /home/ubuntu/spark-2.1.1-bin-hadoop2.7/jars/core-1.1.2.jar
7f68e248c000-7f68e24a3000 r--s 00183000 ca:01 261753                     /home/ubuntu/spark-2.1.1-bin-hadoop2.7/jars/hadoop-yarn-common-2.7.3.jar
7f68e24a3000-7f68e24a4000 r--s 00004000 ca:01 261711                     /home/ubuntu/spark-2.1.1-bin-hadoop2.7/jars/eigenbase-properties-1.1.5.jar
7f68e24a4000-7f68e24aa000 r--s 00044000 ca:01 261763                     /home/ubuntu/spark-2.1.1-bin-hadoop2.7/jars/antlr4-runtime-4.5.3.jar
7f68e24aa000-7f68e24ac000 r--s 0000b000 ca:01 261840                     /home/ubuntu/spark-2.1.1-bin-hadoop2.7/jars/chill-java-0.8.0.jar
7f68e24ac000-7f68e24b6000 r--s 00086000 ca:01 261718                     /home/ubuntu/spark-2.1.1-bin-hadoop2.7/jars/json4s-core_2.11-3.2.11.jar
7f68e24b6000-7f68e24b8000 r--s 0000f000 ca:01 261566                     /home/ubuntu/spark-2.1.1-bin-hadoop2.7/jars/activation-1.1.1.jar
7f68e24b8000-7f68e24bc000 r--s 00031000 ca:01 261583                     /home/ubuntu/spark-2.1.1-bin-hadoop2.7/jars/jline-2.12.1.jar
7f68e24bc000-7f68e24c2000 r--s 00028000 ca:01 261745                     /home/ubuntu/spark-2.1.1-bin-hadoop2.7/jars/curator-framework-2.6.0.jar
7f68e24c2000-7f68e24cf000 r--s 000b1000 ca:01 261545                     /home/ubuntu/spark-2.1.1-bin-hadoop2.7/jars/hadoop-mapreduce-client-common-2.7.3.jar
7f68e24cf000-7f68e24d1000 r--s 00009000 ca:01 261758                     /home/ubuntu/spark-2.1.1-bin-hadoop2.7/jars/jackson-module-paranamer-2.6.5.jar
7f68e24d1000-7f68e24d2000 r--s 00009000 ca:01 261845                     /home/ubuntu/spark-2.1.1-bin-hadoop2.7/jars/slf4j-api-1.7.16.jar
7f68e24d2000-7f68e24d3000 r--s 00004000 ca:01 261710                     /home/ubuntu/spark-2.1.1-bin-hadoop2.7/jars/jackson-jaxrs-1.9.13.jar
7f68e24d3000-7f68e24d5000 r--s 00012000 ca:01 261803                     /home/ubuntu/spark-2.1.1-bin-hadoop2.7/jars/api-util-1.0.0-M20.jar
7f68e24d5000-7f68e24dd000 r--s 00066000 ca:01 261732                     /home/ubuntu/spark-2.1.1-bin-hadoop2.7/jars/apache-log4j-extras-1.2.17.jar
7f68e24dd000-7f68e24df000 r--s 00004000 ca:01 261587                     /home/ubuntu/spark-2.1.1-bin-hadoop2.7/jars/stax-api-1.0-2.jar
7f68e24df000-7f68e24ed000 r--s 00078000 ca:01 261756                     /home/ubuntu/spark-2.1.1-bin-hadoop2.7/jars/spark-mesos_2.11-2.1.1.jar
7f68e24ed000-7f68e251b000 r--s 00212000 ca:01 261712                     /home/ubuntu/spark-2.1.1-bin-hadoop2.7/jars/spark-network-common_2.11-2.1.1.jar
7f68e251b000-7f68e2523000 r--s 0006e000 ca:01 261765                     /home/ubuntu/spark-2.1.1-bin-hadoop2.7/jars/commons-lang3-3.5.jar
7f68e2523000-7f68e2524000 r--s 00009000 ca:01 261830                     /home/ubuntu/spark-2.1.1-bin-hadoop2.7/jars/hive-cli-1.2.1.spark2.jar
7f68e2524000-7f68e253a000 r--s 001a4000 ca:01 261613                     /home/ubuntu/spark-2.1.1-bin-hadoop2.7/jars/datanucleus-rdbms-3.2.9.jar
7f68e253a000-7f68e254b000 r--s 0010d000 ca:01 261714                     /home/ubuntu/spark-2.1.1-bin-hadoop2.7/jars/jackson-databind-2.6.5.jar
7f68e254b000-7f68e254d000 r--s 0000a000 ca:01 261612                     /home/ubuntu/spark-2.1.1-bin-hadoop2.7/jars/spark-unsafe_2.11-2.1.1.jar
7f68e254d000-7f68e2571000 r--s 001cd000 ca:01 261855                     /home/ubuntu/spark-2.1.1-bin-hadoop2.7/jars/commons-math3-3.4.1.jar
7f68e2571000-7f68e2575000 r--s 0002a000 ca:01 261747                     /home/ubuntu/spark-2.1.1-bin-hadoop2.7/jars/commons-io-2.4.jar
7f68e2575000-7f68e257d000 r--s 00059000 ca:01 261611                     /home/ubuntu/spark-2.1.1-bin-hadoop2.7/jars/javolution-5.5.1.jar
7f68e257d000-7f68e257e000 r--s 00003000 ca:01 261568                     /home/ubuntu/spark-2.1.1-bin-hadoop2.7/jars/jta-1.1.jar
7f68e257e000-7f68e2581000 r--s 00009000 ca:01 261751                     /home/ubuntu/spark-2.1.1-bin-hadoop2.7/jars/jackson-annotations-2.6.5.jar
7f68e2581000-7f68e25f5000 r--s 00574000 ca:01 261739                     /home/ubuntu/spark-2.1.1-bin-hadoop2.7/jars/spark-mllib_2.11-2.1.1.jar
7f68e25f5000-7f68e2610000 r--s 001d8000 ca:01 261572                     /home/ubuntu/spark-2.1.1-bin-hadoop2.7/jars/jets3t-0.9.3.jar
7f68e2610000-7f68e269b000 r--s 0069e000 ca:01 261713                     /home/ubuntu/spark-2.1.1-bin-hadoop2.7/jars/spark-catalyst_2.11-2.1.1.jar
7f68e269b000-7f68e26a0000 r--s 0002a000 ca:01 261576                     /home/ubuntu/spark-2.1.1-bin-hadoop2.7/jars/commons-beanutils-1.7.0.jar
7f68e26a0000-7f68e26a2000 r--s 00006000 ca:01 261588                     /home/ubuntu/spark-2.1.1-bin-hadoop2.7/jars/paranamer-2.3.jar
7f68e26a2000-7f68e26a6000 r--s 0002c000 ca:01 261748                     /home/ubuntu/spark-2.1.1-bin-hadoop2.7/jars/avro-ipc-1.7.7.jar
7f68e26a6000-7f68e26a7000 r--s 00003000 ca:01 261594                     /home/ubuntu/spark-2.1.1-bin-hadoop2.7/jars/xmlenc-0.52.jar
7f68e26a7000-7f68e26c4000 r--s 001d5000 ca:01 261860                     /home/ubuntu/spark-2.1.1-bin-hadoop2.7/jars/hadoop-yarn-api-2.7.3.jar
7f68e26c4000-7f68e26c5000 r--s 00004000 ca:01 261716                     /home/ubuntu/spark-2.1.1-bin-hadoop2.7/jars/opencsv-2.3.jar
7f68e26c5000-7f68e26c9000 r--s 00014000 ca:01 261856                     /home/ubuntu/spark-2.1.1-bin-hadoop2.7/jars/xz-1.0.jar
7f68e26c9000-7f68e26cc000 r--s 000fd000 ca:01 261604                     /home/ubuntu/spark-2.1.1-bin-hadoop2.7/jars/leveldbjni-all-1.8.jar
7f68e26cc000-7f68e26d2000 r--s 00063000 ca:01 261849                     /home/ubuntu/spark-2.1.1-bin-hadoop2.7/jars/jodd-core-3.5.2.jar
7f68e26d2000-7f68e26d6000 r--s 00030000 ca:01 261532                     /home/ubuntu/spark-2.1.1-bin-hadoop2.7/jars/commons-net-2.2.jar
7f68e26d6000-7f68e26da000 r--s 00028000 ca:01 261608                     /home/ubuntu/spark-2.1.1-bin-hadoop2.7/jars/spark-mllib-local_2.11-2.1.1.jar
7f68e26da000-7f68e26e1000 r--s 0007d000 ca:01 261722                     /home/ubuntu/spark-2.1.1-bin-hadoop2.7/jars/jetty-6.1.26.jar
7f68e26e1000-7f68e26e4000 r--s 0002f000 ca:01 261546                     /home/ubuntu/spark-2.1.1-bin-hadoop2.7/jars/RoaringBitmap-0.5.11.jar
7f68e26e4000-7f68e26e5000 r--s 00004000 ca:01 261866                     /home/ubuntu/spark-2.1.1-bin-hadoop2.7/jars/osgi-resource-locator-1.0.1.jar
7f68e26e5000-7f68e2706000 r--s 0019b000 ca:01 261796                     /home/ubuntu/spark-2.1.1-bin-hadoop2.7/jars/spark-hive-thriftserver_2.11-2.1.1.jar
7f68e2706000-7f68e270b000 r--s 00041000 ca:01 261740                     /home/ubuntu/spark-2.1.1-bin-hadoop2.7/jars/commons-lang-2.6.jar
7f68e270b000-7f68e270d000 r--s 00020000 ca:01 261749                     /home/ubuntu/spark-2.1.1-bin-hadoop2.7/jars/hive-beeline-1.2.1.spark2.jar
7f68e270d000-7f68e2714000 r--s 00049000 ca:01 261736                     /home/ubuntu/spark-2.1.1-bin-hadoop2.7/jars/httpcore-4.4.4.jar
7f68e2714000-7f68e2716000 r--s 00014000 ca:01 261717                     /home/ubuntu/spark-2.1.1-bin-hadoop2.7/jars/spire-macros_2.11-0.7.4.jar
7f68e2716000-7f68e2717000 r--s 00001000 ca:01 261621                     /home/ubuntu/spark-2.1.1-bin-hadoop2.7/jars/pmml-schema-1.2.15.jar
7f68e2717000-7f68e271b000 r--s 00028000 ca:01 261573                     /home/ubuntu/spark-2.1.1-bin-hadoop2.7/jars/jetty-util-6.1.26.jar
7f68e271b000-7f68e271e000 r--s 00006000 ca:01 261721                     /home/ubuntu/spark-2.1.1-bin-hadoop2.7/jars/jsr305-1.3.9.jar
7f68e271e000-7f68e2725000 r--s 0005d000 ca:01 261793                     /home/ubuntu/spark-2.1.1-bin-hadoop2.7/jars/mx4j-3.0.2.jar
7f68e2725000-7f68e2727000 r--s 0000e000 ca:01 261821                     /home/ubuntu/spark-2.1.1-bin-hadoop2.7/jars/guice-servlet-3.0.jar
7f68e2727000-7f68e272f000 r--s 0007b000 ca:01 261737                     /home/ubuntu/spark-2.1.1-bin-hadoop2.7/jars/protobuf-java-2.5.0.jar
7f68e272f000-7f68e2738000 r--s 00062000 ca:01 261580                     /home/ubuntu/spark-2.1.1-bin-hadoop2.7/jars/avro-1.7.7.jar
7f68e2738000-7f68e273a000 r--s 00003000 ca:01 261733                     /home/ubuntu/spark-2.1.1-bin-hadoop2.7/jars/jcl-over-slf4j-1.7.16.jar
7f68e273a000-7f68e280a000 r--s 00cf0000 ca:01 261540                     /home/ubuntu/spark-2.1.1-bin-hadoop2.7/jars/breeze_2.11-0.12.jar
7f68e280a000-7f68e280b000 r--s 00002000 ca:01 261619                     /home/ubuntu/spark-2.1.1-bin-hadoop2.7/jars/slf4j-log4j12-1.7.16.jar
7f68e280b000-7f68e280d000 r--s 00006000 ca:01 261578                     /home/ubuntu/spark-2.1.1-bin-hadoop2.7/jars/spark-sketch_2.11-2.1.1.jar
7f68e280d000-7f68e2812000 r--s 00068000 ca:01 261791                     /home/ubuntu/spark-2.1.1-bin-hadoop2.7/jars/antlr-2.7.7.jar
7f68e2812000-7f68e2814000 r--s 00000000 ca:01 261759                     /home/ubuntu/spark-2.1.1-bin-hadoop2.7/jars/aopalliance-1.0.jar
7f68e2814000-7f68e2816000 r--s 00012000 ca:01 261730                     /home/ubuntu/spark-2.1.1-bin-hadoop2.7/jars/compress-lzf-1.0.3.jar
7f68e2816000-7f68e2823000 r--s 0009e000 ca:01 261822                     /home/ubuntu/spark-2.1.1-bin-hadoop2.7/jars/spark-graphx_2.11-2.1.1.jar
7f68e2823000-7f68e2828000 r--s 00028000 ca:01 261841                     /home/ubuntu/spark-2.1.1-bin-hadoop2.7/jars/avro-mapred-1.7.7-hadoop2.jar
7f68e2828000-7f68e283e000 r--s 00124000 ca:01 261833                     /home/ubuntu/spark-2.1.1-bin-hadoop2.7/jars/ivy-2.4.0.jar
7f68e283e000-7f68e2846000 r--s 00078000 ca:01 261805                     /home/ubuntu/spark-2.1.1-bin-hadoop2.7/jars/mail-1.4.7.jar
7f68e2846000-7f68e284b000 r--s 0004e000 ca:01 261582                     /home/ubuntu/spark-2.1.1-bin-hadoop2.7/jars/datanucleus-api-jdo-3.2.6.jar
7f68e284b000-7f68e287c000 rw-p 00000000 00:00 0 
7f68e287c000-7f68e2893000 r-xp 00000000 ca:01 258336                     /usr/lib/jvm/java-8-openjdk-amd64/jre/lib/amd64/libnet.so
7f68e2893000-7f68e2a93000 ---p 00017000 ca:01 258336                     /usr/lib/jvm/java-8-openjdk-amd64/jre/lib/amd64/libnet.so
7f68e2a93000-7f68e2a94000 r--p 00017000 ca:01 258336                     /usr/lib/jvm/java-8-openjdk-amd64/jre/lib/amd64/libnet.so
7f68e2a94000-7f68e2a95000 rw-p 00018000 ca:01 258336                     /usr/lib/jvm/java-8-openjdk-amd64/jre/lib/amd64/libnet.so
7f68e2a95000-7f68e2aa7000 r-xp 00000000 ca:01 258328                     /usr/lib/jvm/java-8-openjdk-amd64/jre/lib/amd64/libnio.so
7f68e2aa7000-7f68e2ca6000 ---p 00012000 ca:01 258328                     /usr/lib/jvm/java-8-openjdk-amd64/jre/lib/amd64/libnio.so
7f68e2ca6000-7f68e2ca7000 r--p 00011000 ca:01 258328                     /usr/lib/jvm/java-8-openjdk-amd64/jre/lib/amd64/libnio.so
7f68e2ca7000-7f68e2ca8000 rw-p 00012000 ca:01 258328                     /usr/lib/jvm/java-8-openjdk-amd64/jre/lib/amd64/libnio.so
7f68e2ca8000-7f68e2d80000 r--s 00a88000 ca:01 261543                     /home/ubuntu/spark-2.1.1-bin-hadoop2.7/jars/spark-core_2.11-2.1.1.jar
7f68e2d80000-7f68e2d98000 r--s 001b6000 ca:01 261569                     /home/ubuntu/spark-2.1.1-bin-hadoop2.7/jars/datanucleus-core-3.2.10.jar
7f68e2d98000-7f68e2dac000 r--s 000ec000 ca:01 261539                     /home/ubuntu/spark-2.1.1-bin-hadoop2.7/jars/parquet-jackson-1.8.1.jar
7f68e2dac000-7f68e2dae000 r--s 0000e000 ca:01 261785                     /home/ubuntu/spark-2.1.1-bin-hadoop2.7/jars/hadoop-mapreduce-client-jobclient-2.7.3.jar
7f68e2dae000-7f68e2db0000 r--s 0000e000 ca:01 261536                     /home/ubuntu/spark-2.1.1-bin-hadoop2.7/jars/oro-2.0.8.jar
7f68e2db0000-7f68e2db2000 r--s 00003000 ca:01 261826                     /home/ubuntu/spark-2.1.1-bin-hadoop2.7/jars/JavaEWAH-0.3.2.jar
7f68e2db2000-7f68e2db4000 r--s 0000f000 ca:01 261757                     /home/ubuntu/spark-2.1.1-bin-hadoop2.7/jars/spark-launcher_2.11-2.1.1.jar
7f68e2db4000-7f68e2dd6000 r--s 00335000 ca:01 261750                     /home/ubuntu/spark-2.1.1-bin-hadoop2.7/jars/mesos-1.0.0-shaded-protobuf.jar
7f68e2dd6000-7f68e2dd7000 r--s 00001000 ca:01 261610                     /home/ubuntu/spark-2.1.1-bin-hadoop2.7/jars/minlog-1.3.0.jar
7f68e2dd7000-7f68e2dda000 r--s 0001a000 ca:01 261834                     /home/ubuntu/spark-2.1.1-bin-hadoop2.7/jars/py4j-0.10.4.jar
7f68e2dda000-7f68e2ddb000 r--s 00009000 ca:01 261601                     /home/ubuntu/spark-2.1.1-bin-hadoop2.7/jars/json4s-jackson_2.11-3.2.11.jar
7f68e2ddb000-7f68e2ddd000 r--s 0000d000 ca:01 261725                     /home/ubuntu/spark-2.1.1-bin-hadoop2.7/jars/hadoop-yarn-server-web-proxy-2.7.3.jar
7f68e2ddd000-7f68e2e40000 r--s 004de000 ca:01 261719                     /home/ubuntu/spark-2.1.1-bin-hadoop2.7/jars/hive-metastore-1.2.1.spark2.jar
7f68e2e40000-7f68e2e47000 r--s 00039000 ca:01 261727                     /home/ubuntu/spark-2.1.1-bin-hadoop2.7/jars/calcite-avatica-1.2.0-incubating.jar
7f68e2e47000-7f68e2e4e000 r--s 0003f000 ca:01 261603                     /home/ubuntu/spark-2.1.1-bin-hadoop2.7/jars/commons-codec-1.10.jar
7f68e2e4e000-7f68e2e50000 r--s 00100000 ca:01 261842                     /home/ubuntu/spark-2.1.1-bin-hadoop2.7/jars/snappy-java-1.1.2.6.jar
7f68e2e50000-7f68e2e54000 r--s 00029000 ca:01 261591                     /home/ubuntu/spark-2.1.1-bin-hadoop2.7/jars/hk2-locator-2.4.0-b34.jar
7f68e2e54000-7f68e2e57000 r--s 0000d000 ca:01 261742                     /home/ubuntu/spark-2.1.1-bin-hadoop2.7/jars/spark-network-shuffle_2.11-2.1.1.jar
7f68e2e57000-7f68e2e58000 r--s 00006000 ca:01 261788                     /home/ubuntu/spark-2.1.1-bin-hadoop2.7/jars/jackson-xc-1.9.13.jar
7f68e2e58000-7f68e2e6e000 r--s 000d1000 ca:01 261585                     /home/ubuntu/spark-2.1.1-bin-hadoop2.7/jars/parquet-column-1.8.1.jar
7f68e2e6e000-7f68e2e93000 rw-p 00000000 00:00 0 
7f68e2e93000-7f68e2f9f000 r--s 00dba000 ca:01 261859                     /home/ubuntu/spark-2.1.1-bin-hadoop2.7/jars/scala-compiler-2.11.8.jar
7f68e2f9f000-7f68e2fa0000 r--s 00002000 ca:01 261764                     /home/ubuntu/spark-2.1.1-bin-hadoop2.7/jars/jpam-1.1.jar
7f68e2fa0000-7f68e2faf000 r--s 0009f000 ca:01 261734                     /home/ubuntu/spark-2.1.1-bin-hadoop2.7/jars/guice-3.0.jar
7f68e2faf000-7f68e2fc8000 r--s 00150000 ca:01 261626                     /home/ubuntu/spark-2.1.1-bin-hadoop2.7/jars/htrace-core-3.1.0-incubating.jar
7f68e2fc8000-7f68e2fde000 r--s 000d3000 ca:01 261625                     /home/ubuntu/spark-2.1.1-bin-hadoop2.7/jars/jersey-server-2.22.2.jar
7f68e2fde000-7f68e2fe0000 r--s 00008000 ca:01 261581                     /home/ubuntu/spark-2.1.1-bin-hadoop2.7/jars/parquet-common-1.8.1.jar
7f68e2fe0000-7f68e2fe2000 r--s 00002000 ca:01 261606                     /home/ubuntu/spark-2.1.1-bin-hadoop2.7/jars/aopalliance-repackaged-2.4.0-b34.jar
7f68e2fe2000-7f68e2fe6000 r--s 0003c000 ca:01 261854                     /home/ubuntu/spark-2.1.1-bin-hadoop2.7/jars/jackson-core-2.6.5.jar
7f68e2fe6000-7f68e2ff1000 r--s 00062000 ca:01 261729                     /home/ubuntu/spark-2.1.1-bin-hadoop2.7/jars/calcite-linq4j-1.2.0-incubating.jar
7f68e2ff1000-7f68e3027000 r--s 0031c000 ca:01 261565                     /home/ubuntu/spark-2.1.1-bin-hadoop2.7/jars/hadoop-common-2.7.3.jar
7f68e3027000-7f68e302b000 r--s 0001a000 ca:01 261579                     /home/ubuntu/spark-2.1.1-bin-hadoop2.7/jars/hk2-utils-2.4.0-b34.jar
7f68e302b000-7f68e3037000 r--s 000b6000 ca:01 261831                     /home/ubuntu/spark-2.1.1-bin-hadoop2.7/jars/zookeeper-3.4.6.jar
7f68e3037000-7f68e303d000 r--s 00040000 ca:01 261709                     /home/ubuntu/spark-2.1.1-bin-hadoop2.7/jars/parquet-encoding-1.8.1.jar
7f68e303d000-7f68e3042000 r--s 00036000 ca:01 261574                     /home/ubuntu/spark-2.1.1-bin-hadoop2.7/jars/commons-compress-1.4.1.jar
7f68e3042000-7f68e306f000 r--s 001d4000 ca:01 261863                     /home/ubuntu/spark-2.1.1-bin-hadoop2.7/jars/spark-streaming_2.11-2.1.1.jar
7f68e306f000-7f68e3072000 r--s 00022000 ca:01 261806                     /home/ubuntu/spark-2.1.1-bin-hadoop2.7/jars/stringtemplate-3.2.1.jar
7f68e3072000-7f68e3079000 r--s 00036000 ca:01 261624                     /home/ubuntu/spark-2.1.1-bin-hadoop2.7/jars/curator-recipes-2.6.0.jar
7f68e3079000-7f68e307d000 r--s 00029000 ca:01 261548                     /home/ubuntu/spark-2.1.1-bin-hadoop2.7/jars/breeze-macros_2.11-0.12.jar
7f68e307d000-7f68e3081000 r--s 00036000 ca:01 261851                     /home/ubuntu/spark-2.1.1-bin-hadoop2.7/jars/ST4-4.0.4.jar
7f68e3081000-7f68e3085000 r--s 00018000 ca:01 261584                     /home/ubuntu/spark-2.1.1-bin-hadoop2.7/jars/metrics-core-3.1.2.jar
7f68e3085000-7f68e3093000 r--s 000b1000 ca:01 261754                     /home/ubuntu/spark-2.1.1-bin-hadoop2.7/jars/jackson-mapper-asl-1.9.13.jar
7f68e3093000-7f68e30a3000 r--s 000a0000 ca:01 261599                     /home/ubuntu/spark-2.1.1-bin-hadoop2.7/jars/spark-yarn_2.11-2.1.1.jar
7f68e30a3000-7f68e30a4000 r--s 00003000 ca:01 261590                     /home/ubuntu/spark-2.1.1-bin-hadoop2.7/jars/spark-tags_2.11-2.1.1.jar
7f68e30a4000-7f68e30b6000 r--s 00097000 ca:01 261804                     /home/ubuntu/spark-2.1.1-bin-hadoop2.7/jars/apacheds-kerberos-codec-2.0.0-M15.jar
7f68e30b6000-7f68e30b9000 r--s 00017000 ca:01 261800                     /home/ubuntu/spark-2.1.1-bin-hadoop2.7/jars/jaxb-api-2.2.2.jar
7f68e30b9000-7f68e30bb000 r--s 00009000 ca:01 261848                     /home/ubuntu/spark-2.1.1-bin-hadoop2.7/jars/objenesis-2.1.jar
7f68e30bb000-7f68e3126000 r--s 00784000 ca:01 261535                     /home/ubuntu/spark-2.1.1-bin-hadoop2.7/jars/hadoop-hdfs-2.7.3.jar
7f68e3126000-7f68e3128000 r--s 00010000 ca:01 261752                     /home/ubuntu/spark-2.1.1-bin-hadoop2.7/jars/jersey-media-jaxb-2.22.2.jar
7f68e3128000-7f68e3135000 r--s 00083000 ca:01 261598                     /home/ubuntu/spark-2.1.1-bin-hadoop2.7/jars/commons-collections-3.2.2.jar
7f68e3135000-7f68e313c000 r--s 00051000 ca:01 261542                     /home/ubuntu/spark-2.1.1-bin-hadoop2.7/jars/kryo-shaded-3.0.3.jar
7f68e313c000-7f68e3173000 r--s 00325000 ca:01 261802                     /home/ubuntu/spark-2.1.1-bin-hadoop2.7/jars/calcite-core-1.2.0-incubating.jar
7f68e3173000-7f68e3176000 r--s 00012000 ca:01 261602                     /home/ubuntu/spark-2.1.1-bin-hadoop2.7/jars/json4s-ast_2.11-3.2.11.jar
7f68e3176000-7f68e3178000 r--s 0000e000 ca:01 261794                     /home/ubuntu/spark-2.1.1-bin-hadoop2.7/jars/commons-logging-1.1.3.jar
7f68e3178000-7f68e3221000 r--s 00a4f000 ca:01 261801                     /home/ubuntu/spark-2.1.1-bin-hadoop2.7/jars/hive-exec-1.2.1.spark2.jar
7f68e3221000-7f68e3222000 r--s 0000b000 ca:01 261631                     /home/ubuntu/spark-2.1.1-bin-hadoop2.7/jars/snappy-0.2.jar
7f68e3222000-7f68e3225000 r--s 00028000 ca:01 261541                     /home/ubuntu/spark-2.1.1-bin-hadoop2.7/jars/stream-2.7.0.jar
7f68e3225000-7f68e3259000 r--s 00277000 ca:01 261592                     /home/ubuntu/spark-2.1.1-bin-hadoop2.7/jars/parquet-hadoop-bundle-1.6.0.jar
7f68e3259000-7f68e325d000 r--s 0000c000 ca:01 261617                     /home/ubuntu/spark-2.1.1-bin-hadoop2.7/jars/validation-api-1.1.0.Final.jar
7f68e325d000-7f68e3286000 r--s 001ee000 ca:01 261862                     /home/ubuntu/spark-2.1.1-bin-hadoop2.7/jars/guava-14.0.1.jar
7f68e3286000-7f68e3293000 r--s 00071000 ca:01 261832                     /home/ubuntu/spark-2.1.1-bin-hadoop2.7/jars/jackson-module-scala_2.11-2.6.5.jar
7f68e3293000-7f68e32ac000 r--s 00114000 ca:01 261577                     /home/ubuntu/spark-2.1.1-bin-hadoop2.7/jars/spark-hive_2.11-2.1.1.jar
7f68e32ac000-7f68e32c4000 r--s 00115000 ca:01 261824                     /home/ubuntu/spark-2.1.1-bin-hadoop2.7/jars/netty-3.8.0.Final.jar
7f68e32c4000-7f68e331d000 r--s 00522000 ca:01 261865                     /home/ubuntu/spark-2.1.1-bin-hadoop2.7/jars/scala-library-2.11.8.jar
7f68e331d000-7f68e3324000 r--s 00049000 ca:01 261852                     /home/ubuntu/spark-2.1.1-bin-hadoop2.7/jars/univocity-parsers-2.2.1.jar
7f68e3324000-7f68e3370000 r--s 00411000 ca:01 261857                     /home/ubuntu/spark-2.1.1-bin-hadoop2.7/jars/scala-reflect-2.11.8.jar
7f68e3370000-7f68e337e000 r--s 0009d000 ca:01 261614                     /home/ubuntu/spark-2.1.1-bin-hadoop2.7/jars/jersey-common-2.22.2.jar
7f68e337e000-7f68e3388000 r--s 000aa000 ca:01 261762                     /home/ubuntu/spark-2.1.1-bin-hadoop2.7/jars/janino-3.0.0.jar
7f68e3388000-7f68e3389000 r--s 00008000 ca:01 261844                     /home/ubuntu/spark-2.1.1-bin-hadoop2.7/jars/commons-compiler-3.0.0.jar
7f68e3389000-7f68e3392000 r--s 00097000 ca:01 261837                     /home/ubuntu/spark-2.1.1-bin-hadoop2.7/jars/pmml-model-1.2.15.jar
7f68e3392000-7f68e3394000 r--s 00005000 ca:01 261741                     /home/ubuntu/spark-2.1.1-bin-hadoop2.7/jars/stax-api-1.0.1.jar
7f68e3394000-7f68e3398000 r--s 00035000 ca:01 261597                     /home/ubuntu/spark-2.1.1-bin-hadoop2.7/jars/jackson-core-asl-1.9.13.jar
7f68e3398000-7f68e339b000 r--s 00019000 ca:01 261530                     /home/ubuntu/spark-2.1.1-bin-hadoop2.7/jars/bonecp-0.8.0.RELEASE.jar
7f68e339b000-7f68e339d000 r--s 00038000 ca:01 261789                     /home/ubuntu/spark-2.1.1-bin-hadoop2.7/jars/lz4-1.3.0.jar
7f68e339d000-7f68e33b6000 r--s 00164000 ca:01 261738                     /home/ubuntu/spark-2.1.1-bin-hadoop2.7/jars/hadoop-mapreduce-client-core-2.7.3.jar
7f68e33b6000-7f68e33b9000 r--s 00026000 ca:01 261792                     /home/ubuntu/spark-2.1.1-bin-hadoop2.7/jars/hadoop-yarn-client-2.7.3.jar
7f68e33b9000-7f68e33bb000 r--s 00017000 ca:01 261607                     /home/ubuntu/spark-2.1.1-bin-hadoop2.7/jars/hive-jdbc-1.2.1.spark2.jar
7f68e33bb000-7f68e343c000 r--s 005d9000 ca:01 261746                     /home/ubuntu/spark-2.1.1-bin-hadoop2.7/jars/spark-sql_2.11-2.1.1.jar
7f68e343c000-7f68e343d000 r--s 00006000 ca:01 261755                     /home/ubuntu/spark-2.1.1-bin-hadoop2.7/jars/hadoop-client-2.7.3.jar
7f68e343d000-7f68e3444000 r--s 00058000 ca:01 261609                     /home/ubuntu/spark-2.1.1-bin-hadoop2.7/jars/hadoop-yarn-server-common-2.7.3.jar
7f68e3444000-7f68e3445000 r--s 0000a000 ca:01 261616                     /home/ubuntu/spark-2.1.1-bin-hadoop2.7/jars/apacheds-i18n-2.0.0-M15.jar
7f68e3445000-7f68e3446000 r--s 00000000 ca:01 261600                     /home/ubuntu/spark-2.1.1-bin-hadoop2.7/jars/javax.inject-1.jar
7f68e3446000-7f68e344c000 r--s 00045000 ca:01 261605                     /home/ubuntu/spark-2.1.1-bin-hadoop2.7/jars/commons-httpclient-3.1.jar
7f68e344c000-7f68e3459000 r--s 000a7000 ca:01 261627                     /home/ubuntu/spark-2.1.1-bin-hadoop2.7/jars/httpclient-4.5.2.jar
7f68e3459000-7f68e345b000 r--s 0001f000 ca:01 261825                     /home/ubuntu/spark-2.1.1-bin-hadoop2.7/jars/commons-crypto-1.0.0.jar
7f68e345b000-7f68e3460000 r--s 0002a000 ca:01 261735                     /home/ubuntu/spark-2.1.1-bin-hadoop2.7/jars/gson-2.2.4.jar
7f68e3460000-7f68e34a0000 r--s 00277000 ca:01 261767                     /home/ubuntu/spark-2.1.1-bin-hadoop2.7/jars/bcprov-jdk15on-1.51.jar
7f68e34a0000-7f68e34a3000 r--s 00016000 ca:01 261593                     /home/ubuntu/spark-2.1.1-bin-hadoop2.7/jars/jsp-api-2.1.jar
7f68e34a3000-7f68e34a4000 r--s 00001000 ca:01 261838                     /home/ubuntu/spark-2.1.1-bin-hadoop2.7/jars/javax.inject-2.4.0-b34.jar
7f68e34a4000-7f68e34a5000 r--s 00002000 ca:01 261586                     /home/ubuntu/spark-2.1.1-bin-hadoop2.7/jars/java-xmlbuilder-1.0.jar
7f68e34a5000-7f68e34a7000 r--s 00015000 ca:01 261547                     /home/ubuntu/spark-2.1.1-bin-hadoop2.7/jars/hadoop-auth-2.7.3.jar
7f68e34a7000-7f68e34ab000 r--s 0002f000 ca:01 261795                     /home/ubuntu/spark-2.1.1-bin-hadoop2.7/jars/commons-beanutils-core-1.8.0.jar
7f68e34ab000-7f68e34da000 r--s 002e5000 ca:01 261846                     /home/ubuntu/spark-2.1.1-bin-hadoop2.7/jars/derby-10.12.1.1.jar
7f68e34da000-7f68e34dc000 r--s 00008000 ca:01 261544                     /home/ubuntu/spark-2.1.1-bin-hadoop2.7/jars/metrics-jvm-3.1.2.jar
7f68e34dc000-7f68e34df000 r--s 00015000 ca:01 261723                     /home/ubuntu/spark-2.1.1-bin-hadoop2.7/jars/pyrolite-4.13.jar
7f68e34df000-7f68e34e1000 r--s 0000e000 ca:01 261760                     /home/ubuntu/spark-2.1.1-bin-hadoop2.7/jars/spark-repl_2.11-2.1.1.jar
7f68e34e1000-7f68e34ea000 r--s 0006f000 ca:01 261724                     /home/ubuntu/spark-2.1.1-bin-hadoop2.7/jars/log4j-1.2.17.jar
7f68e34ea000-7f68e34ee000 r--s 00025000 ca:01 261850                     /home/ubuntu/spark-2.1.1-bin-hadoop2.7/jars/jersey-client-2.22.2.jar
7f68e34ee000-7f68e34f5000 r--s 00058000 ca:01 261589                     /home/ubuntu/spark-2.1.1-bin-hadoop2.7/jars/parquet-format-2.3.0-incubating.jar
7f68e34f5000-7f68e34f7000 r--s 00003000 ca:01 261615                     /home/ubuntu/spark-2.1.1-bin-hadoop2.7/jars/api-asn1-api-1.0.0-M20.jar
7f68e34f7000-7f68e3501000 r--s 0007b000 ca:01 261847                     /home/ubuntu/spark-2.1.1-bin-hadoop2.7/jars/hadoop-mapreduce-client-app-2.7.3.jar
7f68e3501000-7f68e3504000 r--s 0000e000 ca:01 261575                     /home/ubuntu/spark-2.1.1-bin-hadoop2.7/jars/jersey-container-servlet-core-2.22.2.jar
7f68e3504000-7f68e3508000 r--s 00025000 ca:01 261538                     /home/ubuntu/spark-2.1.1-bin-hadoop2.7/jars/antlr-runtime-3.4.jar
7f68e3508000-7f68e3519000 r--s 00089000 ca:01 261623                     /home/ubuntu/spark-2.1.1-bin-hadoop2.7/jars/joda-time-2.9.3.jar
7f68e3519000-7f68e351b000 r--s 00005000 ca:01 261743                     /home/ubuntu/spark-2.1.1-bin-hadoop2.7/jars/javax.annotation-api-1.2.jar
7f68e351b000-7f68e3520000 r--s 00032000 ca:01 261864                     /home/ubuntu/spark-2.1.1-bin-hadoop2.7/jars/chill_2.11-0.8.0.jar
7f68e3520000-7f68e352b000 r--s 0005d000 ca:01 261853                     /home/ubuntu/spark-2.1.1-bin-hadoop2.7/jars/scala-parser-combinators_2.11-1.0.4.jar
7f68e352b000-7f68e353d000 r--s 00112000 ca:01 261835                     /home/ubuntu/spark-2.1.1-bin-hadoop2.7/jars/arpack_combined_all-0.1.jar
7f68e353d000-7f68e3555000 r--s 000d6000 ca:01 261571                     /home/ubuntu/spark-2.1.1-bin-hadoop2.7/jars/jersey-guava-2.22.2.jar
7f68e3555000-7f68e355b000 r--s 0002c000 ca:01 261828                     /home/ubuntu/spark-2.1.1-bin-hadoop2.7/jars/jdo-api-3.0.1.jar
7f68e355b000-7f68e3562000 r--s 00046000 ca:01 261797                     /home/ubuntu/spark-2.1.1-bin-hadoop2.7/jars/libfb303-0.9.3.jar
7f68e3562000-7f68e3564000 r--s 00010000 ca:01 261622                     /home/ubuntu/spark-2.1.1-bin-hadoop2.7/jars/hadoop-mapreduce-client-shuffle-2.7.3.jar
7f68e3564000-7f68e3566000 r--s 00000000 ca:01 261836                     /home/ubuntu/spark-2.1.1-bin-hadoop2.7/jars/jul-to-slf4j-1.7.16.jar
7f68e3566000-7f68e3569000 r--s 00014000 ca:01 261761                     /home/ubuntu/spark-2.1.1-bin-hadoop2.7/jars/super-csv-2.2.0.jar
7f68e3569000-7f68e357b000 r--s 000b3000 ca:01 261829                     /home/ubuntu/spark-2.1.1-bin-hadoop2.7/jars/scalap-2.11.8.jar
7f68e357b000-7f68e357d000 r--s 00003000 ca:01 261843                     /home/ubuntu/spark-2.1.1-bin-hadoop2.7/jars/base64-2.3.8.jar
7f68e357d000-7f68e3587000 r--s 000a5000 ca:01 261766                     /home/ubuntu/spark-2.1.1-bin-hadoop2.7/jars/javassist-3.18.1-GA.jar
7f68e3587000-7f68e359f000 r--s 00115000 ca:01 261537                     /home/ubuntu/spark-2.1.1-bin-hadoop2.7/jars/xercesImpl-2.9.1.jar
7f68e359f000-7f68e35a2000 r--s 00021000 ca:01 261596                     /home/ubuntu/spark-2.1.1-bin-hadoop2.7/jars/xbean-asm5-shaded-4.4.jar
7f68e35a2000-7f68e35a5000 r--s 00025000 ca:01 261618                     /home/ubuntu/spark-2.1.1-bin-hadoop2.7/jars/commons-dbcp-1.4.jar
7f68e35a5000-7f68e35cc000 r--s 0020f000 ca:01 261726                     /home/ubuntu/spark-2.1.1-bin-hadoop2.7/jars/netty-all-4.0.42.Final.jar
7f68e35cc000-7f68e3621000 r--s 0069c000 ca:01 261595                     /home/ubuntu/spark-2.1.1-bin-hadoop2.7/jars/spire_2.11-0.7.4.jar
7f68e3621000-7f68e363c000 r--s 001d6000 ca:01 258377                     /usr/lib/jvm/java-8-openjdk-amd64/jre/lib/ext/nashorn.jar
7f68e363c000-7f68e3657000 r--s 00394000 ca:01 258381                     /usr/lib/jvm/java-8-openjdk-amd64/jre/lib/ext/cldrdata.jar
7f68e3657000-7f68e3658000 ---p 00000000 00:00 0 
7f68e3658000-7f68e3758000 rw-p 00000000 00:00 0 
7f68e3758000-7f68e375b000 ---p 00000000 00:00 0 
7f68e375b000-7f68e3859000 rw-p 00000000 00:00 0 
7f68e3859000-7f68e385c000 ---p 00000000 00:00 0 
7f68e385c000-7f68e395a000 rw-p 00000000 00:00 0 
7f68e395a000-7f68e395d000 ---p 00000000 00:00 0 
7f68e395d000-7f68e3a5b000 rw-p 00000000 00:00 0 
7f68e3a5b000-7f68e3a5e000 ---p 00000000 00:00 0 
7f68e3a5e000-7f68e3b5c000 rw-p 00000000 00:00 0 
7f68e3b5c000-7f68e3cf4000 r--p 00000000 ca:01 6782                       /usr/lib/locale/locale-archive
7f68e3cf4000-7f68e3cf7000 ---p 00000000 00:00 0 
7f68e3cf7000-7f68e3df5000 rw-p 00000000 00:00 0 
7f68e3df5000-7f68e3df8000 ---p 00000000 00:00 0 
7f68e3df8000-7f68e3ef6000 rw-p 00000000 00:00 0 
7f68e3ef6000-7f68e3ef7000 ---p 00000000 00:00 0 
7f68e3ef7000-7f68e3ff7000 rw-p 00000000 00:00 0 
7f68e3ff7000-7f68e41c9000 r--s 03ca8000 ca:01 258354                     /usr/lib/jvm/java-8-openjdk-amd64/jre/lib/rt.jar
7f68e41c9000-7f68e4a3f000 rw-p 00000000 00:00 0 
7f68e4a3f000-7f68e4a81000 rw-p 00000000 00:00 0 
7f68e4a81000-7f68e4ae9000 ---p 00000000 00:00 0 
7f68e4ae9000-7f68e4b79000 rw-p 00000000 00:00 0 
7f68e4b79000-7f68e4c3f000 ---p 00000000 00:00 0 
7f68e4c3f000-7f68e4d1e000 rw-p 00000000 00:00 0 
7f68e4d1e000-7f68e5000000 ---p 00000000 00:00 0 
7f68e5000000-7f68e8750000 rwxp 00000000 00:00 0 
7f68e8750000-7f68f4000000 ---p 00000000 00:00 0 
7f68f4000000-7f68f4dbd000 rw-p 00000000 00:00 0 
7f68f4dbd000-7f68f8000000 ---p 00000000 00:00 0 
7f68f8000000-7f68f8002000 r--s 00003000 ca:01 261570                     /home/ubuntu/spark-2.1.1-bin-hadoop2.7/jars/jersey-container-servlet-2.22.2.jar
7f68f8002000-7f68f8005000 r--s 00015000 ca:01 261620                     /home/ubuntu/spark-2.1.1-bin-hadoop2.7/jars/commons-pool-1.5.4.jar
7f68f8005000-7f68f8007000 r--s 00004000 ca:01 261787                     /home/ubuntu/spark-2.1.1-bin-hadoop2.7/jars/metrics-graphite-3.1.2.jar
7f68f8007000-7f68f800c000 r--s 00027000 ca:01 261861                     /home/ubuntu/spark-2.1.1-bin-hadoop2.7/jars/hk2-api-2.4.0-b34.jar
7f68f800c000-7f68f800e000 r--s 0000f000 ca:01 261715                     /home/ubuntu/spark-2.1.1-bin-hadoop2.7/jars/curator-client-2.6.0.jar
7f68f800e000-7f68f8014000 r--s 00034000 ca:01 261799                     /home/ubuntu/spark-2.1.1-bin-hadoop2.7/jars/libthrift-0.9.3.jar
7f68f8014000-7f68f80a3000 rw-p 00000000 00:00 0 
7f68f80a3000-7f68f816a000 ---p 00000000 00:00 0 
7f68f816a000-7f68f8172000 r-xp 00000000 ca:01 258346                     /usr/lib/jvm/java-8-openjdk-amd64/jre/lib/amd64/libzip.so
7f68f8172000-7f68f8371000 ---p 00008000 ca:01 258346                     /usr/lib/jvm/java-8-openjdk-amd64/jre/lib/amd64/libzip.so
7f68f8371000-7f68f8372000 r--p 00007000 ca:01 258346                     /usr/lib/jvm/java-8-openjdk-amd64/jre/lib/amd64/libzip.so
7f68f8372000-7f68f8373000 rw-p 00008000 ca:01 258346                     /usr/lib/jvm/java-8-openjdk-amd64/jre/lib/amd64/libzip.so
7f68f8373000-7f68f837e000 r-xp 00000000 ca:01 54885                      /lib/x86_64-linux-gnu/libnss_files-2.23.so
7f68f837e000-7f68f857d000 ---p 0000b000 ca:01 54885                      /lib/x86_64-linux-gnu/libnss_files-2.23.so
7f68f857d000-7f68f857e000 r--p 0000a000 ca:01 54885                      /lib/x86_64-linux-gnu/libnss_files-2.23.so
7f68f857e000-7f68f857f000 rw-p 0000b000 ca:01 54885                      /lib/x86_64-linux-gnu/libnss_files-2.23.so
7f68f857f000-7f68f8585000 rw-p 00000000 00:00 0 
7f68f8585000-7f68f8590000 r-xp 00000000 ca:01 54889                      /lib/x86_64-linux-gnu/libnss_nis-2.23.so
7f68f8590000-7f68f878f000 ---p 0000b000 ca:01 54889                      /lib/x86_64-linux-gnu/libnss_nis-2.23.so
7f68f878f000-7f68f8790000 r--p 0000a000 ca:01 54889                      /lib/x86_64-linux-gnu/libnss_nis-2.23.so
7f68f8790000-7f68f8791000 rw-p 0000b000 ca:01 54889                      /lib/x86_64-linux-gnu/libnss_nis-2.23.so
7f68f8791000-7f68f87a7000 r-xp 00000000 ca:01 54875                      /lib/x86_64-linux-gnu/libnsl-2.23.so
7f68f87a7000-7f68f89a6000 ---p 00016000 ca:01 54875                      /lib/x86_64-linux-gnu/libnsl-2.23.so
7f68f89a6000-7f68f89a7000 r--p 00015000 ca:01 54875                      /lib/x86_64-linux-gnu/libnsl-2.23.so
7f68f89a7000-7f68f89a8000 rw-p 00016000 ca:01 54875                      /lib/x86_64-linux-gnu/libnsl-2.23.so
7f68f89a8000-7f68f89aa000 rw-p 00000000 00:00 0 
7f68f89aa000-7f68f89b2000 r-xp 00000000 ca:01 54887                      /lib/x86_64-linux-gnu/libnss_compat-2.23.so
7f68f89b2000-7f68f8bb1000 ---p 00008000 ca:01 54887                      /lib/x86_64-linux-gnu/libnss_compat-2.23.so
7f68f8bb1000-7f68f8bb2000 r--p 00007000 ca:01 54887                      /lib/x86_64-linux-gnu/libnss_compat-2.23.so
7f68f8bb2000-7f68f8bb3000 rw-p 00008000 ca:01 54887                      /lib/x86_64-linux-gnu/libnss_compat-2.23.so
7f68f8bb3000-7f68f8bdc000 r-xp 00000000 ca:01 258342                     /usr/lib/jvm/java-8-openjdk-amd64/jre/lib/amd64/libjava.so
7f68f8bdc000-7f68f8ddc000 ---p 00029000 ca:01 258342                     /usr/lib/jvm/java-8-openjdk-amd64/jre/lib/amd64/libjava.so
7f68f8ddc000-7f68f8ddd000 r--p 00029000 ca:01 258342                     /usr/lib/jvm/java-8-openjdk-amd64/jre/lib/amd64/libjava.so
7f68f8ddd000-7f68f8ddf000 rw-p 0002a000 ca:01 258342                     /usr/lib/jvm/java-8-openjdk-amd64/jre/lib/amd64/libjava.so
7f68f8ddf000-7f68f8dee000 r-xp 00000000 ca:01 258338                     /usr/lib/jvm/java-8-openjdk-amd64/jre/lib/amd64/libverify.so
7f68f8dee000-7f68f8fed000 ---p 0000f000 ca:01 258338                     /usr/lib/jvm/java-8-openjdk-amd64/jre/lib/amd64/libverify.so
7f68f8fed000-7f68f8fef000 r--p 0000e000 ca:01 258338                     /usr/lib/jvm/java-8-openjdk-amd64/jre/lib/amd64/libverify.so
7f68f8fef000-7f68f8ff0000 rw-p 00010000 ca:01 258338                     /usr/lib/jvm/java-8-openjdk-amd64/jre/lib/amd64/libverify.so
7f68f8ff0000-7f68f8ff7000 r-xp 00000000 ca:01 54892                      /lib/x86_64-linux-gnu/librt-2.23.so
7f68f8ff7000-7f68f91f6000 ---p 00007000 ca:01 54892                      /lib/x86_64-linux-gnu/librt-2.23.so
7f68f91f6000-7f68f91f7000 r--p 00006000 ca:01 54892                      /lib/x86_64-linux-gnu/librt-2.23.so
7f68f91f7000-7f68f91f8000 rw-p 00007000 ca:01 54892                      /lib/x86_64-linux-gnu/librt-2.23.so
7f68f91f8000-7f68f920e000 r-xp 00000000 ca:01 1975                       /lib/x86_64-linux-gnu/libgcc_s.so.1
7f68f920e000-7f68f940d000 ---p 00016000 ca:01 1975                       /lib/x86_64-linux-gnu/libgcc_s.so.1
7f68f940d000-7f68f940e000 rw-p 00015000 ca:01 1975                       /lib/x86_64-linux-gnu/libgcc_s.so.1
7f68f940e000-7f68f9516000 r-xp 00000000 ca:01 54876                      /lib/x86_64-linux-gnu/libm-2.23.so
7f68f9516000-7f68f9715000 ---p 00108000 ca:01 54876                      /lib/x86_64-linux-gnu/libm-2.23.so
7f68f9715000-7f68f9716000 r--p 00107000 ca:01 54876                      /lib/x86_64-linux-gnu/libm-2.23.so
7f68f9716000-7f68f9717000 rw-p 00108000 ca:01 54876                      /lib/x86_64-linux-gnu/libm-2.23.so
7f68f9717000-7f68f9889000 r-xp 00000000 ca:01 5316                       /usr/lib/x86_64-linux-gnu/libstdc++.so.6.0.21
7f68f9889000-7f68f9a89000 ---p 00172000 ca:01 5316                       /usr/lib/x86_64-linux-gnu/libstdc++.so.6.0.21
7f68f9a89000-7f68f9a93000 r--p 00172000 ca:01 5316                       /usr/lib/x86_64-linux-gnu/libstdc++.so.6.0.21
7f68f9a93000-7f68f9a95000 rw-p 0017c000 ca:01 5316                       /usr/lib/x86_64-linux-gnu/libstdc++.so.6.0.21
7f68f9a95000-7f68f9a99000 rw-p 00000000 00:00 0 
7f68f9a99000-7f68fa704000 r-xp 00000000 ca:01 258344                     /usr/lib/jvm/java-8-openjdk-amd64/jre/lib/amd64/server/libjvm.so
7f68fa704000-7f68fa903000 ---p 00c6b000 ca:01 258344                     /usr/lib/jvm/java-8-openjdk-amd64/jre/lib/amd64/server/libjvm.so
7f68fa903000-7f68fa998000 r--p 00c6a000 ca:01 258344                     /usr/lib/jvm/java-8-openjdk-amd64/jre/lib/amd64/server/libjvm.so
7f68fa998000-7f68fa9c1000 rw-p 00cff000 ca:01 258344                     /usr/lib/jvm/java-8-openjdk-amd64/jre/lib/amd64/server/libjvm.so
7f68fa9c1000-7f68fa9f1000 rw-p 00000000 00:00 0 
7f68fa9f1000-7f68faa09000 r-xp 00000000 ca:01 54873                      /lib/x86_64-linux-gnu/libpthread-2.23.so
7f68faa09000-7f68fac08000 ---p 00018000 ca:01 54873                      /lib/x86_64-linux-gnu/libpthread-2.23.so
7f68fac08000-7f68fac09000 r--p 00017000 ca:01 54873                      /lib/x86_64-linux-gnu/libpthread-2.23.so
7f68fac09000-7f68fac0a000 rw-p 00018000 ca:01 54873                      /lib/x86_64-linux-gnu/libpthread-2.23.so
7f68fac0a000-7f68fac0e000 rw-p 00000000 00:00 0 
7f68fac0e000-7f68fac11000 r-xp 00000000 ca:01 54870                      /lib/x86_64-linux-gnu/libdl-2.23.so
7f68fac11000-7f68fae10000 ---p 00003000 ca:01 54870                      /lib/x86_64-linux-gnu/libdl-2.23.so
7f68fae10000-7f68fae11000 r--p 00002000 ca:01 54870                      /lib/x86_64-linux-gnu/libdl-2.23.so
7f68fae11000-7f68fae12000 rw-p 00003000 ca:01 54870                      /lib/x86_64-linux-gnu/libdl-2.23.so
7f68fae12000-7f68fae2b000 r-xp 00000000 ca:01 1981                       /lib/x86_64-linux-gnu/libz.so.1.2.8
7f68fae2b000-7f68fb02a000 ---p 00019000 ca:01 1981                       /lib/x86_64-linux-gnu/libz.so.1.2.8
7f68fb02a000-7f68fb02b000 r--p 00018000 ca:01 1981                       /lib/x86_64-linux-gnu/libz.so.1.2.8
7f68fb02b000-7f68fb02c000 rw-p 00019000 ca:01 1981                       /lib/x86_64-linux-gnu/libz.so.1.2.8
7f68fb02c000-7f68fb1ec000 r-xp 00000000 ca:01 54872                      /lib/x86_64-linux-gnu/libc-2.23.so
7f68fb1ec000-7f68fb3ec000 ---p 001c0000 ca:01 54872                      /lib/x86_64-linux-gnu/libc-2.23.so
7f68fb3ec000-7f68fb3f0000 r--p 001c0000 ca:01 54872                      /lib/x86_64-linux-gnu/libc-2.23.so
7f68fb3f0000-7f68fb3f2000 rw-p 001c4000 ca:01 54872                      /lib/x86_64-linux-gnu/libc-2.23.so
7f68fb3f2000-7f68fb3f6000 rw-p 00000000 00:00 0 
7f68fb3f6000-7f68fb404000 r-xp 00000000 ca:01 258317                     /usr/lib/jvm/java-8-openjdk-amd64/jre/lib/amd64/jli/libjli.so
7f68fb404000-7f68fb603000 ---p 0000e000 ca:01 258317                     /usr/lib/jvm/java-8-openjdk-amd64/jre/lib/amd64/jli/libjli.so
7f68fb603000-7f68fb604000 r--p 0000d000 ca:01 258317                     /usr/lib/jvm/java-8-openjdk-amd64/jre/lib/amd64/jli/libjli.so
7f68fb604000-7f68fb605000 rw-p 0000e000 ca:01 258317                     /usr/lib/jvm/java-8-openjdk-amd64/jre/lib/amd64/jli/libjli.so
7f68fb605000-7f68fb62b000 r-xp 00000000 ca:01 54883                      /lib/x86_64-linux-gnu/ld-2.23.so
7f68fb62b000-7f68fb62c000 r--s 00009000 ca:01 261534                     /home/ubuntu/spark-2.1.1-bin-hadoop2.7/jars/hadoop-annotations-2.7.3.jar
7f68fb62c000-7f68fb62f000 r--s 0000f000 ca:01 258376                     /usr/lib/jvm/java-8-openjdk-amd64/jre/lib/ext/icedtea-sound.jar
7f68fb62f000-7f68fb633000 r--s 0003a000 ca:01 258378                     /usr/lib/jvm/java-8-openjdk-amd64/jre/lib/ext/sunpkcs11.jar
7f68fb633000-7f68fb639000 r--s 0003d000 ca:01 258379                     /usr/lib/jvm/java-8-openjdk-amd64/jre/lib/ext/sunjce_provider.jar
7f68fb639000-7f68fb643000 r--s 00117000 ca:01 258380                     /usr/lib/jvm/java-8-openjdk-amd64/jre/lib/ext/localedata.jar
7f68fb643000-7f68fb714000 rw-p 00000000 00:00 0 
7f68fb714000-7f68fb71c000 rw-s 00000000 ca:01 610                        /tmp/hsperfdata_ubuntu/4609
7f68fb71c000-7f68fb71f000 ---p 00000000 00:00 0 
7f68fb71f000-7f68fb821000 rw-p 00000000 00:00 0 
7f68fb821000-7f68fb822000 r--s 00003000 ca:01 261827                     /home/ubuntu/spark-2.1.1-bin-hadoop2.7/jars/metrics-json-3.1.2.jar
7f68fb822000-7f68fb823000 r--s 00010000 ca:01 258374                     /usr/lib/jvm/java-8-openjdk-amd64/jre/lib/ext/zipfs.jar
7f68fb823000-7f68fb824000 r--s 0000a000 ca:01 258375                     /usr/lib/jvm/java-8-openjdk-amd64/jre/lib/ext/jaccess.jar
7f68fb824000-7f68fb826000 r--s 00001000 ca:01 258382                     /usr/lib/jvm/java-8-openjdk-amd64/jre/lib/ext/dnsns.jar
7f68fb826000-7f68fb827000 r--s 0000d000 ca:01 258373                     /usr/lib/jvm/java-8-openjdk-amd64/jre/lib/ext/sunec.jar
7f68fb827000-7f68fb828000 rw-p 00000000 00:00 0 
7f68fb828000-7f68fb829000 ---p 00000000 00:00 0 
7f68fb829000-7f68fb82a000 rw-p 00000000 00:00 0 
7f68fb82a000-7f68fb82b000 r--p 00025000 ca:01 54883                      /lib/x86_64-linux-gnu/ld-2.23.so
7f68fb82b000-7f68fb82c000 rw-p 00026000 ca:01 54883                      /lib/x86_64-linux-gnu/ld-2.23.so
7f68fb82c000-7f68fb82d000 rw-p 00000000 00:00 0 
7ffc60c0f000-7ffc60c30000 rw-p 00000000 00:00 0                          [stack]
7ffc60cc2000-7ffc60cc4000 r--p 00000000 00:00 0                          [vvar]
7ffc60cc4000-7ffc60cc6000 r-xp 00000000 00:00 0                          [vdso]
ffffffffff600000-ffffffffff601000 r-xp 00000000 00:00 0                  [vsyscall]

VM Arguments:
jvm_args: -Xmx1g 
java_command: org.apache.spark.deploy.SparkSubmit --conf spark.app.name=BDAS_Datass transformation pyspark-shell
java_class_path (initial): /home/ubuntu/spark-2.1.1-bin-hadoop2.7/conf/:/home/ubuntu/spark-2.1.1-bin-hadoop2.7/jars/libthrift-0.9.3.jar:/home/ubuntu/spark-2.1.1-bin-hadoop2.7/jars/curator-client-2.6.0.jar:/home/ubuntu/spark-2.1.1-bin-hadoop2.7/jars/hk2-api-2.4.0-b34.jar:/home/ubuntu/spark-2.1.1-bin-hadoop2.7/jars/metrics-json-3.1.2.jar:/home/ubuntu/spark-2.1.1-bin-hadoop2.7/jars/metrics-graphite-3.1.2.jar:/home/ubuntu/spark-2.1.1-bin-hadoop2.7/jars/spire_2.11-0.7.4.jar:/home/ubuntu/spark-2.1.1-bin-hadoop2.7/jars/commons-pool-1.5.4.jar:/home/ubuntu/spark-2.1.1-bin-hadoop2.7/jars/netty-all-4.0.42.Final.jar:/home/ubuntu/spark-2.1.1-bin-hadoop2.7/jars/commons-dbcp-1.4.jar:/home/ubuntu/spark-2.1.1-bin-hadoop2.7/jars/xbean-asm5-shaded-4.4.jar:/home/ubuntu/spark-2.1.1-bin-hadoop2.7/jars/xercesImpl-2.9.1.jar:/home/ubuntu/spark-2.1.1-bin-hadoop2.7/jars/hadoop-annotations-2.7.3.jar:/home/ubuntu/spark-2.1.1-bin-hadoop2.7/jars/javassist-3.18.1-GA.jar:/home/ubuntu/spark-2.1.1-bin-hadoop2.7/jars/jersey-container-servlet-2.22.2.jar:/home/ubuntu/spark-2.1.1-bin-hadoop2.7/jars/base64-2.3.8.jar:/home/ubuntu/spark-2.1.1-bin-hadoop2.7/jars/scalap-2.11.8.jar:/home/ubuntu/spark-2.1.1-bin-hadoop2.7/jars/super-csv-2.2.0.jar:/home/ubuntu/spark-2.1.1-bin-hadoop2.7/jars/jul-to-slf4j-1.7.16.jar:/home/ubuntu/spark-2.1.1-bin-hadoop2.7/jars/hadoop-mapreduce-client-shuffle-2.7.3.jar:/home/ubuntu/spark-2.1.1-bin-hadoop2.7/jars/libfb303-0.9.3.jar:/home/ubuntu/spark-2.1.1-bin-hadoop2.7/jars/jdo-api-3.0.1.jar:/home/ubuntu/spark-2.1.1-bin-hadoop2.7/jars/jersey-guava-2.22.2.jar:/home/ubuntu/spark-2.1.1-bin-hadoop2.7/jars/arpack_combined_all-0.1.jar:/home/ubuntu/spark-2.1.1-bin-hadoop2.7/jars/scala-parser-combinators_2.11-1.0.4.jar:/home/ubuntu/spark-2.1.1-bin-hadoop2.7/jars/chill_2.11-0.8.0.jar:/home/ubuntu/spark-2.1.1-bin-hadoop2.7/jars/javax.annotation-api-1.2.jar:/home/ubuntu/spark-2.1.1-bin-hadoop2.7/jars/joda-time-2.9.3.jar:/home/ubuntu/spark-2.1.1-bin-hadoop2.7/jars/antlr-runtime-3.4.jar:/home/u
Launcher Type: SUN_STANDARD

Environment Variables:
PATH=/home/ubuntu/.local/bin:/home/ubuntu/bin:/home/ubuntu/.local/bin:/usr/local/sbin:/usr/local/bin:/usr/sbin:/usr/bin:/sbin:/bin:/usr/games:/usr/local/games:/snap/bin
SHELL=/bin/bash

Signal Handlers:
SIGSEGV: [libjvm.so+0xa791d0], sa_mask[0]=11111111011111111101111111111110, sa_flags=SA_RESTART|SA_SIGINFO
SIGBUS: [libjvm.so+0xa791d0], sa_mask[0]=11111111011111111101111111111110, sa_flags=SA_RESTART|SA_SIGINFO
SIGFPE: [libjvm.so+0x8bd050], sa_mask[0]=11111111011111111101111111111110, sa_flags=SA_RESTART|SA_SIGINFO
SIGPIPE: [libjvm.so+0x8bd050], sa_mask[0]=11111111011111111101111111111110, sa_flags=SA_RESTART|SA_SIGINFO
SIGXFSZ: [libjvm.so+0x8bd050], sa_mask[0]=11111111011111111101111111111110, sa_flags=SA_RESTART|SA_SIGINFO
SIGILL: [libjvm.so+0x8bd050], sa_mask[0]=11111111011111111101111111111110, sa_flags=SA_RESTART|SA_SIGINFO
SIGUSR1: SIG_DFL, sa_mask[0]=00000000000000000000000000000000, sa_flags=none
SIGUSR2: [libjvm.so+0x8bcf00], sa_mask[0]=00000000000000000000000000000000, sa_flags=SA_RESTART|SA_SIGINFO
SIGHUP: [libjvm.so+0x8bd590], sa_mask[0]=11111111011111111101111111111110, sa_flags=SA_RESTART|SA_SIGINFO
SIGINT: SIG_IGN, sa_mask[0]=00000000000000000000000000000000, sa_flags=none
SIGTERM: [libjvm.so+0x8bd590], sa_mask[0]=11111111011111111101111111111110, sa_flags=SA_RESTART|SA_SIGINFO
SIGQUIT: [libjvm.so+0x8bd590], sa_mask[0]=11111111011111111101111111111110, sa_flags=SA_RESTART|SA_SIGINFO


---------------  S Y S T E M  ---------------

OS:DISTRIB_ID=Ubuntu
DISTRIB_RELEASE=16.04
DISTRIB_CODENAME=xenial
DISTRIB_DESCRIPTION="Ubuntu 16.04.4 LTS"

uname:Linux 4.4.0-1117-aws #131-Ubuntu SMP Tue Oct 6 20:45:33 UTC 2020 x86_64
libc:glibc 2.23 NPTL 2.23 
rlimit: STACK 8192k, CORE 0k, NPROC 3900, NOFILE 1048576, AS infinity
load average:1.08 0.60 0.25

/proc/meminfo:
MemTotal:        1014400 kB
MemFree:           67180 kB
MemAvailable:       6388 kB
Buffers:             576 kB
Cached:            14024 kB
SwapCached:            0 kB
Active:           882736 kB
Inactive:           9892 kB
Active(anon):     880800 kB
Inactive(anon):     3984 kB
Active(file):       1936 kB
Inactive(file):     5908 kB
Unevictable:        3652 kB
Mlocked:            3652 kB
SwapTotal:             0 kB
SwapFree:              0 kB
Dirty:               100 kB
Writeback:             0 kB
AnonPages:        881696 kB
Mapped:             8280 kB
Shmem:              4316 kB
Slab:              29584 kB
SReclaimable:      13392 kB
SUnreclaim:        16192 kB
KernelStack:        3712 kB
PageTables:         5624 kB
NFS_Unstable:          0 kB
Bounce:                0 kB
WritebackTmp:          0 kB
CommitLimit:      507200 kB
Committed_AS:    1255468 kB
VmallocTotal:   34359738367 kB
VmallocUsed:           0 kB
VmallocChunk:          0 kB
HardwareCorrupted:     0 kB
AnonHugePages:         0 kB
CmaTotal:              0 kB
CmaFree:               0 kB
HugePages_Total:       0
HugePages_Free:        0
HugePages_Rsvd:        0
HugePages_Surp:        0
Hugepagesize:       2048 kB
DirectMap4k:       43008 kB
DirectMap2M:     1005568 kB

container (cgroup) information:
container_type: cgroupv1
cpu_cpuset_cpus: 0
cpu_memory_nodes: 0
active_processor_count: 1
cpu_quota: -1
cpu_period: 100000
cpu_shares: -1
memory_limit_in_bytes: -1
memory_and_swap_limit_in_bytes: -2
memory_soft_limit_in_bytes: -1
memory_usage_in_bytes: 898031616
memory_max_usage_in_bytes: 901922816


CPU:total 1 (initial active 1) (1 cores per cpu, 1 threads per core) family 6 model 63 stepping 2, cmov, cx8, fxsr, mmx, sse, sse2, sse3, ssse3, sse4.1, sse4.2, popcnt, avx, avx2, aes, clmul, erms, lzcnt, tsc, bmi1, bmi2

/proc/cpuinfo:
processor	: 0
vendor_id	: GenuineIntel
cpu family	: 6
model		: 63
model name	: Intel(R) Xeon(R) CPU E5-2676 v3 @ 2.40GHz
stepping	: 2
microcode	: 0x43
cpu MHz		: 2400.094
cache size	: 30720 KB
physical id	: 0
siblings	: 1
core id		: 0
cpu cores	: 1
apicid		: 0
initial apicid	: 0
fpu		: yes
fpu_exception	: yes
cpuid level	: 13
wp		: yes
flags		: fpu vme de pse tsc msr pae mce cx8 apic sep mtrr pge mca cmov pat pse36 clflush mmx fxsr sse sse2 ht syscall nx rdtscp lm constant_tsc rep_good nopl xtopology pni pclmulqdq ssse3 fma cx16 pcid sse4_1 sse4_2 x2apic movbe popcnt tsc_deadline_timer aes xsave avx f16c rdrand hypervisor lahf_lm abm invpcid_single kaiser fsgsbase bmi1 avx2 smep bmi2 erms invpcid xsaveopt
bugs		: cpu_meltdown spectre_v1 spectre_v2 spec_store_bypass l1tf mds swapgs itlb_multihit
bogomips	: 4800.18
clflush size	: 64
cache_alignment	: 64
address sizes	: 46 bits physical, 48 bits virtual
power management:



Memory: 4k page, physical 1014400k(67056k free), swap 0k(0k free)

vm_info: OpenJDK 64-Bit Server VM (25.265-b01) for linux-amd64 JRE (1.8.0_265-8u265-b01-0ubuntu2~16.04-b01), built on Aug  3 2020 01:38:05 by "buildd" with gcc 5.4.0 20160609

time: Wed Oct 21 11:00:59 2020
timezone: UTC
elapsed time: 29836 seconds (0d 8h 17m 16s)

