#
# There is insufficient memory for the Java Runtime Environment to continue.
# Native memory allocation (mmap) failed to map 196608 bytes for committing reserved memory.
# Possible reasons:
#   The system is out of physical RAM or swap space
#   The process is running with CompressedOops enabled, and the Java Heap may be blocking the growth of the native heap
# Possible solutions:
#   Reduce memory load on the system
#   Increase physical memory or swap space
#   Check if swap backing store is full
#   Decrease Java heap size (-Xmx/-Xms)
#   Decrease number of Java threads
#   Decrease Java thread stack sizes (-Xss)
#   Set larger code cache with -XX:ReservedCodeCacheSize=
#   JVM is running with Unscaled Compressed Oops mode in which the Java heap is
#     placed in the first 4GB address space. The Java Heap base address is the
#     maximum limit for the native heap growth. Please use -XX:HeapBaseMinAddress
#     to set the Java Heap base and to place the Java Heap above 4GB virtual address.
# This output file may be truncated or incomplete.
#
#  Out of Memory Error (os_linux.cpp:2792), pid=9327, tid=0x00007f0500470700
#
# JRE version: OpenJDK Runtime Environment (8.0_265-b01) (build 1.8.0_265-8u265-b01-0ubuntu2~16.04-b01)
# Java VM: OpenJDK 64-Bit Server VM (25.265-b01 mixed mode linux-amd64 compressed oops)
# Failed to write core dump. Core dumps have been disabled. To enable core dumping, try "ulimit -c unlimited" before starting Java again
#

---------------  T H R E A D  ---------------

Current thread (0x00007f04fc075800):  VMThread [stack: 0x00007f0500370000,0x00007f0500471000] [id=9341]

Stack: [0x00007f0500370000,0x00007f0500471000],  sp=0x00007f050046efc0,  free space=1019k
Native frames: (J=compiled Java code, j=interpreted, Vv=VM code, C=native code)
V  [libjvm.so+0xa7866b]
V  [libjvm.so+0x4ccadc]
V  [libjvm.so+0x8c2178]
V  [libjvm.so+0x8b962e]
V  [libjvm.so+0xa74e24]
V  [libjvm.so+0x5cf02d]
V  [libjvm.so+0x5cffca]
V  [libjvm.so+0x5bcda6]
V  [libjvm.so+0x4d49bc]
V  [libjvm.so+0x89f9e1]
V  [libjvm.so+0x999c23]
V  [libjvm.so+0x4d1732]
V  [libjvm.so+0x5bb4e0]
V  [libjvm.so+0x4d32f8]
V  [libjvm.so+0x5bc448]
V  [libjvm.so+0x45308f]
V  [libjvm.so+0xa79781]
V  [libjvm.so+0xa7eca7]
V  [libjvm.so+0xa7cc73]
V  [libjvm.so+0xa7d745]
V  [libjvm.so+0xa7dd12]
V  [libjvm.so+0x8bf342]

VM_Operation (0x00007f04c8bfa290): GenCollectForAllocation, mode: safepoint, requested by thread 0x00007f04dd85e800


---------------  P R O C E S S  ---------------

Java Threads: ( => current thread )
  0x00007f04fc382000 JavaThread "threadDeathWatcher-7-1" daemon [_thread_blocked, id=9483, stack(0x00007f04ca301000,0x00007f04ca402000)]
  0x00007f04fc708000 JavaThread "shuffle-client-4-1" daemon [_thread_in_native, id=9482, stack(0x00007f04c9ffe000,0x00007f04ca0ff000)]
  0x00007f04dd85e800 JavaThread "broadcast-exchange-0" daemon [_thread_blocked, id=9481, stack(0x00007f04c8afb000,0x00007f04c8bfc000)]
  0x00007f04d01d0800 JavaThread "Thread-31" [_thread_in_native, id=9480, stack(0x00007f04ca804000,0x00007f04ca905000)]
  0x00007f04d4065000 JavaThread "block-manager-slave-async-thread-pool-37" daemon [_thread_blocked, id=9479, stack(0x00007f04c82f9000,0x00007f04c83fa000)]
  0x00007f04e8197000 JavaThread "Executor task launch worker for task 38" daemon [_thread_blocked, id=9478, stack(0x00007f04c83fa000,0x00007f04c84fb000)]
  0x00007f04d4064800 JavaThread "block-manager-slave-async-thread-pool-36" daemon [_thread_blocked, id=9477, stack(0x00007f04c81f8000,0x00007f04c82f9000)]
  0x00007f04d405c000 JavaThread "block-manager-slave-async-thread-pool-35" daemon [_thread_blocked, id=9476, stack(0x00007f04c80f7000,0x00007f04c81f8000)]
  0x00007f04e8245000 JavaThread "block-manager-slave-async-thread-pool-34" daemon [_thread_blocked, id=9475, stack(0x00007f04ca200000,0x00007f04ca301000)]
  0x00007f04e0031800 JavaThread "block-manager-ask-thread-pool-11" daemon [_thread_blocked, id=9474, stack(0x00007f04c7ff6000,0x00007f04c80f7000)]
  0x00007f04e8144800 JavaThread "task-result-getter-3" daemon [_thread_blocked, id=9404, stack(0x00007f04c8bfc000,0x00007f04c8cfd000)]
  0x00007f04e0036000 JavaThread "task-result-getter-2" daemon [_thread_blocked, id=9403, stack(0x00007f04c8cfd000,0x00007f04c8dfe000)]
  0x00007f04e80dc800 JavaThread "task-result-getter-1" daemon [_thread_blocked, id=9398, stack(0x00007f04ca402000,0x00007f04ca503000)]
  0x00007f04e002c000 JavaThread "task-result-getter-0" daemon [_thread_blocked, id=9397, stack(0x00007f04ca703000,0x00007f04ca804000)]
  0x00007f04dd551800 JavaThread "org.apache.hadoop.fs.FileSystem$Statistics$StatisticsDataReferenceCleaner" daemon [_thread_blocked, id=9395, stack(0x00007f04cb35e000,0x00007f04cb45f000)]
  0x00007f04dccff800 JavaThread "SparkListenerBus" daemon [_thread_blocked, id=9393, stack(0x00007f04cb65f000,0x00007f04cb760000)]
  0x00007f04dccfd800 JavaThread "context-cleaner-periodic-gc" daemon [_thread_blocked, id=9392, stack(0x00007f04cb760000,0x00007f04cb861000)]
  0x00007f04dcd17000 JavaThread "Spark Context Cleaner" daemon [_thread_blocked, id=9391, stack(0x00007f04cb861000,0x00007f04cb962000)]
  0x00007f04dc8df800 JavaThread "shuffle-server-5-1" daemon [_thread_in_native, id=9390, stack(0x00007f04cbc55000,0x00007f04cbd56000)]
  0x00007f04dc8d9800 JavaThread "driver-heartbeater" daemon [_thread_blocked, id=9389, stack(0x00007f04cbd56000,0x00007f04cbe57000)]
  0x00007f04dc78b000 JavaThread "dag-scheduler-event-loop" daemon [_thread_blocked, id=9388, stack(0x00007f04cbe57000,0x00007f04cbf58000)]
  0x00005635016c0800 JavaThread "netty-rpc-env-timeout" daemon [_thread_blocked, id=9387, stack(0x00007f04cbf58000,0x00007f04cc059000)]
  0x00007f04dc6c8000 JavaThread "Timer-0" daemon [_thread_blocked, id=9386, stack(0x00007f04cc059000,0x00007f04cc15a000)]
  0x00007f04e807e800 JavaThread "heartbeat-receiver-event-loop-thread" daemon [_thread_blocked, id=9385, stack(0x00007f04cc25b000,0x00007f04cc35c000)]
  0x00007f04dc6fa000 JavaThread "SparkUI-46" daemon [_thread_blocked, id=9384, stack(0x00007f04cc15a000,0x00007f04cc25b000)]
  0x00007f04dc6dc800 JavaThread "SparkUI-45" daemon [_thread_blocked, id=9383, stack(0x00007f04cc962000,0x00007f04cca63000)]
  0x00007f04dc704800 JavaThread "SparkUI-44" daemon [_thread_blocked, id=9382, stack(0x00007f04cc861000,0x00007f04cc962000)]
  0x00007f04dc6fc000 JavaThread "SparkUI-43" daemon [_thread_blocked, id=9381, stack(0x00007f04cc760000,0x00007f04cc861000)]
  0x00007f04dc8f7000 JavaThread "SparkUI-42" daemon [_thread_blocked, id=9380, stack(0x00007f04cc65f000,0x00007f04cc760000)]
  0x00007f04dc8f5800 JavaThread "SparkUI-41" daemon [_thread_blocked, id=9379, stack(0x00007f04cc55e000,0x00007f04cc65f000)]
  0x00007f04dc6d8000 JavaThread "SparkUI-40-acceptor-0@3eae5dbd-Spark@3069a418{HTTP/1.1}{0.0.0.0:4041}" daemon [_thread_in_native, id=9378, stack(0x00007f04cc45d000,0x00007f04cc55e000)]
  0x00007f04dc702800 JavaThread "SparkUI-39-selector-ServerConnectorManager@69ad36a0/0" daemon [_thread_in_native, id=9377, stack(0x00007f04cc35c000,0x00007f04cc45d000)]
  0x00007f04dc638000 JavaThread "refresh progress" daemon [_thread_blocked, id=9366, stack(0x00007f04ccc63000,0x00007f04ccd64000)]
  0x00007f04dc653000 JavaThread "map-output-dispatcher-7" daemon [_thread_blocked, id=9365, stack(0x00007f04ccf64000,0x00007f04cd065000)]
  0x00007f04dc651000 JavaThread "map-output-dispatcher-6" daemon [_thread_blocked, id=9364, stack(0x00007f04cd065000,0x00007f04cd166000)]
  0x00007f04dc766800 JavaThread "map-output-dispatcher-5" daemon [_thread_blocked, id=9363, stack(0x00007f04cd166000,0x00007f04cd267000)]
  0x00007f04dc764800 JavaThread "map-output-dispatcher-4" daemon [_thread_blocked, id=9362, stack(0x00007f04cd267000,0x00007f04cd368000)]
  0x00007f04dc763000 JavaThread "map-output-dispatcher-3" daemon [_thread_blocked, id=9361, stack(0x00007f04cd368000,0x00007f04cd469000)]
  0x00007f04dc684800 JavaThread "map-output-dispatcher-2" daemon [_thread_blocked, id=9360, stack(0x00007f04cd50c000,0x00007f04cd60d000)]
  0x00007f04dc682800 JavaThread "map-output-dispatcher-1" daemon [_thread_blocked, id=9359, stack(0x00007f04cd60d000,0x00007f04cd70e000)]
  0x00007f04dc682000 JavaThread "map-output-dispatcher-0" daemon [_thread_blocked, id=9358, stack(0x00007f04cd70e000,0x00007f04cd80f000)]
  0x00007f04dc594000 JavaThread "rpc-server-3-1" daemon [_thread_in_native, id=9357, stack(0x00007f04cd80f000,0x00007f04cd910000)]
  0x00007f04dc43b800 JavaThread "dispatcher-event-loop-1" daemon [_thread_blocked, id=9356, stack(0x00007f04cdb23000,0x00007f04cdc24000)]
  0x00007f04dc43b000 JavaThread "dispatcher-event-loop-0" daemon [_thread_blocked, id=9355, stack(0x00007f04ce450000,0x00007f04ce551000)]
  0x00007f04d02db800 JavaThread "Thread-2" [_thread_blocked, id=9351, stack(0x00007f04ceb94000,0x00007f04cec95000)]
  0x00007f04fcdac000 JavaThread "Thread-1" [_thread_in_native, id=9350, stack(0x00007f04cec95000,0x00007f04ced96000)]
  0x00007f04fcd9f800 JavaThread "pool-1-thread-1" [_thread_blocked, id=9349, stack(0x00007f04ced96000,0x00007f04cee97000)]
  0x00007f04fc0bb000 JavaThread "Service Thread" daemon [_thread_blocked, id=9347, stack(0x00007f04ec365000,0x00007f04ec466000)]
  0x00007f04fc0b8000 JavaThread "C1 CompilerThread1" daemon [_thread_blocked, id=9346, stack(0x00007f04ec466000,0x00007f04ec567000)]
  0x00007f04fc0b5800 JavaThread "C2 CompilerThread0" daemon [_thread_blocked, id=9345, stack(0x00007f04ec567000,0x00007f04ec668000)]
  0x00007f04fc0b4000 JavaThread "Signal Dispatcher" daemon [_thread_blocked, id=9344, stack(0x00007f050006d000,0x00007f050016e000)]
  0x00007f04fc084000 JavaThread "Finalizer" daemon [_thread_blocked, id=9343, stack(0x00007f050016e000,0x00007f050026f000)]
  0x00007f04fc07f800 JavaThread "Reference Handler" daemon [_thread_blocked, id=9342, stack(0x00007f050026f000,0x00007f0500370000)]
  0x00007f04fc011800 JavaThread "main" [_thread_in_native, id=9340, stack(0x00007f0504382000,0x00007f0504483000)]

Other Threads:
=>0x00007f04fc075800 VMThread [stack: 0x00007f0500370000,0x00007f0500471000] [id=9341]
  0x00007f04fc0be000 WatcherThread [stack: 0x00007f04ec264000,0x00007f04ec365000] [id=9348]

VM state:at safepoint (normal execution)

VM Mutex/Monitor currently owned by a thread:  ([mutex/lock_event])
[0x00007f04fc00def0] Threads_lock - owner thread: 0x00007f04fc075800
[0x00007f04fc00e3f0] Heap_lock - owner thread: 0x00007f04dd85e800

heap address: 0x00000000c0000000, size: 1024 MB, Compressed Oops mode: 32-bit
Narrow klass base: 0x0000000000000000, Narrow klass shift: 3
Compressed class space size: 1073741824 Address: 0x0000000100000000

Heap:
 def new generation   total 43200K, used 43199K [0x00000000c0000000, 0x00000000c2ee0000, 0x00000000d5550000)
  eden space 38400K, 100% used [0x00000000c0000000, 0x00000000c2580000, 0x00000000c2580000)
  from space 4800K,  99% used [0x00000000c2a30000, 0x00000000c2edfff8, 0x00000000c2ee0000)
  to   space 4800K,  99% used [0x00000000c2580000, 0x00000000c2a2ffe0, 0x00000000c2a30000)
 tenured generation   total 96652K, used 96651K [0x00000000d5550000, 0x00000000db3b3000, 0x0000000100000000)
   the space 96652K,  99% used [0x00000000d5550000, 0x00000000db3b2ff8, 0x00000000db3b3000, 0x00000000db3b3000)
 Metaspace       used 73257K, capacity 74220K, committed 74496K, reserved 1114112K
  class space    used 10505K, capacity 10712K, committed 10752K, reserved 1048576K

Card table byte_map: [0x00007f050080f000,0x00007f0500a10000] byte_map_base: 0x00007f050020f000

Polling page: 0x00007f050448e000

CodeCache: size=245760Kb used=26901Kb max_used=26912Kb free=218858Kb
 bounds [0x00007f04ed000000, 0x00007f04eea80000, 0x00007f04fc000000]
 total_blobs=9076 nmethods=8471 adapters=517
 compilation: enabled

Compilation events (10 events):
Event: 1767.630 Thread 0x00007f04fc0b8000 10346       3       org.apache.spark.sql.execution.exchange.BroadcastExchangeExec$$anonfun$relationFuture$1$$anonfun$apply$1$$anonfun$1::apply (12 bytes)
Event: 1767.630 Thread 0x00007f04fc0b8000 nmethod 10346 0x00007f04eea68890 code [0x00007f04eea68a20, 0x00007f04eea68f40]
Event: 1767.630 Thread 0x00007f04fc0b5800 10347       4       scala.collection.mutable.ArrayBuilder$ofLong::ensureSize (54 bytes)
Event: 1767.631 Thread 0x00007f04fc0b5800 nmethod 10347 0x00007f04ee611110 code [0x00007f04ee611260, 0x00007f04ee6112f8]
Event: 1767.631 Thread 0x00007f04fc0b5800 10348       4       scala.collection.mutable.ArrayBuilder$ofLong::$plus$eq (9 bytes)
Event: 1767.632 Thread 0x00007f04fc0b5800 nmethod 10348 0x00007f04eea72bd0 code [0x00007f04eea72d20, 0x00007f04eea72e78]
Event: 1767.632 Thread 0x00007f04fc0b5800 10349       4       org.apache.spark.sql.execution.exchange.BroadcastExchangeExec$$anonfun$relationFuture$1$$anonfun$apply$1$$anonfun$1::apply (12 bytes)
Event: 1767.634 Thread 0x00007f04fc0b5800 nmethod 10349 0x00007f04eea68450 code [0x00007f04eea685c0, 0x00007f04eea68718]
Event: 1767.652 Thread 0x00007f04fc0b5800 10350       4       scala.collection.mutable.ArrayOps$ofLong::apply (15 bytes)
Event: 1767.654 Thread 0x00007f04fc0b5800 nmethod 10350 0x00007f04eea67fd0 code [0x00007f04eea68140, 0x00007f04eea682b8]

GC Heap History (10 events):
Event: 1767.262 GC heap after
Heap after GC invocations=1213 (full 12):
 def new generation   total 19008K, used 0K [0x00000000c0000000, 0x00000000c1490000, 0x00000000d5550000)
  eden space 16960K,   0% used [0x00000000c0000000, 0x00000000c0000000, 0x00000000c1090000)
  from space 2048K,   0% used [0x00000000c1290000, 0x00000000c1290000, 0x00000000c1490000)
  to   space 2048K,   0% used [0x00000000c1090000, 0x00000000c1090000, 0x00000000c1290000)
 tenured generation   total 41972K, used 24331K [0x00000000d5550000, 0x00000000d7e4d000, 0x0000000100000000)
   the space 41972K,  57% used [0x00000000d5550000, 0x00000000d6d12c68, 0x00000000d6d12e00, 0x00000000d7e4d000)
 Metaspace       used 73021K, capacity 73996K, committed 74240K, reserved 1112064K
  class space    used 10472K, capacity 10680K, committed 10752K, reserved 1048576K
}
Event: 1767.268 GC heap before
{Heap before GC invocations=1213 (full 12):
 def new generation   total 19008K, used 16960K [0x00000000c0000000, 0x00000000c1490000, 0x00000000d5550000)
  eden space 16960K, 100% used [0x00000000c0000000, 0x00000000c1090000, 0x00000000c1090000)
  from space 2048K,   0% used [0x00000000c1290000, 0x00000000c1290000, 0x00000000c1490000)
  to   space 2048K,   0% used [0x00000000c1090000, 0x00000000c1090000, 0x00000000c1290000)
 tenured generation   total 41972K, used 24331K [0x00000000d5550000, 0x00000000d7e4d000, 0x0000000100000000)
   the space 41972K,  57% used [0x00000000d5550000, 0x00000000d6d12c68, 0x00000000d6d12e00, 0x00000000d7e4d000)
 Metaspace       used 73034K, capacity 73996K, committed 74240K, reserved 1112064K
  class space    used 10474K, capacity 10680K, committed 10752K, reserved 1048576K
Event: 1767.274 GC heap after
Heap after GC invocations=1214 (full 12):
 def new generation   total 19008K, used 34K [0x00000000c0000000, 0x00000000c1490000, 0x00000000d5550000)
  eden space 16960K,   0% used [0x00000000c0000000, 0x00000000c0000000, 0x00000000c1090000)
  from space 2048K,   1% used [0x00000000c1090000, 0x00000000c1098a30, 0x00000000c1290000)
  to   space 2048K,   0% used [0x00000000c1290000, 0x00000000c1290000, 0x00000000c1490000)
 tenured generation   total 41972K, used 40715K [0x00000000d5550000, 0x00000000d7e4d000, 0x0000000100000000)
   the space 41972K,  97% used [0x00000000d5550000, 0x00000000d7d12c78, 0x00000000d7d12e00, 0x00000000d7e4d000)
 Metaspace       used 73034K, capacity 73996K, committed 74240K, reserved 1112064K
  class space    used 10474K, capacity 10680K, committed 10752K, reserved 1048576K
}
Event: 1767.340 GC heap before
{Heap before GC invocations=1214 (full 12):
 def new generation   total 19008K, used 2660K [0x00000000c0000000, 0x00000000c1490000, 0x00000000d5550000)
  eden space 16960K,  15% used [0x00000000c0000000, 0x00000000c0290680, 0x00000000c1090000)
  from space 2048K,   1% used [0x00000000c1090000, 0x00000000c1098a30, 0x00000000c1290000)
  to   space 2048K,   0% used [0x00000000c1290000, 0x00000000c1290000, 0x00000000c1490000)
 tenured generation   total 41972K, used 40715K [0x00000000d5550000, 0x00000000d7e4d000, 0x0000000100000000)
   the space 41972K,  97% used [0x00000000d5550000, 0x00000000d7d12c78, 0x00000000d7d12e00, 0x00000000d7e4d000)
 Metaspace       used 73200K, capacity 74156K, committed 74240K, reserved 1112064K
  class space    used 10499K, capacity 10712K, committed 10752K, reserved 1048576K
Event: 1767.343 GC heap after
Heap after GC invocations=1215 (full 12):
 def new generation   total 19008K, used 400K [0x00000000c0000000, 0x00000000c1490000, 0x00000000d5550000)
  eden space 16960K,   0% used [0x00000000c0000000, 0x00000000c0000000, 0x00000000c1090000)
  from space 2048K,  19% used [0x00000000c1290000, 0x00000000c12f4178, 0x00000000c1490000)
  to   space 2048K,   0% used [0x00000000c1090000, 0x00000000c1090000, 0x00000000c1290000)
 tenured generation   total 41972K, used 40715K [0x00000000d5550000, 0x00000000d7e4d000, 0x0000000100000000)
   the space 41972K,  97% used [0x00000000d5550000, 0x00000000d7d12c78, 0x00000000d7d12e00, 0x00000000d7e4d000)
 Metaspace       used 73200K, capacity 74156K, committed 74240K, reserved 1112064K
  class space    used 10499K, capacity 10712K, committed 10752K, reserved 1048576K
}
Event: 1767.365 GC heap before
{Heap before GC invocations=1215 (full 12):
 def new generation   total 19008K, used 17360K [0x00000000c0000000, 0x00000000c1490000, 0x00000000d5550000)
  eden space 16960K, 100% used [0x00000000c0000000, 0x00000000c1090000, 0x00000000c1090000)
  from space 2048K,  19% used [0x00000000c1290000, 0x00000000c12f4178, 0x00000000c1490000)
  to   space 2048K,   0% used [0x00000000c1090000, 0x00000000c1090000, 0x00000000c1290000)
 tenured generation   total 41972K, used 40715K [0x00000000d5550000, 0x00000000d7e4d000, 0x0000000100000000)
   the space 41972K,  97% used [0x00000000d5550000, 0x00000000d7d12c78, 0x00000000d7d12e00, 0x00000000d7e4d000)
 Metaspace       used 73219K, capacity 74220K, committed 74496K, reserved 1114112K
  class space    used 10502K, capacity 10712K, committed 10752K, reserved 1048576K
Event: 1767.448 GC heap after
Heap after GC invocations=1216 (full 13):
 def new generation   total 43200K, used 0K [0x00000000c0000000, 0x00000000c2ee0000, 0x00000000d5550000)
  eden space 38400K,   0% used [0x00000000c0000000, 0x00000000c0000000, 0x00000000c2580000)
  from space 4800K,   0% used [0x00000000c2580000, 0x00000000c2580000, 0x00000000c2a30000)
  to   space 4800K,   0% used [0x00000000c2a30000, 0x00000000c2a30000, 0x00000000c2ee0000)
 tenured generation   total 95884K, used 57529K [0x00000000d5550000, 0x00000000db2f3000, 0x0000000100000000)
   the space 95884K,  59% used [0x00000000d5550000, 0x00000000d8d7e710, 0x00000000d8d7e800, 0x00000000db2f3000)
 Metaspace       used 73219K, capacity 74220K, committed 74496K, reserved 1114112K
  class space    used 10502K, capacity 10712K, committed 10752K, reserved 1048576K
}
Event: 1767.557 GC heap before
{Heap before GC invocations=1216 (full 13):
 def new generation   total 43200K, used 38400K [0x00000000c0000000, 0x00000000c2ee0000, 0x00000000d5550000)
  eden space 38400K, 100% used [0x00000000c0000000, 0x00000000c2580000, 0x00000000c2580000)
  from space 4800K,   0% used [0x00000000c2580000, 0x00000000c2580000, 0x00000000c2a30000)
  to   space 4800K,   0% used [0x00000000c2a30000, 0x00000000c2a30000, 0x00000000c2ee0000)
 tenured generation   total 95884K, used 57529K [0x00000000d5550000, 0x00000000db2f3000, 0x0000000100000000)
   the space 95884K,  59% used [0x00000000d5550000, 0x00000000d8d7e710, 0x00000000d8d7e800, 0x00000000db2f3000)
 Metaspace       used 73252K, capacity 74220K, committed 74496K, reserved 1114112K
  class space    used 10504K, capacity 10712K, committed 10752K, reserved 1048576K
Event: 1767.595 GC heap after
Heap after GC invocations=1217 (full 13):
 def new generation   total 43200K, used 4799K [0x00000000c0000000, 0x00000000c2ee0000, 0x00000000d5550000)
  eden space 38400K,   0% used [0x00000000c0000000, 0x00000000c0000000, 0x00000000c2580000)
  from space 4800K,  99% used [0x00000000c2a30000, 0x00000000c2edfff8, 0x00000000c2ee0000)
  to   space 4800K,   0% used [0x00000000c2580000, 0x00000000c2580000, 0x00000000c2a30000)
 tenured generation   total 95884K, used 84029K [0x00000000d5550000, 0x00000000db2f3000, 0x0000000100000000)
   the space 95884K,  87% used [0x00000000d5550000, 0x00000000da75f758, 0x00000000da75f800, 0x00000000db2f3000)
 Metaspace       used 73252K, capacity 74220K, committed 74496K, reserved 1114112K
  class space    used 10504K, capacity 10712K, committed 10752K, reserved 1048576K
}
Event: 1767.655 GC heap before
{Heap before GC invocations=1217 (full 13):
 def new generation   total 43200K, used 43199K [0x00000000c0000000, 0x00000000c2ee0000, 0x00000000d5550000)
  eden space 38400K, 100% used [0x00000000c0000000, 0x00000000c2580000, 0x00000000c2580000)
  from space 4800K,  99% used [0x00000000c2a30000, 0x00000000c2edfff8, 0x00000000c2ee0000)
  to   space 4800K,   0% used [0x00000000c2580000, 0x00000000c2580000, 0x00000000c2a30000)
 tenured generation   total 95884K, used 84029K [0x00000000d5550000, 0x00000000db2f3000, 0x0000000100000000)
   the space 95884K,  87% used [0x00000000d5550000, 0x00000000da75f758, 0x00000000da75f800, 0x00000000db2f3000)
 Metaspace       used 73257K, capacity 74220K, committed 74496K, reserved 1114112K
  class space    used 10505K, capacity 10712K, committed 10752K, reserved 1048576K

Deoptimization events (10 events):
Event: 1767.014 Thread 0x00007f04e8197000 Uncommon trap: reason=unstable_if action=reinterpret pc=0x00007f04eea31594 method=org.apache.spark.sql.catalyst.expressions.GeneratedClass$GeneratedIterator.processNext()V @ 2152
Event: 1767.014 Thread 0x00007f04e8197000 Uncommon trap: reason=unstable_if action=reinterpret pc=0x00007f04ee889498 method=org.apache.spark.sql.execution.SparkPlan$$anonfun$2.apply(Lscala/collection/Iterator;)Lscala/collection/Iterator; @ 58
Event: 1767.027 Thread 0x00007f04e8197000 Uncommon trap: reason=array_check action=maybe_recompile pc=0x00007f04ee802f58 method=java.util.TimSort.binarySort([Ljava/lang/Object;IIILjava/util/Comparator;)V @ 193
Event: 1767.028 Thread 0x00007f04e8197000 Uncommon trap: reason=array_check action=maybe_recompile pc=0x00007f04ee8060dc method=java.util.TimSort.reverseRange([Ljava/lang/Object;II)V @ 20
Event: 1767.028 Thread 0x00007f04e8197000 Uncommon trap: reason=array_check action=maybe_recompile pc=0x00007f04ee80304c method=java.util.TimSort.binarySort([Ljava/lang/Object;IIILjava/util/Comparator;)V @ 183
Event: 1767.094 Thread 0x00007f04e0036000 Uncommon trap: reason=class_check action=maybe_recompile pc=0x00007f04ee91a43c method=java.util.HashMap.putMapEntries(Ljava/util/Map;Z)V @ 1
Event: 1767.095 Thread 0x00007f04fc708000 Uncommon trap: reason=unstable_if action=reinterpret pc=0x00007f04ee23d4b4 method=io.netty.util.concurrent.SingleThreadEventExecutor.hasTasks()Z @ 30
Event: 1767.147 Thread 0x00007f04dc8df800 Uncommon trap: reason=class_check action=maybe_recompile pc=0x00007f04ee91a43c method=java.util.HashMap.putMapEntries(Ljava/util/Map;Z)V @ 1
Event: 1767.458 Thread 0x00007f04fc708000 Uncommon trap: reason=unstable_if action=reinterpret pc=0x00007f04ee186f28 method=java.util.LinkedList.unlinkFirst(Ljava/util/LinkedList$Node;)Ljava/lang/Object; @ 26
Event: 1767.621 Thread 0x00007f04dd85e800 Uncommon trap: reason=unstable_if action=reinterpret pc=0x00007f04edbbc734 method=org.apache.spark.sql.execution.SparkPlan$$anon$1.hasNext()Z @ 5

Classes redefined (0 events):
No events

Internal exceptions (10 events):
Event: 1707.542 Thread 0x00007f04d02db800 Exception <a 'java/lang/NoSuchMethodError': <clinit>> (0x00000000c0e62a08) thrown at [/build/openjdk-8-jsjOeo/openjdk-8-8u265-b01/src/hotspot/src/share/vm/prims/jni.cpp, line 1616]
Event: 1707.544 Thread 0x00007f04d02db800 Exception <a 'java/lang/NoSuchMethodError': <clinit>> (0x00000000c0e71eb0) thrown at [/build/openjdk-8-jsjOeo/openjdk-8-8u265-b01/src/hotspot/src/share/vm/prims/jni.cpp, line 1616]
Event: 1709.351 Thread 0x00007f04e8197000 Exception <a 'java/lang/NoSuchMethodError': <clinit>> (0x00000000c0bdf368) thrown at [/build/openjdk-8-jsjOeo/openjdk-8-8u265-b01/src/hotspot/src/share/vm/prims/jni.cpp, line 1616]
Event: 1709.445 Thread 0x00007f04d02db800 Exception <a 'java/lang/reflect/InvocationTargetException'> (0x00000000c049d280) thrown at [/build/openjdk-8-jsjOeo/openjdk-8-8u265-b01/src/hotspot/src/share/vm/runtime/reflection.cpp, line 1092]
Event: 1710.757 Thread 0x00007f04d02db800 Exception <a 'java/lang/reflect/InvocationTargetException'> (0x00000000c0075650) thrown at [/build/openjdk-8-jsjOeo/openjdk-8-8u265-b01/src/hotspot/src/share/vm/runtime/reflection.cpp, line 1092]
Event: 1711.944 Thread 0x00007f04d02db800 Exception <a 'java/lang/reflect/InvocationTargetException'> (0x00000000c0b2fc58) thrown at [/build/openjdk-8-jsjOeo/openjdk-8-8u265-b01/src/hotspot/src/share/vm/runtime/reflection.cpp, line 1092]
Event: 1713.448 Thread 0x00007f04d02db800 Exception <a 'java/lang/reflect/InvocationTargetException'> (0x00000000c07d9160) thrown at [/build/openjdk-8-jsjOeo/openjdk-8-8u265-b01/src/hotspot/src/share/vm/runtime/reflection.cpp, line 1092]
Event: 1714.960 Thread 0x00007f04d02db800 Exception <a 'java/lang/reflect/InvocationTargetException'> (0x00000000c027c288) thrown at [/build/openjdk-8-jsjOeo/openjdk-8-8u265-b01/src/hotspot/src/share/vm/runtime/reflection.cpp, line 1092]
Event: 1767.027 Thread 0x00007f04e8197000 Exception <a 'java/lang/NoSuchMethodError': <clinit>> (0x00000000c0473b20) thrown at [/build/openjdk-8-jsjOeo/openjdk-8-8u265-b01/src/hotspot/src/share/vm/prims/jni.cpp, line 1616]
Event: 1767.028 Thread 0x00007f04e8197000 Exception <a 'java/lang/NoSuchMethodError': <clinit>> (0x00000000c0480dc0) thrown at [/build/openjdk-8-jsjOeo/openjdk-8-8u265-b01/src/hotspot/src/share/vm/prims/jni.cpp, line 1616]

Events (10 events):
Event: 1767.528 Thread 0x00007f04dd85e800 DEOPT PACKING pc=0x00007f04ed6fe2ae sp=0x00007f04c8bfa3a0
Event: 1767.528 Thread 0x00007f04dd85e800 DEOPT UNPACKING pc=0x00007f04ed0474c4 sp=0x00007f04c8bfa100 mode 0
Event: 1767.557 Executing VM operation: GenCollectForAllocation
Event: 1767.595 Executing VM operation: GenCollectForAllocation done
Event: 1767.621 Thread 0x00007f04dd85e800 Uncommon trap: trap_request=0xffffff65 fr.pc=0x00007f04edbbc734
Event: 1767.621 Thread 0x00007f04dd85e800 DEOPT PACKING pc=0x00007f04edbbc734 sp=0x00007f04c8bfa3a0
Event: 1767.621 Thread 0x00007f04dd85e800 DEOPT UNPACKING pc=0x00007f04ed04547a sp=0x00007f04c8bfa348 mode 2
Event: 1767.625 loading class org/apache/spark/sql/execution/exchange/BroadcastExchangeExec$$anonfun$relationFuture$1$$anonfun$apply$1$$anonfun$1
Event: 1767.625 loading class org/apache/spark/sql/execution/exchange/BroadcastExchangeExec$$anonfun$relationFuture$1$$anonfun$apply$1$$anonfun$1 done
Event: 1767.655 Executing VM operation: GenCollectForAllocation


Dynamic libraries:
c0000000-c2ee0000 rw-p 00000000 00:00 0 
c2ee0000-d5550000 ---p 00000000 00:00 0 
d5550000-db3b3000 rw-p 00000000 00:00 0 
db3e3000-100000000 ---p 00000000 00:00 0 
100000000-100a80000 rw-p 00000000 00:00 0 
100a80000-140000000 ---p 00000000 00:00 0 
563501455000-563501456000 r-xp 00000000 ca:01 258298                     /usr/lib/jvm/java-8-openjdk-amd64/jre/bin/java
563501655000-563501656000 r--p 00000000 ca:01 258298                     /usr/lib/jvm/java-8-openjdk-amd64/jre/bin/java
563501656000-563501657000 rw-p 00001000 ca:01 258298                     /usr/lib/jvm/java-8-openjdk-amd64/jre/bin/java
56350169d000-5635016df000 rw-p 00000000 00:00 0                          [heap]
7f04c5af3000-7f04c5b33000 rw-p 00000000 00:00 0 
7f04c5b33000-7f04c5cf3000 ---p 00000000 00:00 0 
7f04c5cf3000-7f04c7ef5000 rw-p 00000000 00:00 0 
7f04c7ef5000-7f04c7ef8000 ---p 00000000 00:00 0 
7f04c7ef8000-7f04c7ff6000 rw-p 00000000 00:00 0 
7f04c7ff6000-7f04c7ff9000 ---p 00000000 00:00 0 
7f04c7ff9000-7f04c80f7000 rw-p 00000000 00:00 0 
7f04c80f7000-7f04c80fa000 ---p 00000000 00:00 0 
7f04c80fa000-7f04c81f8000 rw-p 00000000 00:00 0 
7f04c81f8000-7f04c81fb000 ---p 00000000 00:00 0 
7f04c81fb000-7f04c82f9000 rw-p 00000000 00:00 0 
7f04c82f9000-7f04c82fc000 ---p 00000000 00:00 0 
7f04c82fc000-7f04c83fa000 rw-p 00000000 00:00 0 
7f04c83fa000-7f04c83fd000 ---p 00000000 00:00 0 
7f04c83fd000-7f04c86fb000 rw-p 00000000 00:00 0 
7f04c86fb000-7f04c88fb000 rw-p 00000000 00:00 0 
7f04c88fb000-7f04c8afb000 rw-p 00000000 00:00 0 
7f04c8afb000-7f04c8afe000 ---p 00000000 00:00 0 
7f04c8afe000-7f04c8bfc000 rw-p 00000000 00:00 0 
7f04c8bfc000-7f04c8bff000 ---p 00000000 00:00 0 
7f04c8bff000-7f04c8cfd000 rw-p 00000000 00:00 0 
7f04c8cfd000-7f04c8d00000 ---p 00000000 00:00 0 
7f04c8d00000-7f04c8ffe000 rw-p 00000000 00:00 0 
7f04c8ffe000-7f04c91fe000 rw-p 00000000 00:00 0 
7f04c91fe000-7f04c93fe000 rw-p 00000000 00:00 0 
7f04c93fe000-7f04c95fe000 rw-p 00000000 00:00 0 
7f04c95fe000-7f04c97fe000 rw-p 00000000 00:00 0 
7f04c97fe000-7f04c99fe000 rw-p 00000000 00:00 0 
7f04c99fe000-7f04c9bfe000 rw-p 00000000 00:00 0 
7f04c9bfe000-7f04c9dfe000 rw-p 00000000 00:00 0 
7f04c9dfe000-7f04c9ffe000 rw-p 00000000 00:00 0 
7f04c9ffe000-7f04ca001000 ---p 00000000 00:00 0 
7f04ca001000-7f04ca0ff000 rw-p 00000000 00:00 0 
7f04ca0ff000-7f04ca102000 ---p 00000000 00:00 0 
7f04ca102000-7f04ca200000 rw-p 00000000 00:00 0 
7f04ca200000-7f04ca203000 ---p 00000000 00:00 0 
7f04ca203000-7f04ca301000 rw-p 00000000 00:00 0 
7f04ca301000-7f04ca304000 ---p 00000000 00:00 0 
7f04ca304000-7f04ca402000 rw-p 00000000 00:00 0 
7f04ca402000-7f04ca405000 ---p 00000000 00:00 0 
7f04ca405000-7f04ca703000 rw-p 00000000 00:00 0 
7f04ca703000-7f04ca706000 ---p 00000000 00:00 0 
7f04ca706000-7f04ca804000 rw-p 00000000 00:00 0 
7f04ca804000-7f04ca807000 ---p 00000000 00:00 0 
7f04ca807000-7f04cab05000 rw-p 00000000 00:00 0 
7f04cab05000-7f04cab12000 r-xp 00000000 ca:01 17234                      /tmp/liblz4-java2499930109487987830.so
7f04cab12000-7f04cad11000 ---p 0000d000 ca:01 17234                      /tmp/liblz4-java2499930109487987830.so
7f04cad11000-7f04cad12000 rw-p 0000c000 ca:01 17234                      /tmp/liblz4-java2499930109487987830.so
7f04cad12000-7f04caf12000 rw-p 00000000 00:00 0 
7f04caf12000-7f04cb112000 rw-p 00000000 00:00 0 
7f04cb15e000-7f04cb35e000 rw-p 00000000 00:00 0 
7f04cb35e000-7f04cb361000 ---p 00000000 00:00 0 
7f04cb361000-7f04cb65f000 rw-p 00000000 00:00 0 
7f04cb65f000-7f04cb662000 ---p 00000000 00:00 0 
7f04cb662000-7f04cb760000 rw-p 00000000 00:00 0 
7f04cb760000-7f04cb763000 ---p 00000000 00:00 0 
7f04cb763000-7f04cb861000 rw-p 00000000 00:00 0 
7f04cb861000-7f04cb864000 ---p 00000000 00:00 0 
7f04cb864000-7f04cb962000 rw-p 00000000 00:00 0 
7f04cba55000-7f04cbc55000 rw-p 00000000 00:00 0 
7f04cbc55000-7f04cbc58000 ---p 00000000 00:00 0 
7f04cbc58000-7f04cbd56000 rw-p 00000000 00:00 0 
7f04cbd56000-7f04cbd59000 ---p 00000000 00:00 0 
7f04cbd59000-7f04cbe57000 rw-p 00000000 00:00 0 
7f04cbe57000-7f04cbe5a000 ---p 00000000 00:00 0 
7f04cbe5a000-7f04cbf58000 rw-p 00000000 00:00 0 
7f04cbf58000-7f04cbf5b000 ---p 00000000 00:00 0 
7f04cbf5b000-7f04cc059000 rw-p 00000000 00:00 0 
7f04cc059000-7f04cc05c000 ---p 00000000 00:00 0 
7f04cc05c000-7f04cc15a000 rw-p 00000000 00:00 0 
7f04cc15a000-7f04cc15d000 ---p 00000000 00:00 0 
7f04cc15d000-7f04cc25b000 rw-p 00000000 00:00 0 
7f04cc25b000-7f04cc25e000 ---p 00000000 00:00 0 
7f04cc25e000-7f04cc35c000 rw-p 00000000 00:00 0 
7f04cc35c000-7f04cc35f000 ---p 00000000 00:00 0 
7f04cc35f000-7f04cc45d000 rw-p 00000000 00:00 0 
7f04cc45d000-7f04cc460000 ---p 00000000 00:00 0 
7f04cc460000-7f04cc55e000 rw-p 00000000 00:00 0 
7f04cc55e000-7f04cc561000 ---p 00000000 00:00 0 
7f04cc561000-7f04cc65f000 rw-p 00000000 00:00 0 
7f04cc65f000-7f04cc662000 ---p 00000000 00:00 0 
7f04cc662000-7f04cc760000 rw-p 00000000 00:00 0 
7f04cc760000-7f04cc763000 ---p 00000000 00:00 0 
7f04cc763000-7f04cc861000 rw-p 00000000 00:00 0 
7f04cc861000-7f04cc864000 ---p 00000000 00:00 0 
7f04cc864000-7f04cc962000 rw-p 00000000 00:00 0 
7f04cc962000-7f04cc965000 ---p 00000000 00:00 0 
7f04cc965000-7f04ccc63000 rw-p 00000000 00:00 0 
7f04ccc63000-7f04ccc66000 ---p 00000000 00:00 0 
7f04ccc66000-7f04ccf64000 rw-p 00000000 00:00 0 
7f04ccf64000-7f04ccf67000 ---p 00000000 00:00 0 
7f04ccf67000-7f04cd065000 rw-p 00000000 00:00 0 
7f04cd065000-7f04cd068000 ---p 00000000 00:00 0 
7f04cd068000-7f04cd166000 rw-p 00000000 00:00 0 
7f04cd166000-7f04cd169000 ---p 00000000 00:00 0 
7f04cd169000-7f04cd267000 rw-p 00000000 00:00 0 
7f04cd267000-7f04cd26a000 ---p 00000000 00:00 0 
7f04cd26a000-7f04cd368000 rw-p 00000000 00:00 0 
7f04cd368000-7f04cd36b000 ---p 00000000 00:00 0 
7f04cd36b000-7f04cd469000 rw-p 00000000 00:00 0 
7f04cd50c000-7f04cd50f000 ---p 00000000 00:00 0 
7f04cd50f000-7f04cd60d000 rw-p 00000000 00:00 0 
7f04cd60d000-7f04cd610000 ---p 00000000 00:00 0 
7f04cd610000-7f04cd70e000 rw-p 00000000 00:00 0 
7f04cd70e000-7f04cd711000 ---p 00000000 00:00 0 
7f04cd711000-7f04cd80f000 rw-p 00000000 00:00 0 
7f04cd80f000-7f04cd812000 ---p 00000000 00:00 0 
7f04cd812000-7f04cdb10000 rw-p 00000000 00:00 0 
7f04cdb10000-7f04cdb23000 r--s 00346000 ca:01 258349                     /usr/lib/jvm/java-8-openjdk-amd64/jre/lib/resources.jar
7f04cdb23000-7f04cdb26000 ---p 00000000 00:00 0 
7f04cdb26000-7f04cde24000 rw-p 00000000 00:00 0 
7f04cde24000-7f04cde3b000 r-xp 00000000 ca:01 54890                      /lib/x86_64-linux-gnu/libresolv-2.23.so
7f04cde3b000-7f04ce03b000 ---p 00017000 ca:01 54890                      /lib/x86_64-linux-gnu/libresolv-2.23.so
7f04ce03b000-7f04ce03c000 r--p 00017000 ca:01 54890                      /lib/x86_64-linux-gnu/libresolv-2.23.so
7f04ce03c000-7f04ce03d000 rw-p 00018000 ca:01 54890                      /lib/x86_64-linux-gnu/libresolv-2.23.so
7f04ce03d000-7f04ce03f000 rw-p 00000000 00:00 0 
7f04ce03f000-7f04ce044000 r-xp 00000000 ca:01 54884                      /lib/x86_64-linux-gnu/libnss_dns-2.23.so
7f04ce044000-7f04ce244000 ---p 00005000 ca:01 54884                      /lib/x86_64-linux-gnu/libnss_dns-2.23.so
7f04ce244000-7f04ce245000 r--p 00005000 ca:01 54884                      /lib/x86_64-linux-gnu/libnss_dns-2.23.so
7f04ce245000-7f04ce246000 rw-p 00006000 ca:01 54884                      /lib/x86_64-linux-gnu/libnss_dns-2.23.so
7f04ce247000-7f04ce249000 r--s 00016000 ca:01 258357                     /usr/lib/jvm/java-8-openjdk-amd64/jre/lib/jce.jar
7f04ce249000-7f04ce24e000 r--s 000a7000 ca:01 258348                     /usr/lib/jvm/java-8-openjdk-amd64/jre/lib/jsse.jar
7f04ce24e000-7f04ce24f000 r-xp 00000000 ca:01 258319                     /usr/lib/jvm/java-8-openjdk-amd64/jre/lib/amd64/libjaas_unix.so
7f04ce24f000-7f04ce44e000 ---p 00001000 ca:01 258319                     /usr/lib/jvm/java-8-openjdk-amd64/jre/lib/amd64/libjaas_unix.so
7f04ce44e000-7f04ce44f000 r--p 00000000 ca:01 258319                     /usr/lib/jvm/java-8-openjdk-amd64/jre/lib/amd64/libjaas_unix.so
7f04ce44f000-7f04ce450000 rw-p 00001000 ca:01 258319                     /usr/lib/jvm/java-8-openjdk-amd64/jre/lib/amd64/libjaas_unix.so
7f04ce450000-7f04ce453000 ---p 00000000 00:00 0 
7f04ce453000-7f04ce551000 rw-p 00000000 00:00 0 
7f04ce551000-7f04ce554000 ---p 00000000 00:00 0 
7f04ce554000-7f04ce78a000 rw-p 00000000 00:00 0 
7f04ce78a000-7f04ce793000 r-xp 00000000 ca:01 258347                     /usr/lib/jvm/java-8-openjdk-amd64/jre/lib/amd64/libmanagement.so
7f04ce793000-7f04ce992000 ---p 00009000 ca:01 258347                     /usr/lib/jvm/java-8-openjdk-amd64/jre/lib/amd64/libmanagement.so
7f04ce992000-7f04ce993000 r--p 00008000 ca:01 258347                     /usr/lib/jvm/java-8-openjdk-amd64/jre/lib/amd64/libmanagement.so
7f04ce993000-7f04ce994000 rw-p 00009000 ca:01 258347                     /usr/lib/jvm/java-8-openjdk-amd64/jre/lib/amd64/libmanagement.so
7f04ce994000-7f04ceb94000 rw-p 00000000 00:00 0 
7f04ceb94000-7f04ceb97000 ---p 00000000 00:00 0 
7f04ceb97000-7f04cec95000 rw-p 00000000 00:00 0 
7f04cec95000-7f04cec98000 ---p 00000000 00:00 0 
7f04cec98000-7f04ced96000 rw-p 00000000 00:00 0 
7f04ced96000-7f04ced99000 ---p 00000000 00:00 0 
7f04ced99000-7f04cf097000 rw-p 00000000 00:00 0 
7f04cf097000-7f04cf09a000 r--s 00015000 ca:01 261533                     /home/ubuntu/spark-2.1.1-bin-hadoop2.7/jars/javax.servlet-api-3.1.0.jar
7f04cf09a000-7f04cf0c6000 r--s 001c9000 ca:01 261798                     /home/ubuntu/spark-2.1.1-bin-hadoop2.7/jars/shapeless_2.11-2.0.0.jar
7f04cf0c6000-7f04cf0d1000 r--s 000b0000 ca:01 261731                     /home/ubuntu/spark-2.1.1-bin-hadoop2.7/jars/jtransforms-2.4.0.jar
7f04cf0d1000-7f04cf0d7000 r--s 00043000 ca:01 261858                     /home/ubuntu/spark-2.1.1-bin-hadoop2.7/jars/commons-configuration-1.6.jar
7f04cf0d7000-7f04cf0db000 r--s 00019000 ca:01 261784                     /home/ubuntu/spark-2.1.1-bin-hadoop2.7/jars/javax.ws.rs-api-2.0.1.jar
7f04cf0db000-7f04cf0dd000 r--s 00009000 ca:01 261839                     /home/ubuntu/spark-2.1.1-bin-hadoop2.7/jars/commons-cli-1.2.jar
7f04cf0dd000-7f04cf0e7000 r--s 00095000 ca:01 261728                     /home/ubuntu/spark-2.1.1-bin-hadoop2.7/jars/scala-xml_2.11-1.0.2.jar
7f04cf0e7000-7f04cf0ec000 r--s 00031000 ca:01 261744                     /home/ubuntu/spark-2.1.1-bin-hadoop2.7/jars/parquet-hadoop-1.8.1.jar
7f04cf0ec000-7f04cf0f0000 r--s 00020000 ca:01 261720                     /home/ubuntu/spark-2.1.1-bin-hadoop2.7/jars/commons-digester-1.8.jar
7f04cf0f0000-7f04cf0f2000 r--s 00027000 ca:01 261790                     /home/ubuntu/spark-2.1.1-bin-hadoop2.7/jars/core-1.1.2.jar
7f04cf0f2000-7f04cf109000 r--s 00183000 ca:01 261753                     /home/ubuntu/spark-2.1.1-bin-hadoop2.7/jars/hadoop-yarn-common-2.7.3.jar
7f04cf109000-7f04cf10a000 r--s 00004000 ca:01 261711                     /home/ubuntu/spark-2.1.1-bin-hadoop2.7/jars/eigenbase-properties-1.1.5.jar
7f04cf10a000-7f04cf110000 r--s 00044000 ca:01 261763                     /home/ubuntu/spark-2.1.1-bin-hadoop2.7/jars/antlr4-runtime-4.5.3.jar
7f04cf110000-7f04cf112000 r--s 0000b000 ca:01 261840                     /home/ubuntu/spark-2.1.1-bin-hadoop2.7/jars/chill-java-0.8.0.jar
7f04cf112000-7f04cf11c000 r--s 00086000 ca:01 261718                     /home/ubuntu/spark-2.1.1-bin-hadoop2.7/jars/json4s-core_2.11-3.2.11.jar
7f04cf11c000-7f04cf11e000 r--s 0000f000 ca:01 261566                     /home/ubuntu/spark-2.1.1-bin-hadoop2.7/jars/activation-1.1.1.jar
7f04cf11e000-7f04cf122000 r--s 00031000 ca:01 261583                     /home/ubuntu/spark-2.1.1-bin-hadoop2.7/jars/jline-2.12.1.jar
7f04cf122000-7f04cf128000 r--s 00028000 ca:01 261745                     /home/ubuntu/spark-2.1.1-bin-hadoop2.7/jars/curator-framework-2.6.0.jar
7f04cf128000-7f04cf135000 r--s 000b1000 ca:01 261545                     /home/ubuntu/spark-2.1.1-bin-hadoop2.7/jars/hadoop-mapreduce-client-common-2.7.3.jar
7f04cf135000-7f04cf137000 r--s 00009000 ca:01 261758                     /home/ubuntu/spark-2.1.1-bin-hadoop2.7/jars/jackson-module-paranamer-2.6.5.jar
7f04cf137000-7f04cf138000 r--s 00009000 ca:01 261845                     /home/ubuntu/spark-2.1.1-bin-hadoop2.7/jars/slf4j-api-1.7.16.jar
7f04cf138000-7f04cf139000 r--s 00004000 ca:01 261710                     /home/ubuntu/spark-2.1.1-bin-hadoop2.7/jars/jackson-jaxrs-1.9.13.jar
7f04cf139000-7f04cf13b000 r--s 00012000 ca:01 261803                     /home/ubuntu/spark-2.1.1-bin-hadoop2.7/jars/api-util-1.0.0-M20.jar
7f04cf13b000-7f04cf143000 r--s 00066000 ca:01 261732                     /home/ubuntu/spark-2.1.1-bin-hadoop2.7/jars/apache-log4j-extras-1.2.17.jar
7f04cf143000-7f04cf145000 r--s 00004000 ca:01 261587                     /home/ubuntu/spark-2.1.1-bin-hadoop2.7/jars/stax-api-1.0-2.jar
7f04cf145000-7f04cf153000 r--s 00078000 ca:01 261756                     /home/ubuntu/spark-2.1.1-bin-hadoop2.7/jars/spark-mesos_2.11-2.1.1.jar
7f04cf153000-7f04cf181000 r--s 00212000 ca:01 261712                     /home/ubuntu/spark-2.1.1-bin-hadoop2.7/jars/spark-network-common_2.11-2.1.1.jar
7f04cf181000-7f04cf189000 r--s 0006e000 ca:01 261765                     /home/ubuntu/spark-2.1.1-bin-hadoop2.7/jars/commons-lang3-3.5.jar
7f04cf189000-7f04cf18a000 r--s 00009000 ca:01 261830                     /home/ubuntu/spark-2.1.1-bin-hadoop2.7/jars/hive-cli-1.2.1.spark2.jar
7f04cf18a000-7f04cf1a0000 r--s 001a4000 ca:01 261613                     /home/ubuntu/spark-2.1.1-bin-hadoop2.7/jars/datanucleus-rdbms-3.2.9.jar
7f04cf1a0000-7f04cf1b1000 r--s 0010d000 ca:01 261714                     /home/ubuntu/spark-2.1.1-bin-hadoop2.7/jars/jackson-databind-2.6.5.jar
7f04cf1b1000-7f04cf1b3000 r--s 0000a000 ca:01 261612                     /home/ubuntu/spark-2.1.1-bin-hadoop2.7/jars/spark-unsafe_2.11-2.1.1.jar
7f04cf1b3000-7f04cf1d7000 r--s 001cd000 ca:01 261855                     /home/ubuntu/spark-2.1.1-bin-hadoop2.7/jars/commons-math3-3.4.1.jar
7f04cf1d7000-7f04cf1db000 r--s 0002a000 ca:01 261747                     /home/ubuntu/spark-2.1.1-bin-hadoop2.7/jars/commons-io-2.4.jar
7f04cf1db000-7f04cf1e3000 r--s 00059000 ca:01 261611                     /home/ubuntu/spark-2.1.1-bin-hadoop2.7/jars/javolution-5.5.1.jar
7f04cf1e3000-7f04cf1e4000 r--s 00003000 ca:01 261568                     /home/ubuntu/spark-2.1.1-bin-hadoop2.7/jars/jta-1.1.jar
7f04cf1e4000-7f04cf1e7000 r--s 00009000 ca:01 261751                     /home/ubuntu/spark-2.1.1-bin-hadoop2.7/jars/jackson-annotations-2.6.5.jar
7f04cf1e7000-7f04cf25b000 r--s 00574000 ca:01 261739                     /home/ubuntu/spark-2.1.1-bin-hadoop2.7/jars/spark-mllib_2.11-2.1.1.jar
7f04cf25b000-7f04cf276000 r--s 001d8000 ca:01 261572                     /home/ubuntu/spark-2.1.1-bin-hadoop2.7/jars/jets3t-0.9.3.jar
7f04cf276000-7f04cf301000 r--s 0069e000 ca:01 261713                     /home/ubuntu/spark-2.1.1-bin-hadoop2.7/jars/spark-catalyst_2.11-2.1.1.jar
7f04cf301000-7f04cf306000 r--s 0002a000 ca:01 261576                     /home/ubuntu/spark-2.1.1-bin-hadoop2.7/jars/commons-beanutils-1.7.0.jar
7f04cf306000-7f04cf308000 r--s 00006000 ca:01 261588                     /home/ubuntu/spark-2.1.1-bin-hadoop2.7/jars/paranamer-2.3.jar
7f04cf308000-7f04cf30c000 r--s 0002c000 ca:01 261748                     /home/ubuntu/spark-2.1.1-bin-hadoop2.7/jars/avro-ipc-1.7.7.jar
7f04cf30c000-7f04cf30d000 r--s 00003000 ca:01 261594                     /home/ubuntu/spark-2.1.1-bin-hadoop2.7/jars/xmlenc-0.52.jar
7f04cf30d000-7f04cf32a000 r--s 001d5000 ca:01 261860                     /home/ubuntu/spark-2.1.1-bin-hadoop2.7/jars/hadoop-yarn-api-2.7.3.jar
7f04cf32a000-7f04cf32b000 r--s 00004000 ca:01 261716                     /home/ubuntu/spark-2.1.1-bin-hadoop2.7/jars/opencsv-2.3.jar
7f04cf32b000-7f04cf32f000 r--s 00014000 ca:01 261856                     /home/ubuntu/spark-2.1.1-bin-hadoop2.7/jars/xz-1.0.jar
7f04cf32f000-7f04cf332000 r--s 000fd000 ca:01 261604                     /home/ubuntu/spark-2.1.1-bin-hadoop2.7/jars/leveldbjni-all-1.8.jar
7f04cf332000-7f04cf338000 r--s 00063000 ca:01 261849                     /home/ubuntu/spark-2.1.1-bin-hadoop2.7/jars/jodd-core-3.5.2.jar
7f04cf338000-7f04cf33c000 r--s 00030000 ca:01 261532                     /home/ubuntu/spark-2.1.1-bin-hadoop2.7/jars/commons-net-2.2.jar
7f04cf33c000-7f04cf340000 r--s 00028000 ca:01 261608                     /home/ubuntu/spark-2.1.1-bin-hadoop2.7/jars/spark-mllib-local_2.11-2.1.1.jar
7f04cf340000-7f04cf347000 r--s 0007d000 ca:01 261722                     /home/ubuntu/spark-2.1.1-bin-hadoop2.7/jars/jetty-6.1.26.jar
7f04cf347000-7f04cf34a000 r--s 0002f000 ca:01 261546                     /home/ubuntu/spark-2.1.1-bin-hadoop2.7/jars/RoaringBitmap-0.5.11.jar
7f04cf34a000-7f04cf34b000 r--s 00004000 ca:01 261866                     /home/ubuntu/spark-2.1.1-bin-hadoop2.7/jars/osgi-resource-locator-1.0.1.jar
7f04cf34b000-7f04cf36c000 r--s 0019b000 ca:01 261796                     /home/ubuntu/spark-2.1.1-bin-hadoop2.7/jars/spark-hive-thriftserver_2.11-2.1.1.jar
7f04cf36c000-7f04cf371000 r--s 00041000 ca:01 261740                     /home/ubuntu/spark-2.1.1-bin-hadoop2.7/jars/commons-lang-2.6.jar
7f04cf371000-7f04cf373000 r--s 00020000 ca:01 261749                     /home/ubuntu/spark-2.1.1-bin-hadoop2.7/jars/hive-beeline-1.2.1.spark2.jar
7f04cf373000-7f04cf37a000 r--s 00049000 ca:01 261736                     /home/ubuntu/spark-2.1.1-bin-hadoop2.7/jars/httpcore-4.4.4.jar
7f04cf37a000-7f04cf37c000 r--s 00014000 ca:01 261717                     /home/ubuntu/spark-2.1.1-bin-hadoop2.7/jars/spire-macros_2.11-0.7.4.jar
7f04cf37c000-7f04cf37d000 r--s 00001000 ca:01 261621                     /home/ubuntu/spark-2.1.1-bin-hadoop2.7/jars/pmml-schema-1.2.15.jar
7f04cf37d000-7f04cf381000 r--s 00028000 ca:01 261573                     /home/ubuntu/spark-2.1.1-bin-hadoop2.7/jars/jetty-util-6.1.26.jar
7f04cf381000-7f04cf384000 r--s 00006000 ca:01 261721                     /home/ubuntu/spark-2.1.1-bin-hadoop2.7/jars/jsr305-1.3.9.jar
7f04cf384000-7f04cf38b000 r--s 0005d000 ca:01 261793                     /home/ubuntu/spark-2.1.1-bin-hadoop2.7/jars/mx4j-3.0.2.jar
7f04cf38b000-7f04cf38d000 r--s 0000e000 ca:01 261821                     /home/ubuntu/spark-2.1.1-bin-hadoop2.7/jars/guice-servlet-3.0.jar
7f04cf38d000-7f04cf395000 r--s 0007b000 ca:01 261737                     /home/ubuntu/spark-2.1.1-bin-hadoop2.7/jars/protobuf-java-2.5.0.jar
7f04cf395000-7f04cf39e000 r--s 00062000 ca:01 261580                     /home/ubuntu/spark-2.1.1-bin-hadoop2.7/jars/avro-1.7.7.jar
7f04cf39e000-7f04cf3a0000 r--s 00003000 ca:01 261733                     /home/ubuntu/spark-2.1.1-bin-hadoop2.7/jars/jcl-over-slf4j-1.7.16.jar
7f04cf3a0000-7f04cf470000 r--s 00cf0000 ca:01 261540                     /home/ubuntu/spark-2.1.1-bin-hadoop2.7/jars/breeze_2.11-0.12.jar
7f04cf470000-7f04cf471000 r--s 00002000 ca:01 261619                     /home/ubuntu/spark-2.1.1-bin-hadoop2.7/jars/slf4j-log4j12-1.7.16.jar
7f04cf471000-7f04cf473000 r--s 00006000 ca:01 261578                     /home/ubuntu/spark-2.1.1-bin-hadoop2.7/jars/spark-sketch_2.11-2.1.1.jar
7f04cf473000-7f04cf478000 r--s 00068000 ca:01 261791                     /home/ubuntu/spark-2.1.1-bin-hadoop2.7/jars/antlr-2.7.7.jar
7f04cf478000-7f04cf47a000 r--s 00000000 ca:01 261759                     /home/ubuntu/spark-2.1.1-bin-hadoop2.7/jars/aopalliance-1.0.jar
7f04cf47a000-7f04cf47c000 r--s 00012000 ca:01 261730                     /home/ubuntu/spark-2.1.1-bin-hadoop2.7/jars/compress-lzf-1.0.3.jar
7f04cf47c000-7f04cf489000 r--s 0009e000 ca:01 261822                     /home/ubuntu/spark-2.1.1-bin-hadoop2.7/jars/spark-graphx_2.11-2.1.1.jar
7f04cf489000-7f04cf48e000 r--s 00028000 ca:01 261841                     /home/ubuntu/spark-2.1.1-bin-hadoop2.7/jars/avro-mapred-1.7.7-hadoop2.jar
7f04cf48e000-7f04cf4a4000 r--s 00124000 ca:01 261833                     /home/ubuntu/spark-2.1.1-bin-hadoop2.7/jars/ivy-2.4.0.jar
7f04cf4a4000-7f04cf4ac000 r--s 00078000 ca:01 261805                     /home/ubuntu/spark-2.1.1-bin-hadoop2.7/jars/mail-1.4.7.jar
7f04cf4ac000-7f04cf4b1000 r--s 0004e000 ca:01 261582                     /home/ubuntu/spark-2.1.1-bin-hadoop2.7/jars/datanucleus-api-jdo-3.2.6.jar
7f04cf4b1000-7f04cf4e2000 rw-p 00000000 00:00 0 
7f04cf4e2000-7f04cf4f9000 r-xp 00000000 ca:01 258336                     /usr/lib/jvm/java-8-openjdk-amd64/jre/lib/amd64/libnet.so
7f04cf4f9000-7f04cf6f9000 ---p 00017000 ca:01 258336                     /usr/lib/jvm/java-8-openjdk-amd64/jre/lib/amd64/libnet.so
7f04cf6f9000-7f04cf6fa000 r--p 00017000 ca:01 258336                     /usr/lib/jvm/java-8-openjdk-amd64/jre/lib/amd64/libnet.so
7f04cf6fa000-7f04cf6fb000 rw-p 00018000 ca:01 258336                     /usr/lib/jvm/java-8-openjdk-amd64/jre/lib/amd64/libnet.so
7f04cf6fb000-7f04cf70d000 r-xp 00000000 ca:01 258328                     /usr/lib/jvm/java-8-openjdk-amd64/jre/lib/amd64/libnio.so
7f04cf70d000-7f04cf90c000 ---p 00012000 ca:01 258328                     /usr/lib/jvm/java-8-openjdk-amd64/jre/lib/amd64/libnio.so
7f04cf90c000-7f04cf90d000 r--p 00011000 ca:01 258328                     /usr/lib/jvm/java-8-openjdk-amd64/jre/lib/amd64/libnio.so
7f04cf90d000-7f04cf90e000 rw-p 00012000 ca:01 258328                     /usr/lib/jvm/java-8-openjdk-amd64/jre/lib/amd64/libnio.so
7f04cf90e000-7f04cf9e6000 r--s 00a88000 ca:01 261543                     /home/ubuntu/spark-2.1.1-bin-hadoop2.7/jars/spark-core_2.11-2.1.1.jar
7f04cf9e6000-7f04cf9fe000 r--s 001b6000 ca:01 261569                     /home/ubuntu/spark-2.1.1-bin-hadoop2.7/jars/datanucleus-core-3.2.10.jar
7f04cf9fe000-7f04cfa12000 r--s 000ec000 ca:01 261539                     /home/ubuntu/spark-2.1.1-bin-hadoop2.7/jars/parquet-jackson-1.8.1.jar
7f04cfa12000-7f04cfa14000 r--s 0000e000 ca:01 261785                     /home/ubuntu/spark-2.1.1-bin-hadoop2.7/jars/hadoop-mapreduce-client-jobclient-2.7.3.jar
7f04cfa14000-7f04cfa16000 r--s 0000e000 ca:01 261536                     /home/ubuntu/spark-2.1.1-bin-hadoop2.7/jars/oro-2.0.8.jar
7f04cfa16000-7f04cfa18000 r--s 00003000 ca:01 261826                     /home/ubuntu/spark-2.1.1-bin-hadoop2.7/jars/JavaEWAH-0.3.2.jar
7f04cfa18000-7f04cfa1a000 r--s 0000f000 ca:01 261757                     /home/ubuntu/spark-2.1.1-bin-hadoop2.7/jars/spark-launcher_2.11-2.1.1.jar
7f04cfa1a000-7f04cfa3c000 r--s 00335000 ca:01 261750                     /home/ubuntu/spark-2.1.1-bin-hadoop2.7/jars/mesos-1.0.0-shaded-protobuf.jar
7f04cfa3c000-7f04cfa3d000 r--s 00001000 ca:01 261610                     /home/ubuntu/spark-2.1.1-bin-hadoop2.7/jars/minlog-1.3.0.jar
7f04cfa3d000-7f04cfa40000 r--s 0001a000 ca:01 261834                     /home/ubuntu/spark-2.1.1-bin-hadoop2.7/jars/py4j-0.10.4.jar
7f04cfa40000-7f04cfa41000 r--s 00009000 ca:01 261601                     /home/ubuntu/spark-2.1.1-bin-hadoop2.7/jars/json4s-jackson_2.11-3.2.11.jar
7f04cfa41000-7f04cfa43000 r--s 0000d000 ca:01 261725                     /home/ubuntu/spark-2.1.1-bin-hadoop2.7/jars/hadoop-yarn-server-web-proxy-2.7.3.jar
7f04cfa43000-7f04cfaa6000 r--s 004de000 ca:01 261719                     /home/ubuntu/spark-2.1.1-bin-hadoop2.7/jars/hive-metastore-1.2.1.spark2.jar
7f04cfaa6000-7f04cfaad000 r--s 00039000 ca:01 261727                     /home/ubuntu/spark-2.1.1-bin-hadoop2.7/jars/calcite-avatica-1.2.0-incubating.jar
7f04cfaad000-7f04cfab4000 r--s 0003f000 ca:01 261603                     /home/ubuntu/spark-2.1.1-bin-hadoop2.7/jars/commons-codec-1.10.jar
7f04cfab4000-7f04cfab6000 r--s 00100000 ca:01 261842                     /home/ubuntu/spark-2.1.1-bin-hadoop2.7/jars/snappy-java-1.1.2.6.jar
7f04cfab6000-7f04cfaba000 r--s 00029000 ca:01 261591                     /home/ubuntu/spark-2.1.1-bin-hadoop2.7/jars/hk2-locator-2.4.0-b34.jar
7f04cfaba000-7f04cfabd000 r--s 0000d000 ca:01 261742                     /home/ubuntu/spark-2.1.1-bin-hadoop2.7/jars/spark-network-shuffle_2.11-2.1.1.jar
7f04cfabd000-7f04cfabe000 r--s 00006000 ca:01 261788                     /home/ubuntu/spark-2.1.1-bin-hadoop2.7/jars/jackson-xc-1.9.13.jar
7f04cfabe000-7f04cfad4000 r--s 000d1000 ca:01 261585                     /home/ubuntu/spark-2.1.1-bin-hadoop2.7/jars/parquet-column-1.8.1.jar
7f04cfad4000-7f04cfaf9000 rw-p 00000000 00:00 0 
7f04cfaf9000-7f04cfc05000 r--s 00dba000 ca:01 261859                     /home/ubuntu/spark-2.1.1-bin-hadoop2.7/jars/scala-compiler-2.11.8.jar
7f04cfc05000-7f04cfc06000 r--s 00002000 ca:01 261764                     /home/ubuntu/spark-2.1.1-bin-hadoop2.7/jars/jpam-1.1.jar
7f04cfc06000-7f04cfc15000 r--s 0009f000 ca:01 261734                     /home/ubuntu/spark-2.1.1-bin-hadoop2.7/jars/guice-3.0.jar
7f04cfc15000-7f04cfc2e000 r--s 00150000 ca:01 261626                     /home/ubuntu/spark-2.1.1-bin-hadoop2.7/jars/htrace-core-3.1.0-incubating.jar
7f04cfc2e000-7f04cfc44000 r--s 000d3000 ca:01 261625                     /home/ubuntu/spark-2.1.1-bin-hadoop2.7/jars/jersey-server-2.22.2.jar
7f04cfc44000-7f04cfc46000 r--s 00008000 ca:01 261581                     /home/ubuntu/spark-2.1.1-bin-hadoop2.7/jars/parquet-common-1.8.1.jar
7f04cfc46000-7f04cfc48000 r--s 00002000 ca:01 261606                     /home/ubuntu/spark-2.1.1-bin-hadoop2.7/jars/aopalliance-repackaged-2.4.0-b34.jar
7f04cfc48000-7f04cfc4c000 r--s 0003c000 ca:01 261854                     /home/ubuntu/spark-2.1.1-bin-hadoop2.7/jars/jackson-core-2.6.5.jar
7f04cfc4c000-7f04cfc57000 r--s 00062000 ca:01 261729                     /home/ubuntu/spark-2.1.1-bin-hadoop2.7/jars/calcite-linq4j-1.2.0-incubating.jar
7f04cfc57000-7f04cfc8d000 r--s 0031c000 ca:01 261565                     /home/ubuntu/spark-2.1.1-bin-hadoop2.7/jars/hadoop-common-2.7.3.jar
7f04cfc8d000-7f04cfc91000 r--s 0001a000 ca:01 261579                     /home/ubuntu/spark-2.1.1-bin-hadoop2.7/jars/hk2-utils-2.4.0-b34.jar
7f04cfc91000-7f04cfc9d000 r--s 000b6000 ca:01 261831                     /home/ubuntu/spark-2.1.1-bin-hadoop2.7/jars/zookeeper-3.4.6.jar
7f04cfc9d000-7f04cfca3000 r--s 00040000 ca:01 261709                     /home/ubuntu/spark-2.1.1-bin-hadoop2.7/jars/parquet-encoding-1.8.1.jar
7f04cfca3000-7f04cfca8000 r--s 00036000 ca:01 261574                     /home/ubuntu/spark-2.1.1-bin-hadoop2.7/jars/commons-compress-1.4.1.jar
7f04cfca8000-7f04cfcd5000 r--s 001d4000 ca:01 261863                     /home/ubuntu/spark-2.1.1-bin-hadoop2.7/jars/spark-streaming_2.11-2.1.1.jar
7f04cfcd5000-7f04cfcd8000 r--s 00022000 ca:01 261806                     /home/ubuntu/spark-2.1.1-bin-hadoop2.7/jars/stringtemplate-3.2.1.jar
7f04cfcd8000-7f04cfcdf000 r--s 00036000 ca:01 261624                     /home/ubuntu/spark-2.1.1-bin-hadoop2.7/jars/curator-recipes-2.6.0.jar
7f04cfcdf000-7f04cfce3000 r--s 00029000 ca:01 261548                     /home/ubuntu/spark-2.1.1-bin-hadoop2.7/jars/breeze-macros_2.11-0.12.jar
7f04cfce3000-7f04cfce7000 r--s 00036000 ca:01 261851                     /home/ubuntu/spark-2.1.1-bin-hadoop2.7/jars/ST4-4.0.4.jar
7f04cfce7000-7f04cfceb000 r--s 00018000 ca:01 261584                     /home/ubuntu/spark-2.1.1-bin-hadoop2.7/jars/metrics-core-3.1.2.jar
7f04cfceb000-7f04cfcf9000 r--s 000b1000 ca:01 261754                     /home/ubuntu/spark-2.1.1-bin-hadoop2.7/jars/jackson-mapper-asl-1.9.13.jar
7f04cfcf9000-7f04cfd09000 r--s 000a0000 ca:01 261599                     /home/ubuntu/spark-2.1.1-bin-hadoop2.7/jars/spark-yarn_2.11-2.1.1.jar
7f04cfd09000-7f04cfd0a000 r--s 00003000 ca:01 261590                     /home/ubuntu/spark-2.1.1-bin-hadoop2.7/jars/spark-tags_2.11-2.1.1.jar
7f04cfd0a000-7f04cfd1c000 r--s 00097000 ca:01 261804                     /home/ubuntu/spark-2.1.1-bin-hadoop2.7/jars/apacheds-kerberos-codec-2.0.0-M15.jar
7f04cfd1c000-7f04cfd1f000 r--s 00017000 ca:01 261800                     /home/ubuntu/spark-2.1.1-bin-hadoop2.7/jars/jaxb-api-2.2.2.jar
7f04cfd1f000-7f04cfd21000 r--s 00009000 ca:01 261848                     /home/ubuntu/spark-2.1.1-bin-hadoop2.7/jars/objenesis-2.1.jar
7f04cfd21000-7f04cfd8c000 r--s 00784000 ca:01 261535                     /home/ubuntu/spark-2.1.1-bin-hadoop2.7/jars/hadoop-hdfs-2.7.3.jar
7f04cfd8c000-7f04cfd8e000 r--s 00010000 ca:01 261752                     /home/ubuntu/spark-2.1.1-bin-hadoop2.7/jars/jersey-media-jaxb-2.22.2.jar
7f04cfd8e000-7f04cfd9b000 r--s 00083000 ca:01 261598                     /home/ubuntu/spark-2.1.1-bin-hadoop2.7/jars/commons-collections-3.2.2.jar
7f04cfd9b000-7f04cfda2000 r--s 00051000 ca:01 261542                     /home/ubuntu/spark-2.1.1-bin-hadoop2.7/jars/kryo-shaded-3.0.3.jar
7f04cfda2000-7f04cfdd9000 r--s 00325000 ca:01 261802                     /home/ubuntu/spark-2.1.1-bin-hadoop2.7/jars/calcite-core-1.2.0-incubating.jar
7f04cfdd9000-7f04cfddc000 r--s 00012000 ca:01 261602                     /home/ubuntu/spark-2.1.1-bin-hadoop2.7/jars/json4s-ast_2.11-3.2.11.jar
7f04cfddc000-7f04cfdde000 r--s 0000e000 ca:01 261794                     /home/ubuntu/spark-2.1.1-bin-hadoop2.7/jars/commons-logging-1.1.3.jar
7f04cfdde000-7f04cfe87000 r--s 00a4f000 ca:01 261801                     /home/ubuntu/spark-2.1.1-bin-hadoop2.7/jars/hive-exec-1.2.1.spark2.jar
7f04cfe87000-7f04cfe88000 r--s 0000b000 ca:01 261631                     /home/ubuntu/spark-2.1.1-bin-hadoop2.7/jars/snappy-0.2.jar
7f04cfe88000-7f04cfe8b000 r--s 00028000 ca:01 261541                     /home/ubuntu/spark-2.1.1-bin-hadoop2.7/jars/stream-2.7.0.jar
7f04cfe8b000-7f04cfebf000 r--s 00277000 ca:01 261592                     /home/ubuntu/spark-2.1.1-bin-hadoop2.7/jars/parquet-hadoop-bundle-1.6.0.jar
7f04cfebf000-7f04cfec3000 r--s 0000c000 ca:01 261617                     /home/ubuntu/spark-2.1.1-bin-hadoop2.7/jars/validation-api-1.1.0.Final.jar
7f04cfec3000-7f04cfeec000 r--s 001ee000 ca:01 261862                     /home/ubuntu/spark-2.1.1-bin-hadoop2.7/jars/guava-14.0.1.jar
7f04cfeec000-7f04cfef9000 r--s 00071000 ca:01 261832                     /home/ubuntu/spark-2.1.1-bin-hadoop2.7/jars/jackson-module-scala_2.11-2.6.5.jar
7f04cfef9000-7f04cff12000 r--s 00114000 ca:01 261577                     /home/ubuntu/spark-2.1.1-bin-hadoop2.7/jars/spark-hive_2.11-2.1.1.jar
7f04cff12000-7f04cff2a000 r--s 00115000 ca:01 261824                     /home/ubuntu/spark-2.1.1-bin-hadoop2.7/jars/netty-3.8.0.Final.jar
7f04cff2a000-7f04cff83000 r--s 00522000 ca:01 261865                     /home/ubuntu/spark-2.1.1-bin-hadoop2.7/jars/scala-library-2.11.8.jar
7f04cff83000-7f04cff8a000 r--s 00049000 ca:01 261852                     /home/ubuntu/spark-2.1.1-bin-hadoop2.7/jars/univocity-parsers-2.2.1.jar
7f04cff8a000-7f04cffd6000 r--s 00411000 ca:01 261857                     /home/ubuntu/spark-2.1.1-bin-hadoop2.7/jars/scala-reflect-2.11.8.jar
7f04cffd6000-7f04cffe4000 r--s 0009d000 ca:01 261614                     /home/ubuntu/spark-2.1.1-bin-hadoop2.7/jars/jersey-common-2.22.2.jar
7f04cffe4000-7f04cffee000 r--s 000aa000 ca:01 261762                     /home/ubuntu/spark-2.1.1-bin-hadoop2.7/jars/janino-3.0.0.jar
7f04cffee000-7f04cfff7000 r--s 00097000 ca:01 261837                     /home/ubuntu/spark-2.1.1-bin-hadoop2.7/jars/pmml-model-1.2.15.jar
7f04cfff7000-7f04cfff9000 r--s 00005000 ca:01 261741                     /home/ubuntu/spark-2.1.1-bin-hadoop2.7/jars/stax-api-1.0.1.jar
7f04cfff9000-7f04cfffd000 r--s 00035000 ca:01 261597                     /home/ubuntu/spark-2.1.1-bin-hadoop2.7/jars/jackson-core-asl-1.9.13.jar
7f04cfffd000-7f04d0000000 r--s 00019000 ca:01 261530                     /home/ubuntu/spark-2.1.1-bin-hadoop2.7/jars/bonecp-0.8.0.RELEASE.jar
7f04d0000000-7f04d0e9f000 rw-p 00000000 00:00 0 
7f04d0e9f000-7f04d4000000 ---p 00000000 00:00 0 
7f04d4000000-7f04d407b000 rw-p 00000000 00:00 0 
7f04d407b000-7f04d8000000 ---p 00000000 00:00 0 
7f04d8000000-7f04d8042000 rw-p 00000000 00:00 0 
7f04d8042000-7f04dc000000 ---p 00000000 00:00 0 
7f04dc000000-7f04df781000 rw-p 00000000 00:00 0 
7f04df781000-7f04e0000000 ---p 00000000 00:00 0 
7f04e0000000-7f04e0094000 rw-p 00000000 00:00 0 
7f04e0094000-7f04e4000000 ---p 00000000 00:00 0 
7f04e4000000-7f04e4057000 rw-p 00000000 00:00 0 
7f04e4057000-7f04e8000000 ---p 00000000 00:00 0 
7f04e8000000-7f04e82e6000 rw-p 00000000 00:00 0 
7f04e82e6000-7f04ec000000 ---p 00000000 00:00 0 
7f04ec000000-7f04ec001000 r--s 00008000 ca:01 261844                     /home/ubuntu/spark-2.1.1-bin-hadoop2.7/jars/commons-compiler-3.0.0.jar
7f04ec001000-7f04ec003000 r--s 00038000 ca:01 261789                     /home/ubuntu/spark-2.1.1-bin-hadoop2.7/jars/lz4-1.3.0.jar
7f04ec003000-7f04ec01c000 r--s 00164000 ca:01 261738                     /home/ubuntu/spark-2.1.1-bin-hadoop2.7/jars/hadoop-mapreduce-client-core-2.7.3.jar
7f04ec01c000-7f04ec01f000 r--s 00026000 ca:01 261792                     /home/ubuntu/spark-2.1.1-bin-hadoop2.7/jars/hadoop-yarn-client-2.7.3.jar
7f04ec01f000-7f04ec021000 r--s 00017000 ca:01 261607                     /home/ubuntu/spark-2.1.1-bin-hadoop2.7/jars/hive-jdbc-1.2.1.spark2.jar
7f04ec021000-7f04ec0a2000 r--s 005d9000 ca:01 261746                     /home/ubuntu/spark-2.1.1-bin-hadoop2.7/jars/spark-sql_2.11-2.1.1.jar
7f04ec0a2000-7f04ec0a3000 r--s 00006000 ca:01 261755                     /home/ubuntu/spark-2.1.1-bin-hadoop2.7/jars/hadoop-client-2.7.3.jar
7f04ec0a3000-7f04ec0aa000 r--s 00058000 ca:01 261609                     /home/ubuntu/spark-2.1.1-bin-hadoop2.7/jars/hadoop-yarn-server-common-2.7.3.jar
7f04ec0aa000-7f04ec0ab000 r--s 0000a000 ca:01 261616                     /home/ubuntu/spark-2.1.1-bin-hadoop2.7/jars/apacheds-i18n-2.0.0-M15.jar
7f04ec0ab000-7f04ec0ac000 r--s 00000000 ca:01 261600                     /home/ubuntu/spark-2.1.1-bin-hadoop2.7/jars/javax.inject-1.jar
7f04ec0ac000-7f04ec0b2000 r--s 00045000 ca:01 261605                     /home/ubuntu/spark-2.1.1-bin-hadoop2.7/jars/commons-httpclient-3.1.jar
7f04ec0b2000-7f04ec0bf000 r--s 000a7000 ca:01 261627                     /home/ubuntu/spark-2.1.1-bin-hadoop2.7/jars/httpclient-4.5.2.jar
7f04ec0bf000-7f04ec0c1000 r--s 0001f000 ca:01 261825                     /home/ubuntu/spark-2.1.1-bin-hadoop2.7/jars/commons-crypto-1.0.0.jar
7f04ec0c1000-7f04ec0c6000 r--s 0002a000 ca:01 261735                     /home/ubuntu/spark-2.1.1-bin-hadoop2.7/jars/gson-2.2.4.jar
7f04ec0c6000-7f04ec106000 r--s 00277000 ca:01 261767                     /home/ubuntu/spark-2.1.1-bin-hadoop2.7/jars/bcprov-jdk15on-1.51.jar
7f04ec106000-7f04ec109000 r--s 00016000 ca:01 261593                     /home/ubuntu/spark-2.1.1-bin-hadoop2.7/jars/jsp-api-2.1.jar
7f04ec109000-7f04ec10a000 r--s 00001000 ca:01 261838                     /home/ubuntu/spark-2.1.1-bin-hadoop2.7/jars/javax.inject-2.4.0-b34.jar
7f04ec10a000-7f04ec10b000 r--s 00002000 ca:01 261586                     /home/ubuntu/spark-2.1.1-bin-hadoop2.7/jars/java-xmlbuilder-1.0.jar
7f04ec10b000-7f04ec10d000 r--s 00015000 ca:01 261547                     /home/ubuntu/spark-2.1.1-bin-hadoop2.7/jars/hadoop-auth-2.7.3.jar
7f04ec10d000-7f04ec111000 r--s 0002f000 ca:01 261795                     /home/ubuntu/spark-2.1.1-bin-hadoop2.7/jars/commons-beanutils-core-1.8.0.jar
7f04ec111000-7f04ec140000 r--s 002e5000 ca:01 261846                     /home/ubuntu/spark-2.1.1-bin-hadoop2.7/jars/derby-10.12.1.1.jar
7f04ec140000-7f04ec142000 r--s 00008000 ca:01 261544                     /home/ubuntu/spark-2.1.1-bin-hadoop2.7/jars/metrics-jvm-3.1.2.jar
7f04ec142000-7f04ec145000 r--s 00015000 ca:01 261723                     /home/ubuntu/spark-2.1.1-bin-hadoop2.7/jars/pyrolite-4.13.jar
7f04ec145000-7f04ec147000 r--s 0000e000 ca:01 261760                     /home/ubuntu/spark-2.1.1-bin-hadoop2.7/jars/spark-repl_2.11-2.1.1.jar
7f04ec147000-7f04ec150000 r--s 0006f000 ca:01 261724                     /home/ubuntu/spark-2.1.1-bin-hadoop2.7/jars/log4j-1.2.17.jar
7f04ec150000-7f04ec154000 r--s 00025000 ca:01 261850                     /home/ubuntu/spark-2.1.1-bin-hadoop2.7/jars/jersey-client-2.22.2.jar
7f04ec154000-7f04ec15b000 r--s 00058000 ca:01 261589                     /home/ubuntu/spark-2.1.1-bin-hadoop2.7/jars/parquet-format-2.3.0-incubating.jar
7f04ec15b000-7f04ec15d000 r--s 00003000 ca:01 261615                     /home/ubuntu/spark-2.1.1-bin-hadoop2.7/jars/api-asn1-api-1.0.0-M20.jar
7f04ec15d000-7f04ec167000 r--s 0007b000 ca:01 261847                     /home/ubuntu/spark-2.1.1-bin-hadoop2.7/jars/hadoop-mapreduce-client-app-2.7.3.jar
7f04ec167000-7f04ec16a000 r--s 0000e000 ca:01 261575                     /home/ubuntu/spark-2.1.1-bin-hadoop2.7/jars/jersey-container-servlet-core-2.22.2.jar
7f04ec16a000-7f04ec16e000 r--s 00025000 ca:01 261538                     /home/ubuntu/spark-2.1.1-bin-hadoop2.7/jars/antlr-runtime-3.4.jar
7f04ec16e000-7f04ec17f000 r--s 00089000 ca:01 261623                     /home/ubuntu/spark-2.1.1-bin-hadoop2.7/jars/joda-time-2.9.3.jar
7f04ec17f000-7f04ec181000 r--s 00005000 ca:01 261743                     /home/ubuntu/spark-2.1.1-bin-hadoop2.7/jars/javax.annotation-api-1.2.jar
7f04ec181000-7f04ec186000 r--s 00032000 ca:01 261864                     /home/ubuntu/spark-2.1.1-bin-hadoop2.7/jars/chill_2.11-0.8.0.jar
7f04ec186000-7f04ec191000 r--s 0005d000 ca:01 261853                     /home/ubuntu/spark-2.1.1-bin-hadoop2.7/jars/scala-parser-combinators_2.11-1.0.4.jar
7f04ec191000-7f04ec1a3000 r--s 00112000 ca:01 261835                     /home/ubuntu/spark-2.1.1-bin-hadoop2.7/jars/arpack_combined_all-0.1.jar
7f04ec1a3000-7f04ec1bb000 r--s 000d6000 ca:01 261571                     /home/ubuntu/spark-2.1.1-bin-hadoop2.7/jars/jersey-guava-2.22.2.jar
7f04ec1bb000-7f04ec1c1000 r--s 0002c000 ca:01 261828                     /home/ubuntu/spark-2.1.1-bin-hadoop2.7/jars/jdo-api-3.0.1.jar
7f04ec1c1000-7f04ec1c8000 r--s 00046000 ca:01 261797                     /home/ubuntu/spark-2.1.1-bin-hadoop2.7/jars/libfb303-0.9.3.jar
7f04ec1c8000-7f04ec1ca000 r--s 00010000 ca:01 261622                     /home/ubuntu/spark-2.1.1-bin-hadoop2.7/jars/hadoop-mapreduce-client-shuffle-2.7.3.jar
7f04ec1ca000-7f04ec1cc000 r--s 00000000 ca:01 261836                     /home/ubuntu/spark-2.1.1-bin-hadoop2.7/jars/jul-to-slf4j-1.7.16.jar
7f04ec1cc000-7f04ec1de000 r--s 000b3000 ca:01 261829                     /home/ubuntu/spark-2.1.1-bin-hadoop2.7/jars/scalap-2.11.8.jar
7f04ec1de000-7f04ec1e8000 r--s 000a5000 ca:01 261766                     /home/ubuntu/spark-2.1.1-bin-hadoop2.7/jars/javassist-3.18.1-GA.jar
7f04ec1e8000-7f04ec20f000 r--s 0020f000 ca:01 261726                     /home/ubuntu/spark-2.1.1-bin-hadoop2.7/jars/netty-all-4.0.42.Final.jar
7f04ec20f000-7f04ec264000 r--s 0069c000 ca:01 261595                     /home/ubuntu/spark-2.1.1-bin-hadoop2.7/jars/spire_2.11-0.7.4.jar
7f04ec264000-7f04ec265000 ---p 00000000 00:00 0 
7f04ec265000-7f04ec365000 rw-p 00000000 00:00 0 
7f04ec365000-7f04ec368000 ---p 00000000 00:00 0 
7f04ec368000-7f04ec466000 rw-p 00000000 00:00 0 
7f04ec466000-7f04ec469000 ---p 00000000 00:00 0 
7f04ec469000-7f04ec567000 rw-p 00000000 00:00 0 
7f04ec567000-7f04ec56a000 ---p 00000000 00:00 0 
7f04ec56a000-7f04ec668000 rw-p 00000000 00:00 0 
7f04ec668000-7f04ec800000 r--p 00000000 ca:01 6782                       /usr/lib/locale/locale-archive
7f04ec800000-7f04ed000000 rw-p 00000000 00:00 0 
7f04ed000000-7f04eea80000 rwxp 00000000 00:00 0 
7f04eea80000-7f04fc000000 ---p 00000000 00:00 0 
7f04fc000000-7f04fcde0000 rw-p 00000000 00:00 0 
7f04fcde0000-7f0500000000 ---p 00000000 00:00 0 
7f0500000000-7f0500003000 r--s 00014000 ca:01 261761                     /home/ubuntu/spark-2.1.1-bin-hadoop2.7/jars/super-csv-2.2.0.jar
7f0500003000-7f0500005000 r--s 00003000 ca:01 261843                     /home/ubuntu/spark-2.1.1-bin-hadoop2.7/jars/base64-2.3.8.jar
7f0500005000-7f0500007000 r--s 00003000 ca:01 261570                     /home/ubuntu/spark-2.1.1-bin-hadoop2.7/jars/jersey-container-servlet-2.22.2.jar
7f0500007000-7f050001f000 r--s 00115000 ca:01 261537                     /home/ubuntu/spark-2.1.1-bin-hadoop2.7/jars/xercesImpl-2.9.1.jar
7f050001f000-7f0500022000 r--s 00021000 ca:01 261596                     /home/ubuntu/spark-2.1.1-bin-hadoop2.7/jars/xbean-asm5-shaded-4.4.jar
7f0500022000-7f0500025000 r--s 00025000 ca:01 261618                     /home/ubuntu/spark-2.1.1-bin-hadoop2.7/jars/commons-dbcp-1.4.jar
7f0500025000-7f0500028000 r--s 00015000 ca:01 261620                     /home/ubuntu/spark-2.1.1-bin-hadoop2.7/jars/commons-pool-1.5.4.jar
7f0500028000-7f050002a000 r--s 00004000 ca:01 261787                     /home/ubuntu/spark-2.1.1-bin-hadoop2.7/jars/metrics-graphite-3.1.2.jar
7f050002a000-7f050002f000 r--s 00027000 ca:01 261861                     /home/ubuntu/spark-2.1.1-bin-hadoop2.7/jars/hk2-api-2.4.0-b34.jar
7f050002f000-7f0500031000 r--s 0000f000 ca:01 261715                     /home/ubuntu/spark-2.1.1-bin-hadoop2.7/jars/curator-client-2.6.0.jar
7f0500031000-7f0500037000 r--s 00034000 ca:01 261799                     /home/ubuntu/spark-2.1.1-bin-hadoop2.7/jars/libthrift-0.9.3.jar
7f0500037000-7f0500052000 r--s 001d6000 ca:01 258377                     /usr/lib/jvm/java-8-openjdk-amd64/jre/lib/ext/nashorn.jar
7f0500052000-7f050006d000 r--s 00394000 ca:01 258381                     /usr/lib/jvm/java-8-openjdk-amd64/jre/lib/ext/cldrdata.jar
7f050006d000-7f0500070000 ---p 00000000 00:00 0 
7f0500070000-7f050016e000 rw-p 00000000 00:00 0 
7f050016e000-7f0500171000 ---p 00000000 00:00 0 
7f0500171000-7f050026f000 rw-p 00000000 00:00 0 
7f050026f000-7f0500272000 ---p 00000000 00:00 0 
7f0500272000-7f0500370000 rw-p 00000000 00:00 0 
7f0500370000-7f0500371000 ---p 00000000 00:00 0 
7f0500371000-7f0500471000 rw-p 00000000 00:00 0 
7f0500471000-7f0500643000 r--s 03ca8000 ca:01 258354                     /usr/lib/jvm/java-8-openjdk-amd64/jre/lib/rt.jar
7f0500643000-7f05006e9000 rw-p 00000000 00:00 0 
7f05006e9000-7f050080f000 ---p 00000000 00:00 0 
7f050080f000-7f0500827000 rw-p 00000000 00:00 0 
7f0500827000-7f05008b9000 ---p 00000000 00:00 0 
7f05008b9000-7f05008e9000 rw-p 00000000 00:00 0 
7f05008e9000-7f0500a0f000 ---p 00000000 00:00 0 
7f0500a0f000-7f0500a7a000 rw-p 00000000 00:00 0 
7f0500a7a000-7f0500dd0000 ---p 00000000 00:00 0 
7f0500dd0000-7f0500dd8000 r-xp 00000000 ca:01 258346                     /usr/lib/jvm/java-8-openjdk-amd64/jre/lib/amd64/libzip.so
7f0500dd8000-7f0500fd7000 ---p 00008000 ca:01 258346                     /usr/lib/jvm/java-8-openjdk-amd64/jre/lib/amd64/libzip.so
7f0500fd7000-7f0500fd8000 r--p 00007000 ca:01 258346                     /usr/lib/jvm/java-8-openjdk-amd64/jre/lib/amd64/libzip.so
7f0500fd8000-7f0500fd9000 rw-p 00008000 ca:01 258346                     /usr/lib/jvm/java-8-openjdk-amd64/jre/lib/amd64/libzip.so
7f0500fd9000-7f0500fe4000 r-xp 00000000 ca:01 54885                      /lib/x86_64-linux-gnu/libnss_files-2.23.so
7f0500fe4000-7f05011e3000 ---p 0000b000 ca:01 54885                      /lib/x86_64-linux-gnu/libnss_files-2.23.so
7f05011e3000-7f05011e4000 r--p 0000a000 ca:01 54885                      /lib/x86_64-linux-gnu/libnss_files-2.23.so
7f05011e4000-7f05011e5000 rw-p 0000b000 ca:01 54885                      /lib/x86_64-linux-gnu/libnss_files-2.23.so
7f05011e5000-7f05011eb000 rw-p 00000000 00:00 0 
7f05011eb000-7f05011f6000 r-xp 00000000 ca:01 54889                      /lib/x86_64-linux-gnu/libnss_nis-2.23.so
7f05011f6000-7f05013f5000 ---p 0000b000 ca:01 54889                      /lib/x86_64-linux-gnu/libnss_nis-2.23.so
7f05013f5000-7f05013f6000 r--p 0000a000 ca:01 54889                      /lib/x86_64-linux-gnu/libnss_nis-2.23.so
7f05013f6000-7f05013f7000 rw-p 0000b000 ca:01 54889                      /lib/x86_64-linux-gnu/libnss_nis-2.23.so
7f05013f7000-7f050140d000 r-xp 00000000 ca:01 54875                      /lib/x86_64-linux-gnu/libnsl-2.23.so
7f050140d000-7f050160c000 ---p 00016000 ca:01 54875                      /lib/x86_64-linux-gnu/libnsl-2.23.so
7f050160c000-7f050160d000 r--p 00015000 ca:01 54875                      /lib/x86_64-linux-gnu/libnsl-2.23.so
7f050160d000-7f050160e000 rw-p 00016000 ca:01 54875                      /lib/x86_64-linux-gnu/libnsl-2.23.so
7f050160e000-7f0501610000 rw-p 00000000 00:00 0 
7f0501610000-7f0501618000 r-xp 00000000 ca:01 54887                      /lib/x86_64-linux-gnu/libnss_compat-2.23.so
7f0501618000-7f0501817000 ---p 00008000 ca:01 54887                      /lib/x86_64-linux-gnu/libnss_compat-2.23.so
7f0501817000-7f0501818000 r--p 00007000 ca:01 54887                      /lib/x86_64-linux-gnu/libnss_compat-2.23.so
7f0501818000-7f0501819000 rw-p 00008000 ca:01 54887                      /lib/x86_64-linux-gnu/libnss_compat-2.23.so
7f0501819000-7f0501842000 r-xp 00000000 ca:01 258342                     /usr/lib/jvm/java-8-openjdk-amd64/jre/lib/amd64/libjava.so
7f0501842000-7f0501a42000 ---p 00029000 ca:01 258342                     /usr/lib/jvm/java-8-openjdk-amd64/jre/lib/amd64/libjava.so
7f0501a42000-7f0501a43000 r--p 00029000 ca:01 258342                     /usr/lib/jvm/java-8-openjdk-amd64/jre/lib/amd64/libjava.so
7f0501a43000-7f0501a45000 rw-p 0002a000 ca:01 258342                     /usr/lib/jvm/java-8-openjdk-amd64/jre/lib/amd64/libjava.so
7f0501a45000-7f0501a54000 r-xp 00000000 ca:01 258338                     /usr/lib/jvm/java-8-openjdk-amd64/jre/lib/amd64/libverify.so
7f0501a54000-7f0501c53000 ---p 0000f000 ca:01 258338                     /usr/lib/jvm/java-8-openjdk-amd64/jre/lib/amd64/libverify.so
7f0501c53000-7f0501c55000 r--p 0000e000 ca:01 258338                     /usr/lib/jvm/java-8-openjdk-amd64/jre/lib/amd64/libverify.so
7f0501c55000-7f0501c56000 rw-p 00010000 ca:01 258338                     /usr/lib/jvm/java-8-openjdk-amd64/jre/lib/amd64/libverify.so
7f0501c56000-7f0501c5d000 r-xp 00000000 ca:01 54892                      /lib/x86_64-linux-gnu/librt-2.23.so
7f0501c5d000-7f0501e5c000 ---p 00007000 ca:01 54892                      /lib/x86_64-linux-gnu/librt-2.23.so
7f0501e5c000-7f0501e5d000 r--p 00006000 ca:01 54892                      /lib/x86_64-linux-gnu/librt-2.23.so
7f0501e5d000-7f0501e5e000 rw-p 00007000 ca:01 54892                      /lib/x86_64-linux-gnu/librt-2.23.so
7f0501e5e000-7f0501e74000 r-xp 00000000 ca:01 1975                       /lib/x86_64-linux-gnu/libgcc_s.so.1
7f0501e74000-7f0502073000 ---p 00016000 ca:01 1975                       /lib/x86_64-linux-gnu/libgcc_s.so.1
7f0502073000-7f0502074000 rw-p 00015000 ca:01 1975                       /lib/x86_64-linux-gnu/libgcc_s.so.1
7f0502074000-7f050217c000 r-xp 00000000 ca:01 54876                      /lib/x86_64-linux-gnu/libm-2.23.so
7f050217c000-7f050237b000 ---p 00108000 ca:01 54876                      /lib/x86_64-linux-gnu/libm-2.23.so
7f050237b000-7f050237c000 r--p 00107000 ca:01 54876                      /lib/x86_64-linux-gnu/libm-2.23.so
7f050237c000-7f050237d000 rw-p 00108000 ca:01 54876                      /lib/x86_64-linux-gnu/libm-2.23.so
7f050237d000-7f05024ef000 r-xp 00000000 ca:01 5316                       /usr/lib/x86_64-linux-gnu/libstdc++.so.6.0.21
7f05024ef000-7f05026ef000 ---p 00172000 ca:01 5316                       /usr/lib/x86_64-linux-gnu/libstdc++.so.6.0.21
7f05026ef000-7f05026f9000 r--p 00172000 ca:01 5316                       /usr/lib/x86_64-linux-gnu/libstdc++.so.6.0.21
7f05026f9000-7f05026fb000 rw-p 0017c000 ca:01 5316                       /usr/lib/x86_64-linux-gnu/libstdc++.so.6.0.21
7f05026fb000-7f05026ff000 rw-p 00000000 00:00 0 
7f05026ff000-7f050336a000 r-xp 00000000 ca:01 258344                     /usr/lib/jvm/java-8-openjdk-amd64/jre/lib/amd64/server/libjvm.so
7f050336a000-7f0503569000 ---p 00c6b000 ca:01 258344                     /usr/lib/jvm/java-8-openjdk-amd64/jre/lib/amd64/server/libjvm.so
7f0503569000-7f05035fe000 r--p 00c6a000 ca:01 258344                     /usr/lib/jvm/java-8-openjdk-amd64/jre/lib/amd64/server/libjvm.so
7f05035fe000-7f0503627000 rw-p 00cff000 ca:01 258344                     /usr/lib/jvm/java-8-openjdk-amd64/jre/lib/amd64/server/libjvm.so
7f0503627000-7f0503657000 rw-p 00000000 00:00 0 
7f0503657000-7f050366f000 r-xp 00000000 ca:01 54873                      /lib/x86_64-linux-gnu/libpthread-2.23.so
7f050366f000-7f050386e000 ---p 00018000 ca:01 54873                      /lib/x86_64-linux-gnu/libpthread-2.23.so
7f050386e000-7f050386f000 r--p 00017000 ca:01 54873                      /lib/x86_64-linux-gnu/libpthread-2.23.so
7f050386f000-7f0503870000 rw-p 00018000 ca:01 54873                      /lib/x86_64-linux-gnu/libpthread-2.23.so
7f0503870000-7f0503874000 rw-p 00000000 00:00 0 
7f0503874000-7f0503877000 r-xp 00000000 ca:01 54870                      /lib/x86_64-linux-gnu/libdl-2.23.so
7f0503877000-7f0503a76000 ---p 00003000 ca:01 54870                      /lib/x86_64-linux-gnu/libdl-2.23.so
7f0503a76000-7f0503a77000 r--p 00002000 ca:01 54870                      /lib/x86_64-linux-gnu/libdl-2.23.so
7f0503a77000-7f0503a78000 rw-p 00003000 ca:01 54870                      /lib/x86_64-linux-gnu/libdl-2.23.so
7f0503a78000-7f0503a91000 r-xp 00000000 ca:01 1981                       /lib/x86_64-linux-gnu/libz.so.1.2.8
7f0503a91000-7f0503c90000 ---p 00019000 ca:01 1981                       /lib/x86_64-linux-gnu/libz.so.1.2.8
7f0503c90000-7f0503c91000 r--p 00018000 ca:01 1981                       /lib/x86_64-linux-gnu/libz.so.1.2.8
7f0503c91000-7f0503c92000 rw-p 00019000 ca:01 1981                       /lib/x86_64-linux-gnu/libz.so.1.2.8
7f0503c92000-7f0503e52000 r-xp 00000000 ca:01 54872                      /lib/x86_64-linux-gnu/libc-2.23.so
7f0503e52000-7f0504052000 ---p 001c0000 ca:01 54872                      /lib/x86_64-linux-gnu/libc-2.23.so
7f0504052000-7f0504056000 r--p 001c0000 ca:01 54872                      /lib/x86_64-linux-gnu/libc-2.23.so
7f0504056000-7f0504058000 rw-p 001c4000 ca:01 54872                      /lib/x86_64-linux-gnu/libc-2.23.so
7f0504058000-7f050405c000 rw-p 00000000 00:00 0 
7f050405c000-7f050406a000 r-xp 00000000 ca:01 258317                     /usr/lib/jvm/java-8-openjdk-amd64/jre/lib/amd64/jli/libjli.so
7f050406a000-7f0504269000 ---p 0000e000 ca:01 258317                     /usr/lib/jvm/java-8-openjdk-amd64/jre/lib/amd64/jli/libjli.so
7f0504269000-7f050426a000 r--p 0000d000 ca:01 258317                     /usr/lib/jvm/java-8-openjdk-amd64/jre/lib/amd64/jli/libjli.so
7f050426a000-7f050426b000 rw-p 0000e000 ca:01 258317                     /usr/lib/jvm/java-8-openjdk-amd64/jre/lib/amd64/jli/libjli.so
7f050426b000-7f0504291000 r-xp 00000000 ca:01 54883                      /lib/x86_64-linux-gnu/ld-2.23.so
7f0504291000-7f0504292000 r--s 00009000 ca:01 261534                     /home/ubuntu/spark-2.1.1-bin-hadoop2.7/jars/hadoop-annotations-2.7.3.jar
7f0504292000-7f0504295000 r--s 0000f000 ca:01 258376                     /usr/lib/jvm/java-8-openjdk-amd64/jre/lib/ext/icedtea-sound.jar
7f0504295000-7f0504299000 r--s 0003a000 ca:01 258378                     /usr/lib/jvm/java-8-openjdk-amd64/jre/lib/ext/sunpkcs11.jar
7f0504299000-7f050429f000 r--s 0003d000 ca:01 258379                     /usr/lib/jvm/java-8-openjdk-amd64/jre/lib/ext/sunjce_provider.jar
7f050429f000-7f05042a9000 r--s 00117000 ca:01 258380                     /usr/lib/jvm/java-8-openjdk-amd64/jre/lib/ext/localedata.jar
7f05042a9000-7f050437a000 rw-p 00000000 00:00 0 
7f050437a000-7f0504382000 rw-s 00000000 ca:01 17222                      /tmp/hsperfdata_ubuntu/9327
7f0504382000-7f0504385000 ---p 00000000 00:00 0 
7f0504385000-7f0504487000 rw-p 00000000 00:00 0 
7f0504487000-7f0504488000 r--s 00003000 ca:01 261827                     /home/ubuntu/spark-2.1.1-bin-hadoop2.7/jars/metrics-json-3.1.2.jar
7f0504488000-7f0504489000 r--s 00010000 ca:01 258374                     /usr/lib/jvm/java-8-openjdk-amd64/jre/lib/ext/zipfs.jar
7f0504489000-7f050448a000 r--s 0000a000 ca:01 258375                     /usr/lib/jvm/java-8-openjdk-amd64/jre/lib/ext/jaccess.jar
7f050448a000-7f050448c000 r--s 00001000 ca:01 258382                     /usr/lib/jvm/java-8-openjdk-amd64/jre/lib/ext/dnsns.jar
7f050448c000-7f050448d000 r--s 0000d000 ca:01 258373                     /usr/lib/jvm/java-8-openjdk-amd64/jre/lib/ext/sunec.jar
7f050448d000-7f050448e000 rw-p 00000000 00:00 0 
7f050448e000-7f050448f000 ---p 00000000 00:00 0 
7f050448f000-7f0504490000 rw-p 00000000 00:00 0 
7f0504490000-7f0504491000 r--p 00025000 ca:01 54883                      /lib/x86_64-linux-gnu/ld-2.23.so
7f0504491000-7f0504492000 rw-p 00026000 ca:01 54883                      /lib/x86_64-linux-gnu/ld-2.23.so
7f0504492000-7f0504493000 rw-p 00000000 00:00 0 
7ffd3d75e000-7ffd3d77f000 rw-p 00000000 00:00 0                          [stack]
7ffd3d7cf000-7ffd3d7d1000 r--p 00000000 00:00 0                          [vvar]
7ffd3d7d1000-7ffd3d7d3000 r-xp 00000000 00:00 0                          [vdso]
ffffffffff600000-ffffffffff601000 r-xp 00000000 00:00 0                  [vsyscall]

VM Arguments:
jvm_args: -Xmx1g 
java_command: org.apache.spark.deploy.SparkSubmit --conf spark.app.name=BDAS pyspark-shell
java_class_path (initial): /home/ubuntu/spark-2.1.1-bin-hadoop2.7/conf/:/home/ubuntu/spark-2.1.1-bin-hadoop2.7/jars/libthrift-0.9.3.jar:/home/ubuntu/spark-2.1.1-bin-hadoop2.7/jars/curator-client-2.6.0.jar:/home/ubuntu/spark-2.1.1-bin-hadoop2.7/jars/hk2-api-2.4.0-b34.jar:/home/ubuntu/spark-2.1.1-bin-hadoop2.7/jars/metrics-json-3.1.2.jar:/home/ubuntu/spark-2.1.1-bin-hadoop2.7/jars/metrics-graphite-3.1.2.jar:/home/ubuntu/spark-2.1.1-bin-hadoop2.7/jars/spire_2.11-0.7.4.jar:/home/ubuntu/spark-2.1.1-bin-hadoop2.7/jars/commons-pool-1.5.4.jar:/home/ubuntu/spark-2.1.1-bin-hadoop2.7/jars/netty-all-4.0.42.Final.jar:/home/ubuntu/spark-2.1.1-bin-hadoop2.7/jars/commons-dbcp-1.4.jar:/home/ubuntu/spark-2.1.1-bin-hadoop2.7/jars/xbean-asm5-shaded-4.4.jar:/home/ubuntu/spark-2.1.1-bin-hadoop2.7/jars/xercesImpl-2.9.1.jar:/home/ubuntu/spark-2.1.1-bin-hadoop2.7/jars/hadoop-annotations-2.7.3.jar:/home/ubuntu/spark-2.1.1-bin-hadoop2.7/jars/javassist-3.18.1-GA.jar:/home/ubuntu/spark-2.1.1-bin-hadoop2.7/jars/jersey-container-servlet-2.22.2.jar:/home/ubuntu/spark-2.1.1-bin-hadoop2.7/jars/base64-2.3.8.jar:/home/ubuntu/spark-2.1.1-bin-hadoop2.7/jars/scalap-2.11.8.jar:/home/ubuntu/spark-2.1.1-bin-hadoop2.7/jars/super-csv-2.2.0.jar:/home/ubuntu/spark-2.1.1-bin-hadoop2.7/jars/jul-to-slf4j-1.7.16.jar:/home/ubuntu/spark-2.1.1-bin-hadoop2.7/jars/hadoop-mapreduce-client-shuffle-2.7.3.jar:/home/ubuntu/spark-2.1.1-bin-hadoop2.7/jars/libfb303-0.9.3.jar:/home/ubuntu/spark-2.1.1-bin-hadoop2.7/jars/jdo-api-3.0.1.jar:/home/ubuntu/spark-2.1.1-bin-hadoop2.7/jars/jersey-guava-2.22.2.jar:/home/ubuntu/spark-2.1.1-bin-hadoop2.7/jars/arpack_combined_all-0.1.jar:/home/ubuntu/spark-2.1.1-bin-hadoop2.7/jars/scala-parser-combinators_2.11-1.0.4.jar:/home/ubuntu/spark-2.1.1-bin-hadoop2.7/jars/chill_2.11-0.8.0.jar:/home/ubuntu/spark-2.1.1-bin-hadoop2.7/jars/javax.annotation-api-1.2.jar:/home/ubuntu/spark-2.1.1-bin-hadoop2.7/jars/joda-time-2.9.3.jar:/home/ubuntu/spark-2.1.1-bin-hadoop2.7/jars/antlr-runtime-3.4.jar:/home/u
Launcher Type: SUN_STANDARD

Environment Variables:
PATH=/home/ubuntu/.local/bin:/home/ubuntu/bin:/home/ubuntu/.local/bin:/usr/local/sbin:/usr/local/bin:/usr/sbin:/usr/bin:/sbin:/bin:/usr/games:/usr/local/games:/snap/bin
SHELL=/bin/bash

Signal Handlers:
SIGSEGV: [libjvm.so+0xa791d0], sa_mask[0]=11111111011111111101111111111110, sa_flags=SA_RESTART|SA_SIGINFO
SIGBUS: [libjvm.so+0xa791d0], sa_mask[0]=11111111011111111101111111111110, sa_flags=SA_RESTART|SA_SIGINFO
SIGFPE: [libjvm.so+0x8bd050], sa_mask[0]=11111111011111111101111111111110, sa_flags=SA_RESTART|SA_SIGINFO
SIGPIPE: [libjvm.so+0x8bd050], sa_mask[0]=11111111011111111101111111111110, sa_flags=SA_RESTART|SA_SIGINFO
SIGXFSZ: [libjvm.so+0x8bd050], sa_mask[0]=11111111011111111101111111111110, sa_flags=SA_RESTART|SA_SIGINFO
SIGILL: [libjvm.so+0x8bd050], sa_mask[0]=11111111011111111101111111111110, sa_flags=SA_RESTART|SA_SIGINFO
SIGUSR1: SIG_DFL, sa_mask[0]=00000000000000000000000000000000, sa_flags=none
SIGUSR2: [libjvm.so+0x8bcf00], sa_mask[0]=00000000000000000000000000000000, sa_flags=SA_RESTART|SA_SIGINFO
SIGHUP: [libjvm.so+0x8bd590], sa_mask[0]=11111111011111111101111111111110, sa_flags=SA_RESTART|SA_SIGINFO
SIGINT: SIG_IGN, sa_mask[0]=00000000000000000000000000000000, sa_flags=none
SIGTERM: [libjvm.so+0x8bd590], sa_mask[0]=11111111011111111101111111111110, sa_flags=SA_RESTART|SA_SIGINFO
SIGQUIT: [libjvm.so+0x8bd590], sa_mask[0]=11111111011111111101111111111110, sa_flags=SA_RESTART|SA_SIGINFO


---------------  S Y S T E M  ---------------

OS:DISTRIB_ID=Ubuntu
DISTRIB_RELEASE=16.04
DISTRIB_CODENAME=xenial
DISTRIB_DESCRIPTION="Ubuntu 16.04.4 LTS"

uname:Linux 4.4.0-1117-aws #131-Ubuntu SMP Tue Oct 6 20:45:33 UTC 2020 x86_64
libc:glibc 2.23 NPTL 2.23 
rlimit: STACK 8192k, CORE 0k, NPROC 3900, NOFILE 1048576, AS infinity
load average:0.29 0.10 0.03

/proc/meminfo:
MemTotal:        1014400 kB
MemFree:           62408 kB
MemAvailable:          0 kB
Buffers:             152 kB
Cached:            14256 kB
SwapCached:            0 kB
Active:           884048 kB
Inactive:          11240 kB
Active(anon):     883696 kB
Inactive(anon):    10304 kB
Active(file):        352 kB
Inactive(file):      936 kB
Unevictable:        3652 kB
Mlocked:            3652 kB
SwapTotal:             0 kB
SwapFree:              0 kB
Dirty:                92 kB
Writeback:             0 kB
AnonPages:        884572 kB
Mapped:             3240 kB
Shmem:             10656 kB
Slab:              30048 kB
SReclaimable:      13568 kB
SUnreclaim:        16480 kB
KernelStack:        4480 kB
PageTables:         6292 kB
NFS_Unstable:          0 kB
Bounce:                0 kB
WritebackTmp:          0 kB
CommitLimit:      507200 kB
Committed_AS:    1355888 kB
VmallocTotal:   34359738367 kB
VmallocUsed:           0 kB
VmallocChunk:          0 kB
HardwareCorrupted:     0 kB
AnonHugePages:         0 kB
CmaTotal:              0 kB
CmaFree:               0 kB
HugePages_Total:       0
HugePages_Free:        0
HugePages_Rsvd:        0
HugePages_Surp:        0
Hugepagesize:       2048 kB
DirectMap4k:       45056 kB
DirectMap2M:     1003520 kB

container (cgroup) information:
container_type: cgroupv1
cpu_cpuset_cpus: 0
cpu_memory_nodes: 0
active_processor_count: 1
cpu_quota: -1
cpu_period: 100000
cpu_shares: -1
memory_limit_in_bytes: -1
memory_and_swap_limit_in_bytes: -2
memory_soft_limit_in_bytes: -1
memory_usage_in_bytes: 894738432
memory_max_usage_in_bytes: 896712704


CPU:total 1 (initial active 1) (1 cores per cpu, 1 threads per core) family 6 model 63 stepping 2, cmov, cx8, fxsr, mmx, sse, sse2, sse3, ssse3, sse4.1, sse4.2, popcnt, avx, avx2, aes, clmul, erms, lzcnt, tsc, bmi1, bmi2

/proc/cpuinfo:
processor	: 0
vendor_id	: GenuineIntel
cpu family	: 6
model		: 63
model name	: Intel(R) Xeon(R) CPU E5-2676 v3 @ 2.40GHz
stepping	: 2
microcode	: 0x43
cpu MHz		: 2400.026
cache size	: 30720 KB
physical id	: 0
siblings	: 1
core id		: 0
cpu cores	: 1
apicid		: 0
initial apicid	: 0
fpu		: yes
fpu_exception	: yes
cpuid level	: 13
wp		: yes
flags		: fpu vme de pse tsc msr pae mce cx8 apic sep mtrr pge mca cmov pat pse36 clflush mmx fxsr sse sse2 ht syscall nx rdtscp lm constant_tsc rep_good nopl xtopology pni pclmulqdq ssse3 fma cx16 pcid sse4_1 sse4_2 x2apic movbe popcnt tsc_deadline_timer aes xsave avx f16c rdrand hypervisor lahf_lm abm invpcid_single kaiser fsgsbase bmi1 avx2 smep bmi2 erms invpcid xsaveopt
bugs		: cpu_meltdown spectre_v1 spectre_v2 spec_store_bypass l1tf mds swapgs itlb_multihit
bogomips	: 4800.05
clflush size	: 64
cache_alignment	: 64
address sizes	: 46 bits physical, 48 bits virtual
power management:



Memory: 4k page, physical 1014400k(61540k free), swap 0k(0k free)

vm_info: OpenJDK 64-Bit Server VM (25.265-b01) for linux-amd64 JRE (1.8.0_265-8u265-b01-0ubuntu2~16.04-b01), built on Aug  3 2020 01:38:05 by "buildd" with gcc 5.4.0 20160609

time: Mon Oct 19 05:54:24 2020
timezone: UTC
elapsed time: 1767 seconds (0d 0h 29m 27s)

